19:21:45 - ERR - ExecuteNonQuery - (TypeError('not all arguments converted during string formatting'),)
19:24:47 - ERR - ExecuteNonQuery - (TypeError('not all arguments converted during string formatting'),)
19:37:57 - ERR - post - (<BadRequest '400: Bad Request'>,)
19:38:38 - ERR - post - (<BadRequest '400: Bad Request'>,)
19:38:46 - ERR - post - (<BadRequest '400: Bad Request'>,)
19:44:48 - ERR - post - ("Error al validar el request -> {'estudiante_id': ['Not a valid string.'], 'seguido_id': ['Not a valid string.']}",)
20:03:48 - ERR - post - ("Error al validar el request -> {'estudiante_id': ['Not a valid string.']}",)
20:03:48 - ERR - post - ("Error al validar el request -> {'estudiante_id': ['Not a valid string.']}",)
20:04:41 - ERR - post - ("Error al validar el request -> {'estudiante_id': ['Not a valid string.']}",)
20:04:41 - ERR - post - ("Error al validar el request -> {'estudiante_id': ['Not a valid string.']}",)
20:05:36 - ERR - post - ("Error al validar el request -> {'estudiante_id': ['Not a valid string.']}",)
20:07:29 - ERR - post - ("Error al validar el request -> {'estudiante_id': ['Not a valid string.']}",)
20:07:29 - ERR - post - ("Error al validar el request -> {'estudiante_id': ['Not a valid string.']}",)
20:09:34 - ERR - post - ("Error al validar el request -> {'estudiante_id': ['Not a valid string.']}",)
20:11:34 - ERR - post - ("Error al validar el request -> {'estudiante_id': ['Not a valid string.']}",)
20:11:34 - ERR - post - ("Error al validar el request -> {'estudiante_id': ['Not a valid string.']}",)
20:11:51 - ERR - post - ("Error al validar el request -> {'estudiante_id': ['Not a valid string.']}",)
20:12:45 - ERR - post - ("Error al validar el request -> {'estudiante_id': ['Not a valid string.']}",)
20:12:46 - ERR - post - ("Error al validar el request -> {'estudiante_id': ['Not a valid string.']}",)
20:15:05 - ERR - post - ("Error al validar el request -> {'estudiante_id': ['Not a valid string.']}",)
20:15:05 - ERR - post - ("Error al validar el request -> {'estudiante_id': ['Not a valid string.']}",)
19:19:21 - ERR - post - ("Error al validar el request -> {'estudiante_id': ['Not a valid string.']}",)
19:19:21 - ERR - post - ("Error al validar el request -> {'estudiante_id': ['Not a valid string.']}",)
19:19:37 - ERR - post - ("Error al validar el request -> {'estudiante_id': ['Not a valid string.']}",)
19:19:37 - ERR - post - ("Error al validar el request -> {'estudiante_id': ['Not a valid string.']}",)
19:20:45 - ERR - post - ("Error al validar el request -> {'estudiante_id': ['Not a valid string.']}",)
19:20:45 - ERR - post - ("Error al validar el request -> {'estudiante_id': ['Not a valid string.']}",)
19:23:18 - ERR - post - (TypeError("unhashable type: 'dict'"),)
19:24:30 - ERR - post - ("Error al validar el request -> {'estudiante_id': ['Not a valid string.']}",)
19:24:57 - ERR - post - ("Error al validar el request -> {'estudiante_id': ['Not a valid string.']}",)
19:24:57 - ERR - post - ("Error al validar el request -> {'estudiante_id': ['Not a valid string.']}",)
19:25:26 - ERR - post - ("Error al validar el request -> {'estudiante_id': ['Not a valid string.']}",)
19:25:37 - ERR - post - ("Error al validar el request -> {'estudiante_id': ['Not a valid string.']}",)
19:25:37 - ERR - post - ("Error al validar el request -> {'estudiante_id': ['Not a valid string.']}",)
19:25:50 - ERR - post - ("Error al validar el request -> {'estudiante_id': ['Not a valid string.']}",)
19:26:15 - ERR - post - ("Error al validar el request -> {'estudiante_id': ['Not a valid string.']}",)
19:26:15 - ERR - post - ("Error al validar el request -> {'estudiante_id': ['Not a valid string.']}",)
19:29:20 - ERR - post - ("Error al validar el request -> {'estudiante_id': ['Not a valid string.']}",)
19:29:20 - ERR - post - ("Error al validar el request -> {'estudiante_id': ['Not a valid string.']}",)
19:36:47 - ERR - post - ("Error al validar el request -> {'estudiante_id': ['Not a valid string.']}",)
19:36:47 - ERR - post - ("Error al validar el request -> {'estudiante_id': ['Not a valid string.']}",)
19:40:18 - ERR - post - ("Error al validar el request -> {'seguido_id': ['Missing data for required field.'], 'estudiante_id': ['Not a valid string.'], 'id': ['Unknown field.']}",)
19:40:37 - ERR - post - ("Error al validar el request -> {'seguido_id': ['Missing data for required field.'], 'estudiante_id': ['Not a valid string.'], 'id': ['Unknown field.']}",)
19:41:46 - ERR - post - ("Error al validar el request -> {'seguido_id': ['Missing data for required field.'], 'estudiante_id': ['Not a valid string.'], 'id': ['Unknown field.']}",)
19:44:12 - ERR - post - ("Error al validar el request -> {'estudiante_id': ['Not a valid string.']}",)
19:44:47 - ERR - post - ("Error al validar el request -> {'estudiante_id': ['Not a valid string.']}",)
19:44:47 - ERR - post - ("Error al validar el request -> {'estudiante_id': ['Not a valid string.']}",)
19:46:50 - ERR - getRecords - (InvalidTextRepresentation("la sintaxis de entrada no es válida para tipo integer: «[object Undefined]»\nLINE 1: ...FROM dbproyecto.amigo WHERE amigo.estudiante_id = '[object U...\n                                                             ^\n"),)
19:46:57 - ERR - getRecords - (InvalidTextRepresentation("la sintaxis de entrada no es válida para tipo integer: «[object Undefined]»\nLINE 1: ...FROM dbproyecto.amigo WHERE amigo.estudiante_id = '[object U...\n                                                             ^\n"),)
19:46:57 - ERR - getRecords - (InvalidTextRepresentation("la sintaxis de entrada no es válida para tipo integer: «[object Undefined]»\nLINE 1: ...FROM dbproyecto.amigo WHERE amigo.estudiante_id = '[object U...\n                                                             ^\n"),)
19:48:06 - ERR - post - ("Error al validar el request -> {'estudiante_id': ['Not a valid string.']}",)
19:48:15 - ERR - post - ("Error al validar el request -> {'estudiante_id': ['Not a valid string.']}",)
19:48:15 - ERR - post - ("Error al validar el request -> {'estudiante_id': ['Not a valid string.']}",)
20:04:52 - ERR - put - (KeyError('contrasenia'),)
19:44:20 - ERR - post - (<BadRequest '400: Bad Request'>,)
19:46:37 - ERR - post - (<BadRequest '400: Bad Request'>,)
19:57:10 - ERR - ExecuteNonQuery - (SyntaxError("error de sintaxis en o cerca de «WHERE»\nLINE 1: ...lhost:3000/2f3758a1-8c0f-4582-8b86-58450a4f249b') WHERE estu...\n                                                             ^\n"),)
19:58:41 - ERR - ExecuteNonQuery - (SyntaxError("error de sintaxis en o cerca de «WHERE»\nLINE 1: ...lhost:3000/0ead69f9-3b4a-4783-8a5d-dd54880ff7f3') WHERE estu...\n                                                             ^\n"),)
20:05:24 - ERR - ExecuteNonQuery - (SyntaxError("error de sintaxis en o cerca de «WHERE»\nLINE 1: ...lhost:3000/dacc6d4f-5ba3-4c0b-b9bc-966897066fb3') WHERE estu...\n                                                             ^\n"),)
20:10:11 - ERR - ExecuteNonQuery - (SyntaxError("error de sintaxis en o cerca de «WHERE»\nLINE 1: ...lhost:3000/a43ac597-1819-4833-aa95-73cf3dcc48b5') WHERE estu...\n                                                             ^\n"),)
19:15:31 - ERR - ExecuteNonQuery - (SyntaxError("error de sintaxis en o cerca de «WHERE»\nLINE 1: ...lhost:3000/5c6559fb-4cd7-43e2-9ece-27d58d454995') WHERE estu...\n                                                             ^\n"),)
