15:08:24 - ERR - getRecords - (SyntaxError('error de sintaxis en o cerca de «COUNT»\nLINE 1: SELECT * COUNT(*) AS reaccion\n                 ^\n'),)
15:08:28 - ERR - getRecords - (SyntaxError('error de sintaxis en o cerca de «COUNT»\nLINE 1: SELECT * COUNT(*) AS reaccion\n                 ^\n'),)
15:12:52 - ERR - getRecords - (SyntaxError('error de sintaxis en o cerca de «COUNT»\nLINE 1: SELECT * COUNT(*) AS reaccion\n                 ^\n'),)
15:13:36 - ERR - getRecords - (SyntaxError('error de sintaxis en o cerca de «COUNT»\nLINE 1: SELECT * COUNT(*) AS total_reacciones FROM dbproyecto.reacci...\n                 ^\n'),)
15:32:32 - ERR - post - ("Error al validar el request -> {'publicacion_id': ['Not a valid string.'], 'estudiante_id': ['Not a valid string.']}",)
15:33:09 - ERR - post - ("Error al validar el request -> {'publicacion_id': ['Not a valid string.'], 'estudiante_id': ['Not a valid string.']}",)
14:38:14 - ERR - getRecords - (UndefinedTable('falta una entrada para la tabla «r» en la cláusula FROM\nLINE 3: ...        p.fecha, p.hora, p.estado, COALESCE(COUNT(r.publicac...\n                                                             ^\n'),)
14:41:24 - ERR - post - ("Error al validar el request -> {'estudiante_id': ['Not a valid string.'], 'publicacion_id': ['Not a valid string.']}",)
14:41:26 - ERR - post - ("Error al validar el request -> {'estudiante_id': ['Not a valid string.'], 'publicacion_id': ['Not a valid string.']}",)
14:47:38 - ERR - post - ("Error al validar el request -> {'publicacion_id': ['Not a valid string.'], 'estudiante_id': ['Not a valid string.']}",)
15:14:38 - ERR - getRecords - (UndefinedTable('falta una entrada para la tabla «r» en la cláusula FROM\nLINE 3:             COALESCE(COUNT(r.publicacion_id), 0) AS total_re...\n                                   ^\n'),)
15:14:38 - ERR - getRecords - (UndefinedTable('falta una entrada para la tabla «r» en la cláusula FROM\nLINE 3:             COALESCE(COUNT(r.publicacion_id), 0) AS total_re...\n                                   ^\n'),)
15:15:40 - ERR - getRecords - (UndefinedTable('falta una entrada para la tabla «r» en la cláusula FROM\nLINE 3:             COALESCE(COUNT(r.publicacion_id), 0) AS total_re...\n                                   ^\n'),)
15:18:14 - ERR - getRecords - (UndefinedTable('falta una entrada para la tabla «r» en la cláusula FROM\nLINE 3:             COALESCE(COUNT(r.publicacion_id), 0) AS total_re...\n                                   ^\n'),)
15:20:52 - ERR - getRecords - (UndefinedTable('falta una entrada para la tabla «r» en la cláusula FROM\nLINE 3:             COALESCE(COUNT(r.publicacion_id), 0) AS total_re...\n                                   ^\n'),)
15:27:05 - ERR - getAllnoAmigos - (KeyError('correo'),)
15:27:05 - ERR - get - (AttributeError("'NoneType' object has no attribute '__len__'"),)
15:27:06 - ERR - getAllnoAmigos - (KeyError('correo'),)
15:27:06 - ERR - get - (AttributeError("'NoneType' object has no attribute '__len__'"),)
15:28:12 - ERR - getAllnoAmigos - (KeyError('correo'),)
15:28:12 - ERR - get - (AttributeError("'NoneType' object has no attribute '__len__'"),)
15:28:12 - ERR - getAllnoAmigos - (KeyError('correo'),)
15:28:12 - ERR - get - (AttributeError("'NoneType' object has no attribute '__len__'"),)
14:50:01 - ERR - getRecords - (TypeError('not all arguments converted during string formatting'),)
14:51:04 - ERR - getRecords - (TypeError('not all arguments converted during string formatting'),)
15:28:02 - ERR - post - ("Error al validar el request -> {'estudiante_nombres': ['Missing data for required field.']}",)
15:28:25 - ERR - post - ("Error al validar el request -> {'estudiante_nombres': ['Missing data for required field.']}",)
15:31:52 - ERR - post - ("Error al validar el request -> {'estudiante_nombres': ['Missing data for required field.']}",)
15:31:53 - ERR - post - ("Error al validar el request -> {'estudiante_nombres': ['Missing data for required field.']}",)
15:31:54 - ERR - post - ("Error al validar el request -> {'estudiante_nombres': ['Missing data for required field.']}",)
15:31:54 - ERR - post - ("Error al validar el request -> {'estudiante_nombres': ['Missing data for required field.']}",)
15:31:54 - ERR - post - ("Error al validar el request -> {'estudiante_nombres': ['Missing data for required field.']}",)
