10:53:37 - ERR - get - (TypeError('verPublicacionUsuarioComponent.getPublicacionUsuario() takes 0 positional arguments but 1 was given'),)
10:54:13 - ERR - get - (TypeError('verPublicacionUsuarioComponent.getPublicacionUsuario() takes 0 positional arguments but 1 was given'),)
10:54:14 - ERR - get - (TypeError('verPublicacionUsuarioComponent.getPublicacionUsuario() takes 0 positional arguments but 1 was given'),)
10:59:21 - ERR - getRecords - (SyntaxError('error de sintaxis en o cerca de «WHERE»\nLINE 4:             ON p.estudiante_id = e.estudiante_id; WHERE e.es...\n                                                          ^\n'),)
10:59:51 - ERR - getRecords - (SyntaxError('error de sintaxis en o cerca de «%»\nLINE 4: ....estudiante_id = e.estudiante_id WHERE e.estudiante_id = %s;\n                                                                    ^\n'),)
11:00:14 - ERR - getRecords - (SyntaxError('error de sintaxis en o cerca de «%»\nLINE 4: ... p.estudiante_id = e.estudiante_id WHERE estudiante_id = %s;\n                                                                    ^\n'),)
11:00:46 - ERR - getRecords - (SyntaxError('error de sintaxis en o cerca de «%»\nLINE 4: ....estudiante_id = e.estudiante_id WHERE e.estudiante_id = %s;\n                                                                    ^\n'),)
11:22:50 - ERR - getRecords - (SyntaxError('error de sintaxis en o cerca de «FROM»\nLINE 3:             FROM    dbproyecto.publicacion p JOIN  dbproyect...\n                    ^\n'),)
11:34:17 - ERR - getRecords - (SyntaxError('error de sintaxis en o cerca de «FROM»\nLINE 3:             FROM    dbproyecto.publicacion p JOIN  dbproyect...\n                    ^\n'),)
11:34:18 - ERR - getRecords - (SyntaxError('error de sintaxis en o cerca de «FROM»\nLINE 3:             FROM    dbproyecto.publicacion p JOIN  dbproyect...\n                    ^\n'),)
11:41:51 - ERR - getRecords - (SyntaxError('error de sintaxis en o cerca de «FROM»\nLINE 3:             FROM    dbproyecto.publicacion p JOIN  dbproyect...\n                    ^\n'),)
11:41:51 - ERR - getRecords - (SyntaxError('error de sintaxis en o cerca de «FROM»\nLINE 3:             FROM    dbproyecto.publicacion p JOIN  dbproyect...\n                    ^\n'),)
11:42:23 - ERR - getRecords - (SyntaxError('error de sintaxis en o cerca de «FROM»\nLINE 3:             FROM    dbproyecto.publicacion p JOIN  dbproyect...\n                    ^\n'),)
11:42:23 - ERR - getRecords - (SyntaxError('error de sintaxis en o cerca de «FROM»\nLINE 3:             FROM    dbproyecto.publicacion p JOIN  dbproyect...\n                    ^\n'),)
11:42:40 - ERR - getRecords - (SyntaxError('error de sintaxis en o cerca de «FROM»\nLINE 3:             FROM    dbproyecto.publicacion p JOIN  dbproyect...\n                    ^\n'),)
11:42:41 - ERR - getRecords - (SyntaxError('error de sintaxis en o cerca de «FROM»\nLINE 3:             FROM    dbproyecto.publicacion p JOIN  dbproyect...\n                    ^\n'),)
11:44:25 - ERR - getRecords - (SyntaxError('error de sintaxis en o cerca de «FROM»\nLINE 3:             FROM    dbproyecto.publicacion p JOIN  dbproyect...\n                    ^\n'),)
11:44:25 - ERR - getRecords - (SyntaxError('error de sintaxis en o cerca de «FROM»\nLINE 3:             FROM    dbproyecto.publicacion p JOIN  dbproyect...\n                    ^\n'),)
11:45:11 - ERR - getRecords - (SyntaxError('error de sintaxis en o cerca de «FROM»\nLINE 3:             FROM    dbproyecto.publicacion p JOIN  dbproyect...\n                    ^\n'),)
11:45:11 - ERR - getRecords - (SyntaxError('error de sintaxis en o cerca de «FROM»\nLINE 3:             FROM    dbproyecto.publicacion p JOIN  dbproyect...\n                    ^\n'),)
11:46:25 - ERR - getRecords - (SyntaxError('error de sintaxis en o cerca de «FROM»\nLINE 3:             FROM    dbproyecto.publicacion p JOIN  dbproyect...\n                    ^\n'),)
11:46:25 - ERR - getRecords - (SyntaxError('error de sintaxis en o cerca de «FROM»\nLINE 3:             FROM    dbproyecto.publicacion p JOIN  dbproyect...\n                    ^\n'),)
11:47:07 - ERR - getRecords - (SyntaxError('error de sintaxis en o cerca de «FROM»\nLINE 3:             FROM    dbproyecto.publicacion p JOIN  dbproyect...\n                    ^\n'),)
11:47:07 - ERR - getRecords - (SyntaxError('error de sintaxis en o cerca de «FROM»\nLINE 3:             FROM    dbproyecto.publicacion p JOIN  dbproyect...\n                    ^\n'),)
11:53:27 - ERR - getRecords - (IndexError('tuple index out of range'),)
11:53:28 - ERR - getRecords - (IndexError('tuple index out of range'),)
15:03:51 - ERR - getRecords - (TypeError('not all arguments converted during string formatting'),)
14:55:19 - ERR - post - (<BadRequest '400: Bad Request'>,)
14:56:11 - ERR - post - (<BadRequest '400: Bad Request'>,)
14:57:23 - ERR - post - (<BadRequest '400: Bad Request'>,)
14:57:24 - ERR - post - (<BadRequest '400: Bad Request'>,)
14:59:22 - ERR - post - (<BadRequest '400: Bad Request'>,)
15:15:05 - ERR - getRecords - (SyntaxError('error de sintaxis en o cerca de «FROM»\nLINE 2:                 FROM dbproyecto.reaccion\n                        ^\n'),)
14:58:22 - ERR - getRecords - (ProgrammingError('no results to fetch'),)
14:58:41 - ERR - getRecords - (ProgrammingError('no results to fetch'),)
14:59:47 - ERR - getRecords - (ProgrammingError('no results to fetch'),)
15:00:47 - ERR - getRecords - (ProgrammingError('no results to fetch'),)
15:12:30 - ERR - getRecords - (ProgrammingError('no results to fetch'),)
15:15:22 - ERR - getRecords - (ProgrammingError('no results to fetch'),)
