00:11:30 - ERR - ExecuteNonQuery - (UndefinedColumn("no existe la columna «dbproyecto» en la relación «estudiante»\nLINE 1: Update dbproyecto.estudiante set dbproyecto.contrasenia = 'e...\n                                         ^\n"),)
00:12:33 - ERR - ExecuteNonQuery - (UndefinedColumn("no existe la columna «estudiante» en la relación «estudiante»\nLINE 1: Update dbproyecto.estudiante set estudiante.contrasenia = 'e...\n                                         ^\n"),)
00:13:43 - ERR - ExecuteNonQuery - (UndefinedColumn("no existe la columna «estudiante» en la relación «estudiante»\nLINE 1: Update dbproyecto.estudiante set estudiante.contrasenia = 'm...\n                                         ^\n"),)
00:32:12 - ERR - post - (<BadRequest '400: Bad Request'>,)
00:45:02 - ERR - put - (AttributeError("'ImmutableMultiDict' object has no attribute 'put'"),)
03:14:33 - ERR - getRecords - (TypeError('not all arguments converted during string formatting'),)
03:19:15 - ERR - getRecords - (TypeError('not all arguments converted during string formatting'),)
03:19:51 - ERR - getRecords - (TypeError('not all arguments converted during string formatting'),)
03:20:26 - ERR - getRecords - (TypeError('not all arguments converted during string formatting'),)
03:23:23 - ERR - getRecords - (TypeError('not all arguments converted during string formatting'),)
03:27:46 - ERR - getRecords - (TypeError('not all arguments converted during string formatting'),)
03:28:06 - ERR - getRecords - (TypeError('not all arguments converted during string formatting'),)
03:29:47 - ERR - getRecords - (TypeError('not all arguments converted during string formatting'),)
03:30:08 - ERR - getRecords - (TypeError('not all arguments converted during string formatting'),)
03:30:30 - ERR - getRecords - (TypeError('not all arguments converted during string formatting'),)
03:30:34 - ERR - getRecords - (TypeError('not all arguments converted during string formatting'),)
03:30:50 - ERR - getRecords - (TypeError('not all arguments converted during string formatting'),)
03:32:18 - ERR - getRecords - (TypeError('not all arguments converted during string formatting'),)
03:33:01 - ERR - getRecords - (TypeError('not all arguments converted during string formatting'),)
03:33:20 - ERR - getRecords - (TypeError('not all arguments converted during string formatting'),)
03:34:19 - ERR - getRecords - (TypeError('not all arguments converted during string formatting'),)
03:34:43 - ERR - getRecords - (TypeError('not all arguments converted during string formatting'),)
03:34:48 - ERR - getRecords - (TypeError('not all arguments converted during string formatting'),)
03:36:37 - ERR - getRecords - (TypeError('not all arguments converted during string formatting'),)
03:36:45 - ERR - getRecords - (TypeError('not all arguments converted during string formatting'),)
03:37:08 - ERR - getRecords - (TypeError('not all arguments converted during string formatting'),)
03:37:24 - ERR - getRecords - (TypeError('not all arguments converted during string formatting'),)
03:45:41 - ERR - getRecords - (TypeError('not all arguments converted during string formatting'),)
03:48:51 - ERR - getRecords - (TypeError('not all arguments converted during string formatting'),)
03:50:17 - ERR - getRecords - (TypeError('not all arguments converted during string formatting'),)
03:51:52 - ERR - getRecords - (TypeError('not all arguments converted during string formatting'),)
03:51:53 - ERR - getRecords - (TypeError('not all arguments converted during string formatting'),)
03:54:07 - ERR - getRecords - (TypeError('not all arguments converted during string formatting'),)
03:56:25 - ERR - getRecords - (TypeError('not all arguments converted during string formatting'),)
03:59:08 - ERR - getRecords - (TypeError('not all arguments converted during string formatting'),)
04:00:15 - ERR - getRecords - (TypeError('not all arguments converted during string formatting'),)
04:03:18 - ERR - getRecords - (TypeError('not all arguments converted during string formatting'),)
04:03:58 - ERR - getRecords - (TypeError('not all arguments converted during string formatting'),)
04:04:19 - ERR - getRecords - (TypeError('not all arguments converted during string formatting'),)
05:01:50 - ERR - ExecuteNonQuery - (UniqueViolation('llave duplicada viola restricción de unicidad «estudiante_usuario_key»\nDETAIL:  Ya existe la llave (usuario)=(mandy).\n'),)
04:49:04 - ERR - post - (KeyError('foto_perfil'),)
04:51:08 - ERR - post - (KeyError('foto_perfil'),)
05:11:22 - ERR - post - (KeyError('foto_perfil'),)
04:32:03 - ERR - post - (KeyError('foto_perfil'),)
21:06:20 - ERR - getRecords - (TypeError('not all arguments converted during string formatting'),)
21:19:39 - ERR - getRecords - (UndefinedTable('no existe la relación «dbproyecto.estudiantes»\nLINE 1: SELECT * FROM dbproyecto.estudiantes\n                      ^\n'),)
21:29:54 - ERR - getRecords - (SyntaxError('error de sintaxis en o cerca de «%»\nLINE 20:     e.usuario = %s \n                         ^\n'),)
21:30:46 - ERR - getRecords - (UndefinedColumn('no existe la columna c.id\nLINE 14:     dbproyecto.carrera c ON e.carrera_id = c.id  \n                                                    ^\n'),)
21:31:41 - ERR - getRecords - (UndefinedColumn('no existe la columna c.id\nLINE 13:     dbproyecto.carrera c ON e.carrera_id = c.id  \n                                                    ^\n'),)
21:37:36 - ERR - getRecords - (IndexError('tuple index out of range'),)
21:38:42 - ERR - getRecords - (IndexError('tuple index out of range'),)
21:38:45 - ERR - getRecords - (IndexError('tuple index out of range'),)
21:42:07 - ERR - getRecords - (IndexError('tuple index out of range'),)
21:42:09 - ERR - getRecords - (IndexError('tuple index out of range'),)
21:45:52 - ERR - getRecords - (IndexError('string index out of range'),)
21:38:55 - ERR - getRecords - (IndexError('tuple index out of range'),)
21:38:55 - ERR - getRecords - (IndexError('tuple index out of range'),)
21:39:50 - ERR - getRecords - (IndexError('tuple index out of range'),)
21:39:50 - ERR - getRecords - (IndexError('tuple index out of range'),)
21:47:56 - ERR - aggAmigo - (AttributeError("type object 'DataBaseHandle' has no attribute 'ExecuteQuery'"),)
20:49:40 - ERR - aggAmigo - (AttributeError("type object 'DataBaseHandle' has no attribute 'ExecuteQuery'"),)
20:57:36 - ERR - aggAmigo - (AttributeError("type object 'DataBaseHandle' has no attribute 'ExecuteQuery'"),)
20:58:35 - ERR - aggAmigo - (AttributeError("type object 'DataBaseHandle' has no attribute 'ExecuteQuery'"),)
20:58:36 - ERR - aggAmigo - (AttributeError("type object 'DataBaseHandle' has no attribute 'ExecuteQuery'"),)
20:58:36 - ERR - aggAmigo - (AttributeError("type object 'DataBaseHandle' has no attribute 'ExecuteQuery'"),)
20:58:37 - ERR - aggAmigo - (AttributeError("type object 'DataBaseHandle' has no attribute 'ExecuteQuery'"),)
20:58:37 - ERR - aggAmigo - (AttributeError("type object 'DataBaseHandle' has no attribute 'ExecuteQuery'"),)
21:01:07 - ERR - aggAmigo - (AttributeError("type object 'DataBaseHandle' has no attribute 'ExecuteQuery'"),)
21:19:40 - ERR - get - (AttributeError("'NoneType' object has no attribute '__len__'"),)
21:37:27 - ERR - put - ("Error al validar el request -> {'amigo_id': ['Not a valid string.']}",)
21:40:52 - ERR - ExecuteNonQuery - (TypeError('not all arguments converted during string formatting'),)
21:41:51 - ERR - put - ("Error al validar el request -> {'amigo_id': ['Not a valid string.']}",)
21:41:52 - ERR - put - ("Error al validar el request -> {'amigo_id': ['Not a valid string.']}",)
21:45:28 - ERR - ExecuteNonQuery - (TypeError('not all arguments converted during string formatting'),)
21:46:49 - ERR - ExecuteNonQuery - (TypeError('not all arguments converted during string formatting'),)
21:48:43 - ERR - put - (<BadRequest '400: Bad Request'>,)
20:50:48 - ERR - ExecuteNonQuery - (TypeError('not all arguments converted during string formatting'),)
