14:46:13 - INF - <module> - ('Servicio Iniciado',)
14:46:17 - INF - <module> - ('Servicio Iniciado',)
14:46:30 - INF - <module> - ('Servicio Finalizado',)
14:46:33 - INF - <module> - ('Servicio Iniciado',)
14:46:37 - INF - post - ('Ejecutando servicio de Eliminar Publicacion',)
14:47:34 - INF - post - ('Ejecutando servicio de Eliminar Publicacion',)
14:47:35 - INF - post - ('Ejecutando servicio de Eliminar Publicacion',)
14:48:01 - INF - <module> - ('Servicio Finalizado',)
14:48:06 - INF - <module> - ('Servicio Iniciado',)
14:48:06 - INF - <module> - ('Servicio Iniciado',)
14:48:06 - INF - <module> - ('Servicio Iniciado',)
14:48:09 - INF - <module> - ('Servicio Iniciado',)
14:48:09 - INF - <module> - ('Servicio Iniciado',)
14:48:09 - INF - <module> - ('Servicio Iniciado',)
14:48:45 - INF - <module> - ('Servicio Finalizado',)
14:48:45 - INF - <module> - ('Servicio Finalizado',)
14:48:45 - INF - <module> - ('Servicio Finalizado',)
14:48:45 - INF - <module> - ('Servicio Finalizado',)
14:48:45 - INF - <module> - ('Servicio Finalizado',)
14:48:45 - INF - <module> - ('Servicio Finalizado',)
14:48:50 - INF - <module> - ('Servicio Iniciado',)
14:48:52 - INF - <module> - ('Servicio Iniciado',)
14:48:58 - INF - post - ('Ejecutando servicio de Eliminar Publicacion',)
14:48:59 - INF - post - ('Ejecutando servicio de Eliminar Publicacion',)
14:49:01 - INF - post - ('Ejecutando servicio de Eliminar Publicacion',)
14:49:59 - INF - post - ('Ejecutando servicio de Eliminar Publicacion',)
14:51:39 - INF - <module> - ('Servicio Finalizado',)
14:51:42 - INF - <module> - ('Servicio Iniciado',)
14:51:58 - INF - post - ('Ejecutando servicio de Registro',)
14:52:20 - INF - post - ('Ejecutando servicio de Registro',)
14:52:32 - INF - post - ('Ejecutando servicio de Registro',)
14:52:34 - INF - post - ('Ejecutando servicio de Registro',)
15:16:08 - INF - post - ('Ejecutando servicio de Login',)
15:16:22 - INF - post - ('Ejecutando servicio de Login',)
15:16:24 - INF - get - ('Ejecutando servicio de Publicaciones',)
15:16:24 - INF - get - ('Ejecutando servicio de Publicaciones',)
15:16:31 - INF - get - ('Ejecutando servicio de lista de amigos',)
15:18:54 - INF - get - ('Ejecutando servicio de Publicaciones',)
14:37:23 - INF - get - ('Ejecutando servicio de Publicaciones',)
14:37:24 - INF - get - ('Ejecutando servicio de Publicaciones',)
14:37:42 - INF - get - ('Ejecutando servicio de lista de amigos',)
14:37:44 - INF - get - ('Ejecutando servicio de lista de amigos',)
14:37:45 - INF - get - ('Ejecutando servicio de lista de amigos',)
14:37:45 - INF - get - ('Ejecutando servicio de lista de amigos',)
14:37:46 - INF - get - ('Ejecutando servicio de lista de amigos',)
14:37:46 - INF - get - ('Ejecutando servicio de lista de amigos',)
14:37:46 - INF - get - ('Ejecutando servicio de lista de amigos',)
14:37:46 - INF - get - ('Ejecutando servicio de lista de amigos',)
14:37:47 - INF - get - ('Ejecutando servicio de lista de amigos',)
14:37:47 - INF - get - ('Ejecutando servicio de lista de amigos',)
14:37:47 - INF - get - ('Ejecutando servicio de lista de amigos',)
14:37:48 - INF - get - ('Ejecutando servicio de lista de amigos',)
14:42:39 - INF - get - ('Ejecutando servicio de lista de amigos',)
14:42:39 - INF - get - ('Ejecutando servicio de lista de amigos',)
14:43:57 - INF - post - ('Ejecutando servicio de Login',)
14:43:58 - INF - get - ('Ejecutando servicio de lista de amigos',)
14:43:58 - INF - get - ('Ejecutando servicio de lista de amigos',)
14:44:29 - INF - get - ('Ejecutando servicio de Publicaciones',)
14:44:29 - INF - get - ('Ejecutando servicio de Publicaciones',)
14:46:24 - INF - get - ('Ejecutando servicio de lista de amigos',)
14:46:31 - INF - get - ('Ejecutando servicio de lista de amigos',)
14:46:33 - INF - get - ('Ejecutando servicio de lista de amigos',)
14:48:21 - INF - get - ('Ejecutando servicio de Publicaciones',)
15:06:08 - INF - <module> - ('Servicio Finalizado',)
15:06:13 - INF - <module> - ('Servicio Iniciado',)
15:08:23 - INF - get - ('Ejecutando servicio de lista de amigos',)
15:08:28 - INF - get - ('Ejecutando servicio de lista de amigos',)
15:12:27 - INF - <module> - ('Servicio Finalizado',)
15:12:51 - INF - <module> - ('Servicio Iniciado',)
15:12:52 - INF - get - ('Ejecutando servicio de lista de amigos',)
15:13:29 - INF - <module> - ('Servicio Finalizado',)
15:13:36 - INF - <module> - ('Servicio Iniciado',)
15:13:36 - INF - get - ('Ejecutando servicio de lista de amigos',)
15:15:37 - INF - <module> - ('Servicio Finalizado',)
15:15:45 - INF - <module> - ('Servicio Finalizado',)
15:20:22 - INF - <module> - ('Servicio Iniciado',)
15:20:25 - INF - <module> - ('Servicio Iniciado',)
15:20:59 - INF - get - ('Ejecutando servicio de lista de amigos',)
15:23:09 - INF - get - ('Ejecutando servicio de Publicaciones',)
15:23:10 - INF - get - ('Ejecutando servicio de Publicaciones',)
15:23:37 - INF - get - ('Ejecutando servicio de lista de amigos',)
15:28:13 - INF - get - ('Ejecutando servicio de Publicaciones',)
15:28:13 - INF - get - ('Ejecutando servicio de Publicaciones',)
15:28:34 - INF - post - ('Ejecutando servicio de Login',)
15:28:35 - INF - get - ('Ejecutando servicio de Publicaciones',)
15:28:36 - INF - get - ('Ejecutando servicio de Publicaciones',)
15:28:59 - INF - get - ('Ejecutando servicio de lista de amigos',)
15:29:01 - INF - get - ('Ejecutando servicio de lista de amigos',)
15:29:02 - INF - get - ('Ejecutando servicio de lista de amigos',)
15:29:03 - INF - get - ('Ejecutando servicio de lista de amigos',)
15:29:20 - INF - get - ('Ejecutando servicio de lista de amigos',)
15:29:29 - INF - get - ('Ejecutando servicio de lista de amigos',)
15:29:48 - INF - get - ('Ejecutando servicio de lista de amigos',)
15:29:54 - INF - get - ('Ejecutando servicio de lista de amigos',)
15:29:57 - INF - get - ('Ejecutando servicio de lista de amigos',)
15:30:23 - INF - get - ('Ejecutando servicio de lista de amigos',)
15:30:45 - INF - get - ('Ejecutando servicio de lista de amigos',)
15:32:18 - INF - get - ('Ejecutando servicio de Publicaciones',)
15:32:31 - INF - get - ('Ejecutando servicio de lista de amigos',)
15:32:32 - INF - post - ('Ejecutando servicio de Registro',)
15:33:08 - INF - get - ('Ejecutando servicio de lista de amigos',)
15:33:09 - INF - post - ('Ejecutando servicio de Registro',)
14:36:53 - INF - <module> - ('Servicio Finalizado',)
14:37:33 - INF - <module> - ('Servicio Iniciado',)
14:38:14 - INF - get - ('Ejecutando servicio de Publicaciones',)
14:39:24 - INF - <module> - ('Servicio Finalizado',)
14:39:28 - INF - <module> - ('Servicio Iniciado',)
14:39:36 - INF - get - ('Ejecutando servicio de Publicaciones',)
14:41:08 - INF - get - ('Ejecutando servicio de Publicaciones',)
14:41:09 - INF - get - ('Ejecutando servicio de Publicaciones',)
14:41:13 - INF - get - ('Ejecutando servicio de Publicaciones',)
14:41:13 - INF - get - ('Ejecutando servicio de Publicaciones',)
14:41:24 - INF - post - ('Ejecutando servicio de Registro',)
14:41:26 - INF - post - ('Ejecutando servicio de Registro',)
14:42:11 - INF - <module> - ('Servicio Finalizado',)
14:42:12 - INF - <module> - ('Servicio Finalizado',)
14:43:05 - INF - <module> - ('Servicio Iniciado',)
14:43:08 - INF - <module> - ('Servicio Iniciado',)
14:43:16 - INF - get - ('Ejecutando servicio de Publicaciones',)
14:45:26 - INF - <module> - ('Servicio Finalizado',)
14:45:31 - INF - <module> - ('Servicio Iniciado',)
14:45:36 - INF - get - ('Ejecutando servicio de Publicaciones',)
14:45:54 - INF - get - ('Ejecutando servicio de Publicaciones',)
14:45:54 - INF - get - ('Ejecutando servicio de Publicaciones',)
14:47:22 - INF - get - ('Ejecutando servicio de Publicaciones',)
14:47:38 - INF - post - ('Ejecutando servicio de Registro',)
14:49:08 - INF - get - ('Ejecutando servicio de Publicaciones',)
14:49:21 - INF - post - ('Ejecutando servicio de Registro',)
14:49:22 - INF - get - ('Ejecutando servicio de lista de amigos',)
14:49:36 - INF - post - ('Ejecutando servicio de Registro',)
14:49:37 - INF - get - ('Ejecutando servicio de lista de amigos',)
14:50:05 - INF - post - ('Ejecutando servicio de Registro',)
14:50:06 - INF - get - ('Ejecutando servicio de lista de amigos',)
14:51:23 - INF - get - ('Ejecutando servicio de Publicaciones',)
14:51:30 - INF - post - ('Ejecutando servicio de Registro',)
14:51:31 - INF - get - ('Ejecutando servicio de lista de amigos',)
14:51:34 - INF - post - ('Ejecutando servicio de Registro',)
14:51:35 - INF - get - ('Ejecutando servicio de lista de amigos',)
14:51:40 - INF - post - ('Ejecutando servicio de Registro',)
14:51:40 - INF - get - ('Ejecutando servicio de lista de amigos',)
14:52:55 - INF - get - ('Ejecutando servicio de Publicaciones',)
14:52:55 - INF - get - ('Ejecutando servicio de Publicaciones',)
14:55:47 - INF - get - ('Ejecutando servicio de Publicaciones',)
14:55:50 - INF - post - ('Ejecutando servicio de Registro',)
14:55:50 - INF - get - ('Ejecutando servicio de lista de amigos',)
14:56:22 - INF - get - ('Ejecutando servicio de Publicaciones',)
14:56:26 - INF - post - ('Ejecutando servicio de Registro',)
14:56:26 - INF - get - ('Ejecutando servicio de lista de amigos',)
14:56:27 - INF - get - ('Ejecutando servicio de Publicaciones',)
14:56:33 - INF - get - ('Ejecutando servicio de lista de amigos',)
14:56:49 - INF - get - ('Ejecutando servicio de lista de amigos',)
14:56:54 - INF - get - ('Ejecutando servicio de lista de amigos',)
14:57:03 - INF - post - ('Ejecutando servicio de Registro',)
14:57:03 - INF - get - ('Ejecutando servicio de lista de amigos',)
14:57:12 - INF - get - ('Ejecutando servicio de lista de amigos',)
14:57:12 - INF - get - ('Ejecutando servicio de Publicaciones',)
14:57:14 - INF - post - ('Ejecutando servicio de Registro',)
14:57:14 - INF - get - ('Ejecutando servicio de lista de amigos',)
14:57:14 - INF - get - ('Ejecutando servicio de Publicaciones',)
14:57:19 - INF - get - ('Ejecutando servicio de lista de amigos',)
14:57:19 - INF - get - ('Ejecutando servicio de Publicaciones',)
15:00:27 - INF - get - ('Ejecutando servicio de Publicaciones',)
15:00:50 - INF - get - ('Ejecutando servicio de Publicaciones',)
15:01:13 - INF - post - ('Ejecutando servicio de Eliminar Publicacion',)
15:01:31 - INF - post - ('Ejecutando servicio de Eliminar Publicacion',)
15:02:13 - INF - get - ('Ejecutando servicio de Publicaciones',)
15:02:14 - INF - get - ('Ejecutando servicio de Publicaciones',)
15:02:21 - INF - post - ('Ejecutando servicio de Eliminar Publicacion',)
15:02:55 - INF - post - ('Ejecutando servicio de Eliminar Publicacion',)
15:04:29 - INF - post - ('Ejecutando servicio de Eliminar Publicacion',)
15:05:31 - INF - post - ('Ejecutando servicio de Eliminar Publicacion',)
15:06:14 - INF - <module> - ('Servicio Finalizado',)
15:06:15 - INF - <module> - ('Servicio Finalizado',)
15:06:28 - INF - <module> - ('Servicio Iniciado',)
15:06:31 - INF - <module> - ('Servicio Iniciado',)
15:06:46 - INF - post - ('Ejecutando servicio de Eliminar Publicacion',)
15:06:47 - INF - post - ('Ejecutando servicio de Eliminar Publicacion',)
15:07:23 - INF - post - ('Ejecutando servicio de Eliminar Publicacion',)
15:07:46 - INF - post - ('Ejecutando servicio de Eliminar Publicacion',)
15:07:48 - INF - post - ('Ejecutando servicio de Eliminar Publicacion',)
15:08:50 - INF - <module> - ('Servicio Finalizado',)
15:08:50 - INF - <module> - ('Servicio Finalizado',)
15:08:54 - INF - <module> - ('Servicio Iniciado',)
15:08:57 - INF - <module> - ('Servicio Iniciado',)
15:09:00 - INF - post - ('Ejecutando servicio de Eliminar Publicacion',)
15:09:00 - INF - post - ('Ejecutando servicio de Eliminar Publicacion',)
15:09:01 - INF - post - ('Ejecutando servicio de Eliminar Publicacion',)
15:09:01 - INF - post - ('Ejecutando servicio de Eliminar Publicacion',)
15:09:01 - INF - post - ('Ejecutando servicio de Eliminar Publicacion',)
15:09:25 - INF - post - ('Ejecutando servicio de Eliminar Publicacion',)
15:10:47 - INF - post - ('Ejecutando servicio de Eliminar Publicacion',)
15:10:48 - INF - post - ('Ejecutando servicio de Eliminar Publicacion',)
15:10:49 - INF - post - ('Ejecutando servicio de Eliminar Publicacion',)
15:14:49 - INF - post - ('Ejecutando servicio de Eliminar Publicacion',)
15:14:52 - INF - post - ('Ejecutando servicio de Eliminar Publicacion',)
15:15:12 - INF - post - ('Ejecutando servicio de Eliminar Publicacion',)
15:15:14 - INF - post - ('Ejecutando servicio de Eliminar Publicacion',)
15:15:56 - INF - post - ('Ejecutando servicio de Eliminar Publicacion',)
15:15:57 - INF - post - ('Ejecutando servicio de Eliminar Publicacion',)
15:15:58 - INF - post - ('Ejecutando servicio de Eliminar Publicacion',)
15:15:58 - INF - post - ('Ejecutando servicio de Eliminar Publicacion',)
15:15:58 - INF - post - ('Ejecutando servicio de Eliminar Publicacion',)
15:15:58 - INF - post - ('Ejecutando servicio de Eliminar Publicacion',)
15:15:59 - INF - post - ('Ejecutando servicio de Eliminar Publicacion',)
15:15:59 - INF - post - ('Ejecutando servicio de Eliminar Publicacion',)
15:15:59 - INF - post - ('Ejecutando servicio de Eliminar Publicacion',)
15:18:50 - INF - post - ('Ejecutando servicio de Eliminar Publicacion',)
15:19:13 - INF - <module> - ('Servicio Finalizado',)
15:19:13 - INF - <module> - ('Servicio Finalizado',)
15:19:17 - INF - <module> - ('Servicio Iniciado',)
15:19:20 - INF - <module> - ('Servicio Iniciado',)
15:19:34 - INF - <module> - ('Servicio Finalizado',)
15:19:34 - INF - <module> - ('Servicio Finalizado',)
15:19:45 - INF - <module> - ('Servicio Iniciado',)
15:19:47 - INF - <module> - ('Servicio Iniciado',)
15:20:22 - INF - <module> - ('Servicio Finalizado',)
15:20:22 - INF - <module> - ('Servicio Finalizado',)
15:20:31 - INF - <module> - ('Servicio Iniciado',)
15:20:34 - INF - <module> - ('Servicio Iniciado',)
15:21:07 - INF - <module> - ('Servicio Finalizado',)
15:21:10 - INF - <module> - ('Servicio Iniciado',)
15:21:20 - INF - <module> - ('Servicio Finalizado',)
15:21:23 - INF - <module> - ('Servicio Iniciado',)
15:21:33 - INF - post - ('Ejecutando servicio de Registro',)
15:22:42 - INF - post - ('Ejecutando servicio de Eliminar Publicacion',)
15:23:50 - INF - get - ('Ejecutando servicio de Publicaciones',)
15:23:59 - INF - get - ('Ejecutando servicio de Publicaciones',)
15:23:59 - INF - get - ('Ejecutando servicio de Publicaciones',)
15:24:16 - INF - post - ('Ejecutando servicio de Registro',)
15:24:16 - INF - get - ('Ejecutando servicio de lista de amigos',)
15:24:17 - INF - get - ('Ejecutando servicio de Publicaciones',)
15:25:06 - INF - post - ('Ejecutando servicio de Registro',)
15:25:07 - INF - get - ('Ejecutando servicio de lista de amigos',)
15:25:07 - INF - get - ('Ejecutando servicio de Publicaciones',)
15:25:30 - INF - post - ('Ejecutando servicio de Registro',)
15:25:30 - INF - get - ('Ejecutando servicio de lista de amigos',)
15:25:31 - INF - get - ('Ejecutando servicio de Publicaciones',)
15:27:44 - INF - post - ('Ejecutando servicio de Registro',)
15:27:46 - INF - get - ('Ejecutando servicio de Publicaciones',)
15:28:01 - INF - post - ('Ejecutando servicio de Registro',)
15:28:01 - INF - get - ('Ejecutando servicio de lista de amigos',)
15:28:02 - INF - get - ('Ejecutando servicio de Publicaciones',)
15:28:40 - INF - post - ('Ejecutando servicio de Registro',)
15:28:41 - INF - get - ('Ejecutando servicio de lista de amigos',)
15:28:41 - INF - get - ('Ejecutando servicio de Publicaciones',)
15:28:45 - INF - post - ('Ejecutando servicio de Registro',)
15:28:48 - INF - get - ('Ejecutando servicio de lista de amigos',)
15:28:48 - INF - get - ('Ejecutando servicio de Publicaciones',)
14:37:31 - INF - get - ('Ejecutando servicio de Publicaciones',)
14:37:48 - INF - get - ('Ejecutando servicio de Publicaciones',)
14:38:08 - INF - get - ('Ejecutando servicio de Publicaciones',)
14:39:40 - INF - get - ('Ejecutando servicio de Publicaciones',)
14:41:38 - INF - get - ('Ejecutando servicio de Publicaciones',)
14:41:38 - INF - get - ('Ejecutando servicio de Publicaciones',)
14:41:42 - INF - get - ('Ejecutando servicio de Publicaciones',)
14:41:44 - INF - get - ('Ejecutando servicio de lista de amigos',)
14:41:48 - INF - post - ('Ejecutando servicio de Registro',)
14:41:49 - INF - get - ('Ejecutando servicio de lista de amigos',)
14:41:49 - INF - get - ('Ejecutando servicio de Publicaciones',)
14:42:32 - INF - get - ('Ejecutando servicio de Publicaciones',)
14:52:54 - INF - get - ('Ejecutando servicio de Publicaciones',)
14:53:28 - INF - post - ('Ejecutando servicio de Login',)
14:53:29 - INF - get - ('Ejecutando servicio de Publicaciones',)
14:53:29 - INF - get - ('Ejecutando servicio de Publicaciones',)
14:53:38 - INF - post - ('Ejecutando servicio de Registro',)
14:53:38 - INF - get - ('Ejecutando servicio de lista de amigos',)
14:53:39 - INF - get - ('Ejecutando servicio de Publicaciones',)
14:53:48 - INF - post - ('Ejecutando servicio de Registro',)
14:53:49 - INF - get - ('Ejecutando servicio de lista de amigos',)
14:53:49 - INF - get - ('Ejecutando servicio de Publicaciones',)
14:53:55 - INF - post - ('Ejecutando servicio de Registro',)
14:53:56 - INF - get - ('Ejecutando servicio de lista de amigos',)
14:53:56 - INF - get - ('Ejecutando servicio de Publicaciones',)
14:53:59 - INF - post - ('Ejecutando servicio de Registro',)
14:53:59 - INF - get - ('Ejecutando servicio de lista de amigos',)
14:54:00 - INF - get - ('Ejecutando servicio de Publicaciones',)
14:54:25 - INF - <module> - ('Servicio Finalizado',)
14:54:26 - INF - <module> - ('Servicio Finalizado',)
15:00:42 - INF - <module> - ('Servicio Iniciado',)
15:00:56 - INF - <module> - ('Servicio Iniciado',)
15:00:59 - INF - get - ('Ejecutando servicio de Publicaciones',)
15:01:19 - INF - get - ('Ejecutando servicio de Publicaciones',)
15:02:11 - INF - <module> - ('Servicio Finalizado',)
15:02:15 - INF - <module> - ('Servicio Finalizado',)
15:02:27 - INF - <module> - ('Servicio Iniciado',)
15:02:32 - INF - <module> - ('Servicio Iniciado',)
15:02:39 - INF - get - ('Ejecutando servicio de Publicaciones',)
15:02:39 - INF - get - ('Ejecutando servicio de lista de amigos activos',)
15:02:41 - INF - get - ('Ejecutando servicio de Publicaciones',)
15:02:41 - INF - get - ('Ejecutando servicio de lista de amigos activos',)
15:03:02 - INF - get - ('Ejecutando servicio de Publicaciones',)
15:03:03 - INF - get - ('Ejecutando servicio de Publicaciones',)
15:03:14 - INF - get - ('Ejecutando servicio de lista de amigos activos',)
15:03:14 - INF - get - ('Ejecutando servicio de Publicaciones',)
15:03:15 - INF - get - ('Ejecutando servicio de Publicaciones',)
15:03:15 - INF - get - ('Ejecutando servicio de lista de amigos activos',)
15:03:17 - INF - get - ('Ejecutando servicio de Publicaciones',)
15:03:18 - INF - get - ('Ejecutando servicio de Publicaciones',)
15:07:42 - INF - <module> - ('Servicio Finalizado',)
15:08:06 - INF - <module> - ('Servicio Iniciado',)
15:08:11 - INF - <module> - ('Servicio Finalizado',)
15:08:11 - INF - <module> - ('Servicio Finalizado',)
15:08:16 - INF - <module> - ('Servicio Iniciado',)
15:08:19 - INF - <module> - ('Servicio Iniciado',)
15:14:33 - INF - get - ('Ejecutando servicio de Publicaciones',)
15:14:38 - INF - get - ('Ejecutando servicio de lista de amigos activos',)
15:14:38 - INF - get - ('Ejecutando servicio de Publicaciones',)
15:14:38 - INF - get - ('Ejecutando servicio de Publicaciones',)
15:14:38 - INF - get - ('Ejecutando servicio de lista de amigos activos',)
15:15:39 - INF - get - ('Ejecutando servicio de Publicaciones',)
15:18:01 - INF - <module> - ('Servicio Finalizado',)
15:18:06 - INF - <module> - ('Servicio Iniciado',)
15:18:13 - INF - get - ('Ejecutando servicio de Publicaciones',)
15:20:22 - INF - <module> - ('Servicio Finalizado',)
15:20:25 - INF - <module> - ('Servicio Iniciado',)
15:20:43 - INF - <module> - ('Servicio Finalizado',)
15:20:45 - INF - <module> - ('Servicio Iniciado',)
15:20:51 - INF - get - ('Ejecutando servicio de Publicaciones',)
15:23:37 - INF - <module> - ('Servicio Finalizado',)
15:23:41 - INF - <module> - ('Servicio Iniciado',)
15:23:46 - INF - get - ('Ejecutando servicio de Publicaciones',)
15:23:59 - INF - get - ('Ejecutando servicio de Publicaciones',)
15:24:00 - INF - get - ('Ejecutando servicio de Publicaciones',)
15:24:04 - INF - get - ('Ejecutando servicio de lista de amigos activos',)
15:24:04 - INF - get - ('Ejecutando servicio de Publicaciones',)
15:24:04 - INF - get - ('Ejecutando servicio de Publicaciones',)
15:24:05 - INF - get - ('Ejecutando servicio de lista de amigos activos',)
15:24:08 - INF - post - ('Ejecutando servicio de Registro',)
15:24:09 - INF - get - ('Ejecutando servicio de lista de amigos',)
15:24:09 - INF - get - ('Ejecutando servicio de Publicaciones',)
15:24:11 - INF - post - ('Ejecutando servicio de Registro',)
15:24:12 - INF - get - ('Ejecutando servicio de lista de amigos',)
15:24:12 - INF - get - ('Ejecutando servicio de Publicaciones',)
15:24:13 - INF - post - ('Ejecutando servicio de Registro',)
15:24:14 - INF - get - ('Ejecutando servicio de lista de amigos',)
15:24:14 - INF - get - ('Ejecutando servicio de Publicaciones',)
15:24:19 - INF - post - ('Ejecutando servicio de Registro',)
15:24:19 - INF - get - ('Ejecutando servicio de lista de amigos',)
15:24:20 - INF - post - ('Ejecutando servicio de Registro',)
15:24:20 - INF - get - ('Ejecutando servicio de Publicaciones',)
15:24:20 - INF - post - ('Ejecutando servicio de Registro',)
15:24:21 - INF - get - ('Ejecutando servicio de lista de amigos',)
15:24:21 - INF - get - ('Ejecutando servicio de lista de amigos',)
15:24:21 - INF - get - ('Ejecutando servicio de Publicaciones',)
15:24:21 - INF - get - ('Ejecutando servicio de Publicaciones',)
15:26:01 - INF - get - ('Ejecutando servicio de lista de amigos',)
15:26:06 - INF - get - ('Ejecutando servicio de lista de amigos',)
15:26:15 - INF - get - ('Ejecutando servicio de lista de amigos',)
15:26:20 - INF - get - ('Ejecutando servicio de Publicaciones',)
15:26:20 - INF - get - ('Ejecutando servicio de Publicaciones',)
15:26:23 - INF - get - ('Ejecutando servicio de lista de amigos',)
15:26:32 - INF - get - ('Ejecutando servicio de lista de amigos activos',)
15:26:32 - INF - get - ('Ejecutando servicio de Publicaciones',)
15:26:32 - INF - get - ('Ejecutando servicio de Publicaciones',)
15:26:33 - INF - get - ('Ejecutando servicio de lista de amigos activos',)
15:26:34 - INF - get - ('Ejecutando servicio de lista de amigos',)
15:28:33 - INF - get - ('Ejecutando servicio de Listar Usuario',)
15:28:33 - INF - get - ('Ejecutando servicio de Listar Usuario',)
15:28:33 - INF - get - ('Ejecutando servicio de lista de amigos activos',)
15:28:34 - INF - get - ('Ejecutando servicio de Publicaciones',)
15:28:34 - INF - post - ('Ejecutando servicio de Registro',)
15:28:34 - INF - post - ('Ejecutando servicio de Registro',)
15:28:34 - INF - get - ('Ejecutando servicio de lista de amigos activos',)
15:28:34 - INF - post - ('Ejecutando servicio de Login',)
15:28:34 - INF - post - ('Ejecutando servicio de Login',)
15:28:34 - INF - get - ('Ejecutando servicio de Publicaciones',)
15:28:49 - INF - get - ('Ejecutando servicio de Publicaciones',)
15:28:49 - INF - get - ('Ejecutando servicio de Publicaciones',)
15:28:51 - INF - get - ('Ejecutando servicio de Listar Usuario',)
15:28:51 - INF - get - ('Ejecutando servicio de Listar Usuario',)
15:28:52 - INF - get - ('Ejecutando servicio de Listar Usuario',)
15:28:53 - INF - get - ('Ejecutando servicio de Listar Usuario',)
15:28:53 - INF - get - ('Ejecutando servicio de lista de amigos activos',)
15:28:53 - INF - post - ('Ejecutando servicio de Registro',)
15:28:53 - INF - post - ('Ejecutando servicio de Registro',)
15:28:53 - INF - get - ('Ejecutando servicio de Publicaciones',)
15:28:53 - INF - get - ('Ejecutando servicio de lista de amigos activos',)
15:28:53 - INF - post - ('Ejecutando servicio de Login',)
15:28:54 - INF - post - ('Ejecutando servicio de Login',)
15:28:54 - INF - get - ('Ejecutando servicio de Publicaciones',)
15:28:58 - INF - get - ('Ejecutando servicio de Publicaciones',)
15:28:58 - INF - get - ('Ejecutando servicio de Publicaciones',)
15:28:59 - INF - get - ('Ejecutando servicio de Listar Usuario',)
15:28:59 - INF - get - ('Ejecutando servicio de Listar Usuario',)
15:29:01 - INF - get - ('Ejecutando servicio de Listar Usuario',)
15:29:01 - INF - get - ('Ejecutando servicio de Listar Usuario',)
15:29:01 - INF - get - ('Ejecutando servicio de lista de amigos activos',)
15:29:01 - INF - get - ('Ejecutando servicio de Publicaciones',)
15:29:02 - INF - post - ('Ejecutando servicio de Registro',)
15:29:02 - INF - post - ('Ejecutando servicio de Registro',)
15:29:02 - INF - post - ('Ejecutando servicio de Login',)
15:29:02 - INF - get - ('Ejecutando servicio de lista de amigos activos',)
15:29:02 - INF - post - ('Ejecutando servicio de Login',)
15:29:02 - INF - get - ('Ejecutando servicio de Publicaciones',)
15:29:06 - INF - get - ('Ejecutando servicio de Publicaciones',)
15:29:06 - INF - get - ('Ejecutando servicio de Publicaciones',)
15:32:33 - INF - get - ('Ejecutando servicio de Listar Usuario',)
15:32:33 - INF - get - ('Ejecutando servicio de Listar Usuario',)
15:32:36 - INF - get - ('Ejecutando servicio de Listar Usuario',)
15:32:37 - INF - get - ('Ejecutando servicio de Listar Usuario',)
15:32:37 - INF - get - ('Ejecutando servicio de lista de amigos activos',)
15:32:37 - INF - get - ('Ejecutando servicio de Publicaciones',)
15:32:37 - INF - post - ('Ejecutando servicio de Registro',)
15:32:37 - INF - post - ('Ejecutando servicio de Registro',)
15:32:37 - INF - get - ('Ejecutando servicio de lista de amigos activos',)
15:32:37 - INF - post - ('Ejecutando servicio de Login',)
15:32:37 - INF - post - ('Ejecutando servicio de Login',)
15:32:38 - INF - get - ('Ejecutando servicio de Publicaciones',)
15:32:41 - INF - get - ('Ejecutando servicio de Publicaciones',)
15:32:41 - INF - get - ('Ejecutando servicio de Publicaciones',)
15:32:47 - INF - get - ('Ejecutando servicio de lista de amigos activos',)
15:32:47 - INF - get - ('Ejecutando servicio de Publicaciones',)
15:32:47 - INF - get - ('Ejecutando servicio de lista de amigos activos',)
15:32:47 - INF - get - ('Ejecutando servicio de Publicaciones',)
15:32:50 - INF - get - ('Ejecutando servicio de Publicaciones',)
15:32:50 - INF - get - ('Ejecutando servicio de Publicaciones',)
15:32:51 - INF - get - ('Ejecutando servicio de Listar Usuario',)
15:32:51 - INF - get - ('Ejecutando servicio de Listar Usuario',)
15:32:53 - INF - get - ('Ejecutando servicio de Listar Usuario',)
15:32:53 - INF - get - ('Ejecutando servicio de Listar Usuario',)
15:32:53 - INF - get - ('Ejecutando servicio de lista de amigos activos',)
15:32:53 - INF - get - ('Ejecutando servicio de Publicaciones',)
15:32:53 - INF - post - ('Ejecutando servicio de Registro',)
15:32:53 - INF - post - ('Ejecutando servicio de Registro',)
15:32:54 - INF - get - ('Ejecutando servicio de lista de amigos activos',)
15:32:54 - INF - post - ('Ejecutando servicio de Login',)
15:32:54 - INF - post - ('Ejecutando servicio de Login',)
15:32:54 - INF - get - ('Ejecutando servicio de Publicaciones',)
14:40:58 - INF - get - ('Ejecutando servicio de Listar Usuario',)
14:40:59 - INF - get - ('Ejecutando servicio de lista de amigos activos',)
14:40:59 - INF - get - ('Ejecutando servicio de Publicaciones',)
14:40:59 - INF - post - ('Ejecutando servicio de Registro',)
14:40:59 - INF - post - ('Ejecutando servicio de Login',)
14:41:00 - INF - post - ('Ejecutando servicio de Login',)
14:41:00 - INF - get - ('Ejecutando servicio de Publicaciones',)
14:41:05 - INF - get - ('Ejecutando servicio de Listar Usuario',)
14:41:06 - INF - get - ('Ejecutando servicio de lista de amigos activos',)
14:41:06 - INF - get - ('Ejecutando servicio de Publicaciones',)
14:41:06 - INF - post - ('Ejecutando servicio de Registro',)
14:41:06 - INF - post - ('Ejecutando servicio de Login',)
14:41:06 - INF - post - ('Ejecutando servicio de Login',)
14:41:07 - INF - get - ('Ejecutando servicio de Publicaciones',)
14:48:35 - INF - post - ('Ejecutando servicio de Login',)
14:48:36 - INF - get - ('Ejecutando servicio de Publicaciones',)
14:48:37 - INF - get - ('Ejecutando servicio de Publicaciones',)
15:31:43 - INF - get - ('Ejecutando servicio de Publicaciones',)
tivos',)
15:31:43 - INF - get - ('Ejecutando servicio de Publicaciones',)
15:31:44 - INF - get - ('Ejecutando servicio de lista de amigos activos',)
15:31:46 - INF - get - ('Ejecutando servicio de Listar Usuario',)
15:31:47 - INF - get - ('Ejecutando servicio de Listar Usuario',)
15:31:47 - INF - get - ('Ejecutando servicio de lista de amigos activos',)
15:31:47 - INF - get - ('Ejecutando servicio de Publicaciones',)
15:31:47 - INF - post - ('Ejecutando servicio de Registro',)
15:31:47 - INF - post - ('Ejecutando servicio de Registro',)
15:31:47 - INF - get - ('Ejecutando servicio de lista de amigos activos',)
15:31:47 - INF - post - ('Ejecutando servicio de Login',)
15:31:47 - INF - post - ('Ejecutando servicio de Login',)
15:31:47 - INF - get - ('Ejecutando servicio de Publicaciones',)
15:31:50 - INF - get - ('Ejecutando servicio de Publicaciones',)
15:31:50 - INF - get - ('Ejecutando servicio de Publicaciones',)
15:31:51 - INF - get - ('Ejecutando servicio de Listar Usuario',)
15:31:51 - INF - get - ('Ejecutando servicio de Listar Usuario',)
15:31:53 - INF - get - ('Ejecutando servicio de Listar Usuario',)
15:31:54 - INF - get - ('Ejecutando servicio de Listar Usuario',)
15:31:54 - INF - get - ('Ejecutando servicio de lista de amigos activos',)
15:31:54 - INF - get - ('Ejecutando servicio de Publicaciones',)
15:31:54 - INF - post - ('Ejecutando servicio de Registro',)
15:31:54 - INF - post - ('Ejecutando servicio de Registro',)
15:31:54 - INF - get - ('Ejecutando servicio de lista de amigos activos',)
15:31:54 - INF - post - ('Ejecutando servicio de Login',)
15:31:54 - INF - post - ('Ejecutando servicio de Login',)
15:31:55 - INF - get - ('Ejecutando servicio de Publicaciones',)
15:07:38 - INF - post - ('Ejecutando servicio de Login',)
15:07:40 - INF - get - ('Ejecutando servicio de Publicaciones',)
15:07:40 - INF - get - ('Ejecutando servicio de Publicaciones',)
15:09:19 - INF - get - ('Ejecutando servicio de Listar Usuario',)
15:09:19 - INF - get - ('Ejecutando servicio de Listar Usuario',)
15:10:14 - INF - get - ('Ejecutando servicio de Publicaciones',)
15:10:15 - INF - get - ('Ejecutando servicio de Publicaciones',)
15:10:16 - INF - get - ('Ejecutando servicio de Listar Usuario',)
15:10:16 - INF - get - ('Ejecutando servicio de Listar Usuario',)
15:10:24 - INF - get - ('Ejecutando servicio de Publicaciones',)
15:10:24 - INF - get - ('Ejecutando servicio de Publicaciones',)
15:10:29 - INF - get - ('Ejecutando servicio de Listar Usuario',)
15:10:29 - INF - get - ('Ejecutando servicio de Listar Usuario',)
15:10:43 - INF - get - ('Ejecutando servicio de lista de amigos activos',)
15:10:43 - INF - get - ('Ejecutando servicio de Publicaciones',)
15:10:43 - INF - get - ('Ejecutando servicio de lista de amigos activos',)
15:10:44 - INF - get - ('Ejecutando servicio de Publicaciones',)
15:10:53 - INF - get - ('Ejecutando servicio de Publicaciones',)
15:10:53 - INF - get - ('Ejecutando servicio de Publicaciones',)
15:16:54 - INF - get - ('Ejecutando servicio de Listar Usuario',)
15:16:55 - INF - get - ('Ejecutando servicio de Listar Usuario',)
15:17:01 - INF - post - ('Ejecutando servicio de Registro',)
15:17:06 - INF - get - ('Ejecutando servicio de Listar Usuario',)
15:21:41 - INF - <module> - ('Servicio Finalizado',)
15:21:48 - INF - <module> - ('Servicio Iniciado',)
15:23:28 - INF - get - ('Ejecutando servicio de Publicaciones',)
15:23:30 - INF - get - ('Ejecutando servicio de Publicaciones',)
15:27:05 - INF - get - ('Ejecutando servicio de Listar Usuario',)
15:27:05 - INF - get - ('Ejecutando servicio de Listar Usuario',)
15:28:08 - INF - post - ('Ejecutando servicio de Login',)
15:28:09 - INF - get - ('Ejecutando servicio de Publicaciones',)
15:28:09 - INF - get - ('Ejecutando servicio de Publicaciones',)
15:28:11 - INF - get - ('Ejecutando servicio de Listar Usuario',)
15:28:12 - INF - get - ('Ejecutando servicio de Listar Usuario',)
15:30:08 - INF - <module> - ('Servicio Finalizado',)
15:30:18 - INF - <module> - ('Servicio Iniciado',)
15:33:04 - INF - <module> - ('Servicio Finalizado',)
15:33:05 - INF - <module> - ('Servicio Finalizado',)
14:49:42 - INF - <module> - ('Servicio Iniciado',)
14:49:44 - INF - <module> - ('Servicio Iniciado',)
14:50:01 - INF - post - ('Ejecutando servicio de Login',)
14:51:04 - INF - post - ('Ejecutando servicio de Login',)
14:52:02 - INF - post - ('Ejecutando servicio de Login',)
14:52:03 - INF - get - ('Ejecutando servicio de Publicaciones',)
14:52:03 - INF - get - ('Ejecutando servicio de Publicaciones',)
14:52:11 - INF - get - ('Ejecutando servicio de Listar Usuario',)
14:52:11 - INF - get - ('Ejecutando servicio de Listar Usuario',)
14:53:13 - INF - <module> - ('Servicio Finalizado',)
14:53:13 - INF - <module> - ('Servicio Finalizado',)
14:54:33 - INF - <module> - ('Servicio Iniciado',)
14:54:38 - INF - <module> - ('Servicio Iniciado',)
14:54:48 - INF - post - ('Ejecutando servicio de Login',)
15:27:29 - INF - post - ('Ejecutando servicio de Login',)
15:27:31 - INF - get - ('Ejecutando servicio de Publicaciones',)
15:27:31 - INF - get - ('Ejecutando servicio de Publicaciones',)
15:27:40 - INF - get - ('Ejecutando servicio de lista de amigos activos',)
15:27:40 - INF - get - ('Ejecutando servicio de Publicaciones',)
15:27:40 - INF - get - ('Ejecutando servicio de lista de amigos activos',)
15:27:40 - INF - get - ('Ejecutando servicio de Publicaciones',)
15:27:47 - INF - get - ('Ejecutando servicio de Listar Usuario',)
15:27:48 - INF - get - ('Ejecutando servicio de Listar Usuario',)
15:28:02 - INF - post - ('Ejecutando servicio de Login',)
15:28:10 - INF - get - ('Ejecutando servicio de lista de amigos activos',)
15:28:10 - INF - get - ('Ejecutando servicio de Publicaciones',)
15:28:10 - INF - get - ('Ejecutando servicio de Publicaciones',)
15:28:10 - INF - get - ('Ejecutando servicio de lista de amigos activos',)
15:28:14 - INF - get - ('Ejecutando servicio de Publicaciones',)
15:28:16 - INF - get - ('Ejecutando servicio de Listar Usuario',)
15:28:17 - INF - get - ('Ejecutando servicio de Listar Usuario',)
15:28:17 - INF - get - ('Ejecutando servicio de Publicaciones',)
15:28:25 - INF - post - ('Ejecutando servicio de Login',)
15:29:42 - INF - get - ('Ejecutando servicio de Listar Usuario',)
15:31:45 - INF - get - ('Ejecutando servicio de Listar Usuario',)
15:31:52 - INF - post - ('Ejecutando servicio de Login',)
15:31:53 - INF - post - ('Ejecutando servicio de Login',)
15:31:54 - INF - post - ('Ejecutando servicio de Login',)
15:31:54 - INF - post - ('Ejecutando servicio de Login',)
15:31:54 - INF - post - ('Ejecutando servicio de Login',)
15:32:49 - INF - get - ('Ejecutando servicio de Listar Usuario',)
15:32:57 - INF - post - ('Ejecutando servicio de Login',)
15:33:00 - INF - post - ('Ejecutando servicio de Login',)
15:33:11 - INF - post - ('Ejecutando servicio de Login',)
14:33:22 - INF - post - ('Ejecutando servicio de Login',)
14:33:30 - INF - post - ('Ejecutando servicio de Login',)
14:34:15 - INF - post - ('Ejecutando servicio de Login',)
14:35:01 - INF - get - ('Ejecutando servicio de Listar Usuario',)
14:36:41 - INF - get - ('Ejecutando servicio de Listar Usuario',)
14:38:13 - INF - post - ('Ejecutando servicio de Login',)
14:38:17 - INF - post - ('Ejecutando servicio de Login',)
14:38:19 - INF - get - ('Ejecutando servicio de Publicaciones',)
14:38:21 - INF - get - ('Ejecutando servicio de Listar Usuario',)
14:38:21 - INF - get - ('Ejecutando servicio de Publicaciones',)
14:38:22 - INF - get - ('Ejecutando servicio de Listar Usuario',)
14:38:34 - INF - post - ('Ejecutando servicio de Login',)
14:38:37 - INF - post - ('Ejecutando servicio de Login',)
14:41:36 - INF - post - ('Ejecutando servicio de Login',)
14:41:37 - INF - get - ('Ejecutando servicio de Publicaciones',)
14:41:37 - INF - get - ('Ejecutando servicio de Publicaciones',)
14:41:40 - INF - get - ('Ejecutando servicio de Listar Usuario',)
14:41:40 - INF - get - ('Ejecutando servicio de Listar Usuario',)
14:41:53 - INF - post - ('Ejecutando servicio de Login',)
14:46:02 - INF - post - ('Ejecutando servicio de Login',)
14:46:03 - INF - get - ('Ejecutando servicio de Publicaciones',)
14:46:03 - INF - get - ('Ejecutando servicio de Publicaciones',)
14:46:07 - INF - get - ('Ejecutando servicio de Listar Usuario',)
14:46:07 - INF - get - ('Ejecutando servicio de Listar Usuario',)
14:46:24 - INF - post - ('Ejecutando servicio de Login',)
14:46:26 - INF - post - ('Ejecutando servicio de Login',)
14:46:27 - INF - post - ('Ejecutando servicio de Login',)
14:46:27 - INF - post - ('Ejecutando servicio de Login',)
14:46:27 - INF - post - ('Ejecutando servicio de Login',)
14:46:27 - INF - post - ('Ejecutando servicio de Login',)
14:47:24 - INF - get - ('Ejecutando servicio de Listar Usuario',)
14:47:29 - INF - post - ('Ejecutando servicio de Login',)
14:47:30 - INF - post - ('Ejecutando servicio de Login',)
14:47:30 - INF - post - ('Ejecutando servicio de Login',)
14:47:30 - INF - post - ('Ejecutando servicio de Login',)
14:47:30 - INF - post - ('Ejecutando servicio de Login',)
14:47:31 - INF - post - ('Ejecutando servicio de Login',)
14:47:35 - INF - post - ('Ejecutando servicio de Login',)
14:49:10 - INF - post - ('Ejecutando servicio de Login',)
14:49:11 - INF - get - ('Ejecutando servicio de Publicaciones',)
14:49:12 - INF - get - ('Ejecutando servicio de Publicaciones',)
14:49:17 - INF - get - ('Ejecutando servicio de Listar Usuario',)
14:49:17 - INF - get - ('Ejecutando servicio de Listar Usuario',)
14:49:20 - INF - post - ('Ejecutando servicio de Login',)
14:49:28 - INF - post - ('Ejecutando servicio de Login',)
14:54:57 - INF - post - ('Ejecutando servicio de Login',)
14:54:58 - INF - get - ('Ejecutando servicio de Publicaciones',)
14:54:59 - INF - get - ('Ejecutando servicio de Publicaciones',)
14:55:07 - INF - get - ('Ejecutando servicio de Listar Usuario',)
14:55:07 - INF - get - ('Ejecutando servicio de Listar Usuario',)
14:55:12 - INF - post - ('Ejecutando servicio de Login',)
14:57:58 - INF - post - ('Ejecutando servicio de Login',)
14:57:59 - INF - get - ('Ejecutando servicio de Publicaciones',)
14:57:59 - INF - get - ('Ejecutando servicio de Publicaciones',)
15:00:17 - INF - post - ('Ejecutando servicio de Login',)
15:00:18 - INF - get - ('Ejecutando servicio de Publicaciones',)
15:00:18 - INF - get - ('Ejecutando servicio de Publicaciones',)
15:00:20 - INF - get - ('Ejecutando servicio de Listar Usuario',)
15:00:20 - INF - get - ('Ejecutando servicio de Listar Usuario',)
15:00:24 - INF - post - ('Ejecutando servicio de Login',)
15:00:26 - INF - post - ('Ejecutando servicio de Login',)
15:02:12 - INF - post - ('Ejecutando servicio de Login',)
15:02:13 - INF - get - ('Ejecutando servicio de Publicaciones',)
15:02:13 - INF - get - ('Ejecutando servicio de Publicaciones',)
15:02:15 - INF - get - ('Ejecutando servicio de Listar Usuario',)
15:02:15 - INF - get - ('Ejecutando servicio de Listar Usuario',)
15:02:20 - INF - post - ('Ejecutando servicio de Login',)
15:03:23 - INF - post - ('Ejecutando servicio de Login',)
15:04:51 - INF - post - ('Ejecutando servicio de Login',)
15:08:26 - INF - post - ('Ejecutando servicio de Login',)
15:08:27 - INF - get - ('Ejecutando servicio de Publicaciones',)
15:08:27 - INF - get - ('Ejecutando servicio de Publicaciones',)
15:08:28 - INF - get - ('Ejecutando servicio de Listar Usuario',)
15:08:28 - INF - get - ('Ejecutando servicio de Listar Usuario',)
15:08:32 - INF - post - ('Ejecutando servicio de Login',)
15:08:34 - INF - post - ('Ejecutando servicio de Login',)
15:08:34 - INF - post - ('Ejecutando servicio de Login',)
15:08:34 - INF - post - ('Ejecutando servicio de Login',)
15:08:34 - INF - post - ('Ejecutando servicio de Login',)
15:08:34 - INF - post - ('Ejecutando servicio de Login',)
15:09:15 - INF - get - ('Ejecutando servicio de Listar Usuario',)
15:09:16 - INF - get - ('Ejecutando servicio de Listar Usuario',)
15:10:26 - INF - get - ('Ejecutando servicio de Listar Usuario',)
15:10:34 - INF - post - ('Ejecutando servicio de Login',)
15:10:38 - INF - post - ('Ejecutando servicio de Login',)
15:10:39 - INF - post - ('Ejecutando servicio de Login',)
15:10:39 - INF - post - ('Ejecutando servicio de Login',)
15:10:39 - INF - post - ('Ejecutando servicio de Login',)
15:10:40 - INF - post - ('Ejecutando servicio de Login',)
15:10:40 - INF - post - ('Ejecutando servicio de Login',)
15:11:32 - INF - get - ('Ejecutando servicio de Listar Usuario',)
15:11:41 - INF - post - ('Ejecutando servicio de Login',)
15:11:46 - INF - get - ('Ejecutando servicio de Publicaciones',)
15:11:46 - INF - get - ('Ejecutando servicio de Publicaciones',)
15:11:47 - INF - get - ('Ejecutando servicio de Listar Usuario',)
15:11:47 - INF - get - ('Ejecutando servicio de Listar Usuario',)
15:11:48 - INF - get - ('Ejecutando servicio de Publicaciones',)
15:11:49 - INF - get - ('Ejecutando servicio de Publicaciones',)
15:11:50 - INF - get - ('Ejecutando servicio de Listar Usuario',)
15:11:50 - INF - get - ('Ejecutando servicio de Listar Usuario',)
15:12:03 - INF - post - ('Ejecutando servicio de Login',)
15:12:05 - INF - post - ('Ejecutando servicio de Login',)
15:12:30 - INF - get - ('Ejecutando servicio de Listar Usuario',)
15:13:31 - INF - post - ('Ejecutando servicio de Login',)
15:13:53 - INF - post - ('Ejecutando servicio de Login',)
15:13:54 - INF - get - ('Ejecutando servicio de Listar Usuario',)
15:14:10 - INF - post - ('Ejecutando servicio de Login',)
15:14:13 - INF - get - ('Ejecutando servicio de Listar Usuario',)
15:14:41 - INF - get - ('Ejecutando servicio de Listar Usuario',)
15:14:42 - INF - post - ('Ejecutando servicio de Login',)
15:21:02 - INF - post - ('Ejecutando servicio de Login',)
15:21:14 - INF - get - ('Ejecutando servicio de Listar Usuario',)
15:21:15 - INF - get - ('Ejecutando servicio de Listar Usuario',)
15:21:28 - INF - post - ('Ejecutando servicio de Login',)
15:21:37 - INF - post - ('Ejecutando servicio de Login',)
15:21:42 - INF - post - ('Ejecutando servicio de Login',)
15:21:57 - INF - post - ('Ejecutando servicio de Login',)
15:22:07 - INF - get - ('Ejecutando servicio de Publicaciones',)
15:22:08 - INF - get - ('Ejecutando servicio de Listar Usuario',)
15:22:08 - INF - get - ('Ejecutando servicio de Listar Usuario',)
15:22:08 - INF - get - ('Ejecutando servicio de Publicaciones',)
15:22:20 - INF - post - ('Ejecutando servicio de Login',)
15:22:35 - INF - post - ('Ejecutando servicio de Login',)
15:23:39 - INF - get - ('Ejecutando servicio de Listar Usuario',)
15:23:39 - INF - get - ('Ejecutando servicio de Listar Usuario',)
15:26:14 - INF - get - ('Ejecutando servicio de Listar Usuario',)
15:26:43 - INF - post - ('Ejecutando servicio de Login',)
15:28:32 - INF - get - ('Ejecutando servicio de Listar Usuario',)
15:28:36 - INF - post - ('Ejecutando servicio de Login',)
15:29:05 - INF - post - ('Ejecutando servicio de Login',)
15:29:06 - INF - get - ('Ejecutando servicio de Publicaciones',)
15:29:06 - INF - get - ('Ejecutando servicio de Publicaciones',)
15:29:09 - INF - get - ('Ejecutando servicio de Listar Usuario',)
15:29:09 - INF - get - ('Ejecutando servicio de Listar Usuario',)
15:29:13 - INF - post - ('Ejecutando servicio de Login',)
15:31:29 - INF - post - ('Ejecutando servicio de Login',)
15:31:30 - INF - get - ('Ejecutando servicio de Publicaciones',)
15:31:31 - INF - get - ('Ejecutando servicio de Publicaciones',)
15:31:32 - INF - get - ('Ejecutando servicio de Listar Usuario',)
15:31:32 - INF - get - ('Ejecutando servicio de Listar Usuario',)
15:31:35 - INF - post - ('Ejecutando servicio de Login',)
15:32:15 - INF - post - ('Ejecutando servicio de Login',)
15:32:16 - INF - get - ('Ejecutando servicio de Publicaciones',)
15:32:17 - INF - get - ('Ejecutando servicio de Publicaciones',)
15:32:21 - INF - get - ('Ejecutando servicio de Listar Usuario',)
15:32:21 - INF - get - ('Ejecutando servicio de Listar Usuario',)
15:32:24 - INF - post - ('Ejecutando servicio de Login',)
14:34:58 - INF - post - ('Ejecutando servicio de Login',)
14:35:00 - INF - get - ('Ejecutando servicio de Publicaciones',)
14:35:02 - INF - get - ('Ejecutando servicio de Publicaciones',)
14:35:04 - INF - get - ('Ejecutando servicio de Listar Usuario',)
14:35:04 - INF - get - ('Ejecutando servicio de Listar Usuario',)
14:35:08 - INF - post - ('Ejecutando servicio de Login',)
14:41:28 - INF - post - ('Ejecutando servicio de Login',)
14:41:29 - INF - get - ('Ejecutando servicio de Publicaciones',)
14:41:29 - INF - get - ('Ejecutando servicio de Publicaciones',)
14:41:43 - INF - get - ('Ejecutando servicio de Listar Usuario',)
14:41:43 - INF - get - ('Ejecutando servicio de Listar Usuario',)
14:41:47 - INF - post - ('Ejecutando servicio de Login',)
14:42:26 - INF - post - ('Ejecutando servicio de Login',)
14:42:27 - INF - get - ('Ejecutando servicio de Publicaciones',)
14:42:30 - INF - get - ('Ejecutando servicio de Publicaciones',)
14:42:31 - INF - get - ('Ejecutando servicio de Listar Usuario',)
14:42:32 - INF - get - ('Ejecutando servicio de Listar Usuario',)
14:42:33 - INF - post - ('Ejecutando servicio de Registro',)
14:42:36 - INF - post - ('Ejecutando servicio de Registro',)
14:42:39 - INF - get - ('Ejecutando servicio de Publicaciones',)
14:42:39 - INF - get - ('Ejecutando servicio de Publicaciones',)
14:42:40 - INF - get - ('Ejecutando servicio de Listar Usuario',)
14:42:40 - INF - get - ('Ejecutando servicio de Listar Usuario',)
14:42:57 - INF - get - ('Ejecutando servicio de Publicaciones',)
14:42:57 - INF - get - ('Ejecutando servicio de lista de amigos activos',)
14:42:57 - INF - get - ('Ejecutando servicio de lista de amigos activos',)
14:42:57 - INF - get - ('Ejecutando servicio de Publicaciones',)
14:43:03 - INF - get - ('Ejecutando servicio de Listar Usuario',)
14:43:03 - INF - get - ('Ejecutando servicio de Listar Usuario',)
14:43:04 - INF - get - ('Ejecutando servicio de lista de amigos activos',)
14:43:04 - INF - get - ('Ejecutando servicio de Publicaciones',)
14:43:04 - INF - post - ('Ejecutando servicio de Registro',)
14:43:04 - INF - post - ('Ejecutando servicio de Registro',)
14:43:04 - INF - post - ('Ejecutando servicio de Login',)
14:43:04 - INF - post - ('Ejecutando servicio de Login',)
14:43:04 - INF - get - ('Ejecutando servicio de lista de amigos activos',)
14:43:05 - INF - get - ('Ejecutando servicio de Publicaciones',)
14:43:07 - INF - put - ('Ejecutando servicio de Dejar de Seguir',)
14:43:10 - INF - get - ('Ejecutando servicio de Publicaciones',)
14:43:11 - INF - get - ('Ejecutando servicio de Publicaciones',)
14:43:12 - INF - get - ('Ejecutando servicio de Listar Usuario',)
14:43:12 - INF - get - ('Ejecutando servicio de Listar Usuario',)
14:43:31 - INF - get - ('Ejecutando servicio de Listar Usuario',)
14:43:31 - INF - get - ('Ejecutando servicio de Listar Usuario',)
14:43:32 - INF - get - ('Ejecutando servicio de lista de amigos activos',)
14:43:32 - INF - get - ('Ejecutando servicio de Publicaciones',)
14:43:32 - INF - post - ('Ejecutando servicio de Registro',)
14:43:32 - INF - post - ('Ejecutando servicio de Registro',)
14:43:32 - INF - post - ('Ejecutando servicio de Login',)
14:43:32 - INF - post - ('Ejecutando servicio de Login',)
14:43:32 - INF - get - ('Ejecutando servicio de lista de amigos activos',)
14:43:33 - INF - get - ('Ejecutando servicio de Publicaciones',)
14:43:46 - INF - get - ('Ejecutando servicio de Publicaciones',)
14:43:46 - INF - get - ('Ejecutando servicio de Publicaciones',)
14:43:48 - INF - get - ('Ejecutando servicio de Publicaciones',)
14:43:48 - INF - get - ('Ejecutando servicio de lista de amigos activos',)
14:43:48 - INF - get - ('Ejecutando servicio de lista de amigos activos',)
14:43:48 - INF - get - ('Ejecutando servicio de Publicaciones',)
14:45:15 - INF - post - ('Ejecutando servicio de Login',)
14:45:16 - INF - get - ('Ejecutando servicio de Publicaciones',)
14:45:16 - INF - get - ('Ejecutando servicio de Publicaciones',)
14:45:25 - INF - get - ('Ejecutando servicio de lista de amigos activos',)
14:45:25 - INF - get - ('Ejecutando servicio de lista de amigos activos',)
14:45:25 - INF - get - ('Ejecutando servicio de Publicaciones',)
14:45:30 - INF - get - ('Ejecutando servicio de Listar Usuario',)
14:45:30 - INF - get - ('Ejecutando servicio de Listar Usuario',)
14:45:33 - INF - post - ('Ejecutando servicio de Registro',)
14:45:34 - INF - post - ('Ejecutando servicio de Registro',)
14:45:37 - INF - post - ('Ejecutando servicio de Registro',)
14:45:59 - INF - post - ('Ejecutando servicio de Login',)
14:48:00 - INF - post - ('Ejecutando servicio de Login',)
14:48:01 - INF - get - ('Ejecutando servicio de Publicaciones',)
14:48:01 - INF - get - ('Ejecutando servicio de Publicaciones',)
14:48:03 - INF - get - ('Ejecutando servicio de Listar Usuario',)
14:48:04 - INF - get - ('Ejecutando servicio de Listar Usuario',)
14:48:14 - INF - post - ('Ejecutando servicio de Login',)
14:49:03 - INF - post - ('Ejecutando servicio de Login',)
14:49:04 - INF - get - ('Ejecutando servicio de Publicaciones',)
14:49:05 - INF - get - ('Ejecutando servicio de Publicaciones',)
14:49:09 - INF - get - ('Ejecutando servicio de Listar Usuario',)
14:49:10 - INF - get - ('Ejecutando servicio de Listar Usuario',)
14:49:12 - INF - post - ('Ejecutando servicio de Login',)
14:50:17 - INF - post - ('Ejecutando servicio de Login',)
14:50:41 - INF - <module> - ('Servicio Finalizado',)
14:51:02 - INF - <module> - ('Servicio Finalizado',)
14:51:52 - INF - <module> - ('Servicio Iniciado',)
14:52:01 - INF - <module> - ('Servicio Iniciado',)
14:52:11 - INF - <module> - ('Servicio Finalizado',)
14:52:11 - INF - <module> - ('Servicio Finalizado',)
14:52:15 - INF - <module> - ('Servicio Iniciado',)
14:52:18 - INF - <module> - ('Servicio Iniciado',)
14:52:20 - INF - post - ('Ejecutando servicio de Login',)
14:53:03 - INF - post - ('Ejecutando servicio de Login',)
14:56:59 - INF - post - ('Ejecutando servicio de Login',)
14:57:00 - INF - get - ('Ejecutando servicio de Publicaciones',)
14:57:00 - INF - get - ('Ejecutando servicio de Publicaciones',)
14:57:07 - INF - get - ('Ejecutando servicio de Listar Usuario',)
14:57:07 - INF - get - ('Ejecutando servicio de Listar Usuario',)
14:57:12 - INF - post - ('Ejecutando servicio de Login',)
14:57:49 - INF - get - ('Ejecutando servicio de Listar Usuario',)
14:57:58 - INF - post - ('Ejecutando servicio de Login',)
14:59:13 - INF - get - ('Ejecutando servicio de Listar Usuario',)
14:59:17 - INF - post - ('Ejecutando servicio de Login',)
15:02:12 - INF - get - ('Ejecutando servicio de Listar Usuario',)
15:02:16 - INF - post - ('Ejecutando servicio de Login',)
15:05:21 - INF - get - ('Ejecutando servicio de Listar Usuario',)
15:05:23 - INF - post - ('Ejecutando servicio de Login',)
15:09:20 - INF - post - ('Ejecutando servicio de Login',)
15:09:21 - INF - get - ('Ejecutando servicio de Publicaciones',)
15:09:21 - INF - get - ('Ejecutando servicio de Publicaciones',)
15:09:23 - INF - get - ('Ejecutando servicio de Listar Usuario',)
15:09:23 - INF - get - ('Ejecutando servicio de Listar Usuario',)
15:09:27 - INF - post - ('Ejecutando servicio de Login',)
15:11:23 - INF - post - ('Ejecutando servicio de Login',)
15:11:25 - INF - get - ('Ejecutando servicio de Publicaciones',)
15:11:25 - INF - get - ('Ejecutando servicio de Publicaciones',)
15:11:28 - INF - get - ('Ejecutando servicio de Listar Usuario',)
15:11:29 - INF - get - ('Ejecutando servicio de Listar Usuario',)
15:11:33 - INF - post - ('Ejecutando servicio de Login',)
15:12:57 - INF - get - ('Ejecutando servicio de Listar Usuario',)
15:13:03 - INF - post - ('Ejecutando servicio de Login',)
15:13:15 - INF - post - ('Ejecutando servicio de Login',)
15:13:17 - INF - post - ('Ejecutando servicio de Login',)
15:13:57 - INF - post - ('Ejecutando servicio de Login',)
15:14:28 - INF - post - ('Ejecutando servicio de Login',)
15:14:31 - INF - get - ('Ejecutando servicio de Listar Usuario',)
15:14:54 - INF - get - ('Ejecutando servicio de Listar Usuario',)
15:15:00 - INF - post - ('Ejecutando servicio de Login',)
15:16:39 - INF - get - ('Ejecutando servicio de Listar Usuario',)
15:19:16 - INF - get - ('Ejecutando servicio de Listar Usuario',)
15:19:23 - INF - post - ('Ejecutando servicio de Login',)
15:19:47 - INF - get - ('Ejecutando servicio de Listar Usuario',)
15:20:01 - INF - get - ('Ejecutando servicio de Listar Usuario',)
15:20:11 - INF - post - ('Ejecutando servicio de Login',)
15:21:08 - INF - get - ('Ejecutando servicio de Listar Usuario',)
15:21:08 - INF - post - ('Ejecutando servicio de Login',)
15:26:09 - INF - get - ('Ejecutando servicio de Listar Usuario',)
15:26:26 - INF - get - ('Ejecutando servicio de Listar Usuario',)
15:26:29 - INF - post - ('Ejecutando servicio de Login',)
15:26:35 - INF - post - ('Ejecutando servicio de Login',)
15:26:54 - INF - post - ('Ejecutando servicio de Login',)
15:27:08 - INF - get - ('Ejecutando servicio de Publicaciones',)
15:27:09 - INF - get - ('Ejecutando servicio de Publicaciones',)
15:27:09 - INF - get - ('Ejecutando servicio de Listar Usuario',)
15:27:10 - INF - get - ('Ejecutando servicio de Listar Usuario',)
15:27:13 - INF - post - ('Ejecutando servicio de Login',)
15:27:23 - INF - get - ('Ejecutando servicio de Listar Usuario',)
15:27:24 - INF - get - ('Ejecutando servicio de Listar Usuario',)
15:27:24 - INF - get - ('Ejecutando servicio de lista de amigos activos',)
15:27:24 - INF - post - ('Ejecutando servicio de Registro',)
15:27:24 - INF - get - ('Ejecutando servicio de Publicaciones',)
15:27:24 - INF - post - ('Ejecutando servicio de Registro',)
15:27:24 - INF - post - ('Ejecutando servicio de Login',)
15:27:24 - INF - post - ('Ejecutando servicio de Login',)
15:27:24 - INF - get - ('Ejecutando servicio de lista de amigos activos',)
15:27:25 - INF - get - ('Ejecutando servicio de Publicaciones',)
15:27:27 - INF - get - ('Ejecutando servicio de Publicaciones',)
15:27:28 - INF - get - ('Ejecutando servicio de Listar Usuario',)
15:27:29 - INF - get - ('Ejecutando servicio de Publicaciones',)
15:27:29 - INF - get - ('Ejecutando servicio de Listar Usuario',)
15:30:02 - INF - get - ('Ejecutando servicio de Publicaciones',)
15:31:07 - INF - get - ('Ejecutando servicio de Listar Usuario',)
15:31:24 - INF - post - ('Ejecutando servicio de Login',)
15:31:47 - INF - get - ('Ejecutando servicio de Listar Usuario',)
15:31:55 - INF - get - ('Ejecutando servicio de Listar Usuario',)
15:31:55 - INF - get - ('Ejecutando servicio de Listar Usuario',)
15:31:55 - INF - get - ('Ejecutando servicio de lista de amigos activos',)
15:31:55 - INF - post - ('Ejecutando servicio de Registro',)
15:31:55 - INF - post - ('Ejecutando servicio de Registro',)
15:31:55 - INF - get - ('Ejecutando servicio de Publicaciones',)
15:31:56 - INF - get - ('Ejecutando servicio de lista de amigos activos',)
15:31:56 - INF - post - ('Ejecutando servicio de Login',)
15:31:56 - INF - post - ('Ejecutando servicio de Login',)
15:31:56 - INF - get - ('Ejecutando servicio de Publicaciones',)
15:31:56 - INF - get - ('Ejecutando servicio de Listar Usuario',)
15:31:57 - INF - get - ('Ejecutando servicio de Listar Usuario',)
15:31:59 - INF - post - ('Ejecutando servicio de Login',)
15:33:08 - INF - get - ('Ejecutando servicio de Listar Usuario',)
15:33:13 - INF - get - ('Ejecutando servicio de lista de amigos activos',)
15:33:13 - INF - get - ('Ejecutando servicio de Publicaciones',)
15:33:13 - INF - get - ('Ejecutando servicio de Publicaciones',)
15:33:14 - INF - get - ('Ejecutando servicio de lista de amigos activos',)
14:34:08 - INF - get - ('Ejecutando servicio de lista de amigos activos',)
14:34:08 - INF - get - ('Ejecutando servicio de Publicaciones',)
14:34:19 - INF - get - ('Ejecutando servicio de Listar Usuario',)
14:34:34 - INF - get - ('Ejecutando servicio de Listar Usuario',)
14:34:43 - INF - post - ('Ejecutando servicio de Login',)
14:34:58 - INF - get - ('Ejecutando servicio de Publicaciones',)
14:34:58 - INF - get - ('Ejecutando servicio de Listar Usuario',)
14:34:58 - INF - get - ('Ejecutando servicio de Publicaciones',)
14:34:59 - INF - get - ('Ejecutando servicio de Listar Usuario',)
14:35:08 - INF - get - ('Ejecutando servicio de Publicaciones',)
14:35:09 - INF - get - ('Ejecutando servicio de Publicaciones',)
14:44:22 - INF - post - ('Ejecutando servicio de Login',)
14:44:23 - INF - get - ('Ejecutando servicio de Publicaciones',)
14:44:23 - INF - get - ('Ejecutando servicio de Publicaciones',)
14:44:27 - INF - get - ('Ejecutando servicio de lista de amigos activos',)
14:44:27 - INF - get - ('Ejecutando servicio de Publicaciones',)
14:44:28 - INF - get - ('Ejecutando servicio de lista de amigos activos',)
14:44:28 - INF - get - ('Ejecutando servicio de Publicaciones',)
14:44:39 - INF - post - ('Ejecutando servicio de Foto',)
14:44:39 - INF - get - ('Ejecutando servicio de lista de amigos activos',)
14:44:39 - INF - get - ('Ejecutando servicio de Publicaciones',)
14:44:51 - INF - post - ('Ejecutando servicio de Login',)
14:44:52 - INF - get - ('Ejecutando servicio de Publicaciones',)
14:44:52 - INF - get - ('Ejecutando servicio de Publicaciones',)
14:44:55 - INF - get - ('Ejecutando servicio de lista de amigos activos',)
14:44:55 - INF - get - ('Ejecutando servicio de Publicaciones',)
14:44:56 - INF - get - ('Ejecutando servicio de lista de amigos activos',)
14:44:57 - INF - get - ('Ejecutando servicio de Publicaciones',)
14:45:02 - INF - get - ('Ejecutando servicio de Publicaciones',)
14:45:02 - INF - get - ('Ejecutando servicio de Publicaciones',)
14:45:03 - INF - get - ('Ejecutando servicio de Listar Usuario',)
14:45:03 - INF - get - ('Ejecutando servicio de Listar Usuario',)
14:45:07 - INF - get - ('Ejecutando servicio de Publicaciones',)
14:45:07 - INF - get - ('Ejecutando servicio de Publicaciones',)
14:56:54 - INF - <module> - ('Servicio Finalizado',)
14:56:57 - INF - <module> - ('Servicio Finalizado',)
15:06:27 - INF - <module> - ('Servicio Iniciado',)
15:06:35 - INF - <module> - ('Servicio Iniciado',)
15:07:08 - INF - get - ('Ejecutando servicio de lista de amigos activos',)
15:07:08 - INF - get - ('Ejecutando servicio de Publicaciones',)
15:07:10 - INF - get - ('Ejecutando servicio de Publicaciones',)
15:07:10 - INF - get - ('Ejecutando servicio de lista de amigos activos',)
15:07:16 - INF - get - ('Ejecutando servicio de Publicaciones',)
15:07:17 - INF - get - ('Ejecutando servicio de Publicaciones',)
15:07:18 - INF - get - ('Ejecutando servicio de Listar Usuario',)
15:07:19 - INF - get - ('Ejecutando servicio de Listar Usuario',)
15:07:21 - INF - get - ('Ejecutando servicio de Publicaciones',)
15:07:21 - INF - get - ('Ejecutando servicio de Publicaciones',)
15:07:40 - INF - get - ('Ejecutando servicio de lista de amigos activos',)
15:07:40 - INF - get - ('Ejecutando servicio de Publicaciones',)
15:07:40 - INF - get - ('Ejecutando servicio de Publicaciones',)
15:07:41 - INF - get - ('Ejecutando servicio de lista de amigos activos',)
15:07:49 - INF - get - ('Ejecutando servicio de Publicaciones',)
15:07:50 - INF - get - ('Ejecutando servicio de Publicaciones',)
15:08:09 - INF - post - ('Ejecutando servicio de Registro',)
15:08:10 - INF - get - ('Ejecutando servicio de lista de amigos',)
15:08:10 - INF - get - ('Ejecutando servicio de Publicaciones',)
15:08:14 - INF - post - ('Ejecutando servicio de Registro',)
15:08:14 - INF - get - ('Ejecutando servicio de lista de amigos',)
15:08:15 - INF - get - ('Ejecutando servicio de Publicaciones',)
15:08:19 - INF - post - ('Ejecutando servicio de Registro',)
15:08:19 - INF - get - ('Ejecutando servicio de lista de amigos',)
15:08:20 - INF - get - ('Ejecutando servicio de Publicaciones',)
15:08:23 - INF - post - ('Ejecutando servicio de Registro',)
15:08:24 - INF - get - ('Ejecutando servicio de lista de amigos',)
15:08:24 - INF - get - ('Ejecutando servicio de Publicaciones',)
15:08:28 - INF - get - ('Ejecutando servicio de lista de amigos',)
15:31:14 - INF - <module> - ('Servicio Finalizado',)
15:31:23 - INF - <module> - ('Servicio Finalizado',)
15:07:28 - INF - <module> - ('Servicio Iniciado',)
15:07:30 - INF - <module> - ('Servicio Iniciado',)
14:52:32 - INF - <module> - ('Servicio Finalizado',)
14:52:33 - INF - <module> - ('Servicio Finalizado',)
