15:21:34 - INF - <module> - ('Servicio Iniciado',)
15:21:45 - INF - <module> - ('Servicio Iniciado',)
15:24:20 - INF - post - ('Ejecutando servicio de Foto',)
15:35:18 - INF - post - ('Ejecutando servicio de Foto',)
15:36:39 - INF - post - ('Ejecutando servicio de Login',)
15:36:44 - INF - get - ('Ejecutando servicio de lista de amigos activos',)
15:36:44 - INF - get - ('Ejecutando servicio de lista de amigos activos',)
15:40:27 - INF - get - ('Ejecutando servicio de lista de amigos activos',)
15:40:48 - INF - post - ('Ejecutando servicio de Foto',)
15:42:36 - INF - get - ('Ejecutando servicio de lista de amigos activos',)
15:45:59 - INF - post - ('Ejecutando servicio de Login',)
15:46:03 - INF - get - ('Ejecutando servicio de lista de amigos activos',)
15:46:03 - INF - get - ('Ejecutando servicio de lista de amigos activos',)
15:50:47 - INF - <module> - ('Servicio Finalizado',)
15:50:58 - INF - <module> - ('Servicio Finalizado',)
15:51:42 - INF - <module> - ('Servicio Iniciado',)
15:51:46 - INF - <module> - ('Servicio Iniciado',)
15:53:33 - INF - post - ('Ejecutando servicio de Login',)
15:54:43 - INF - post - ('Ejecutando servicio de Login',)
15:54:59 - INF - post - ('Ejecutando servicio de Login',)
15:55:20 - INF - <module> - ('Servicio Finalizado',)
15:55:29 - INF - <module> - ('Servicio Iniciado',)
15:55:29 - INF - post - ('Ejecutando servicio de Login',)
15:56:03 - INF - <module> - ('Servicio Finalizado',)
15:56:17 - INF - <module> - ('Servicio Iniciado',)
15:59:55 - INF - <module> - ('Servicio Finalizado',)
16:00:02 - INF - <module> - ('Servicio Iniciado',)
16:00:07 - INF - post - ('Ejecutando servicio de Login',)
16:05:53 - INF - get - ('Ejecutando servicio de lista de amigos activos',)
16:05:55 - INF - get - ('Ejecutando servicio de lista de amigos activos',)
16:06:20 - INF - post - ('Ejecutando servicio de Foto',)
16:06:36 - INF - get - ('Ejecutando servicio de lista de amigos activos',)
16:06:36 - INF - get - ('Ejecutando servicio de lista de amigos activos',)
16:06:51 - INF - post - ('Ejecutando servicio de Login',)
16:06:55 - INF - get - ('Ejecutando servicio de lista de amigos activos',)
16:06:55 - INF - get - ('Ejecutando servicio de lista de amigos activos',)
16:07:05 - INF - post - ('Ejecutando servicio de Foto',)
16:11:21 - INF - get - ('Ejecutando servicio de lista de amigos activos',)
16:11:21 - INF - get - ('Ejecutando servicio de lista de amigos activos',)
16:12:53 - INF - get - ('Ejecutando servicio de lista de amigos activos',)
16:13:15 - INF - post - ('Ejecutando servicio de Login',)
16:13:20 - INF - get - ('Ejecutando servicio de lista de amigos activos',)
16:13:21 - INF - get - ('Ejecutando servicio de lista de amigos activos',)
16:16:44 - INF - get - ('Ejecutando servicio de lista de amigos activos',)
16:18:53 - INF - get - ('Ejecutando servicio de lista de amigos activos',)
16:19:13 - INF - post - ('Ejecutando servicio de Login',)
16:19:17 - INF - get - ('Ejecutando servicio de lista de amigos activos',)
16:19:17 - INF - get - ('Ejecutando servicio de lista de amigos activos',)
16:24:16 - INF - post - ('Ejecutando servicio de Login',)
16:24:20 - INF - get - ('Ejecutando servicio de lista de amigos activos',)
16:24:21 - INF - get - ('Ejecutando servicio de lista de amigos activos',)
16:24:28 - INF - post - ('Ejecutando servicio de Login',)
16:24:46 - INF - get - ('Ejecutando servicio de lista de amigos activos',)
16:24:46 - INF - get - ('Ejecutando servicio de lista de amigos activos',)
16:27:05 - INF - get - ('Ejecutando servicio de lista de amigos activos',)
16:27:15 - INF - post - ('Ejecutando servicio de Login',)
16:27:18 - INF - get - ('Ejecutando servicio de lista de amigos activos',)
16:27:19 - INF - get - ('Ejecutando servicio de lista de amigos activos',)
16:29:15 - INF - get - ('Ejecutando servicio de lista de amigos activos',)
16:36:07 - INF - post - ('Ejecutando servicio de Login',)
16:36:07 - INF - post - ('Ejecutando servicio de Login',)
16:36:14 - INF - get - ('Ejecutando servicio de lista de amigos activos',)
16:36:14 - INF - get - ('Ejecutando servicio de lista de amigos activos',)
16:36:28 - INF - post - ('Ejecutando servicio de Foto',)
16:36:56 - INF - post - ('Ejecutando servicio de Foto',)
16:37:07 - INF - get - ('Ejecutando servicio de lista de amigos activos',)
16:37:08 - INF - get - ('Ejecutando servicio de lista de amigos activos',)
16:37:25 - INF - post - ('Ejecutando servicio de Foto',)
16:37:37 - INF - post - ('Ejecutando servicio de Foto',)
16:37:52 - INF - post - ('Ejecutando servicio de Foto',)
16:38:17 - INF - post - ('Ejecutando servicio de Login',)
16:38:21 - INF - get - ('Ejecutando servicio de lista de amigos activos',)
16:38:21 - INF - get - ('Ejecutando servicio de lista de amigos activos',)
16:38:27 - INF - post - ('Ejecutando servicio de Foto',)
16:38:52 - INF - post - ('Ejecutando servicio de Foto',)
16:39:09 - INF - post - ('Ejecutando servicio de Foto',)
16:39:16 - INF - get - ('Ejecutando servicio de lista de amigos activos',)
16:39:16 - INF - get - ('Ejecutando servicio de lista de amigos activos',)
16:39:24 - INF - post - ('Ejecutando servicio de Foto',)
16:39:37 - INF - get - ('Ejecutando servicio de lista de amigos activos',)
16:39:37 - INF - get - ('Ejecutando servicio de lista de amigos activos',)
16:40:30 - INF - post - ('Ejecutando servicio de Foto',)
16:40:40 - INF - get - ('Ejecutando servicio de lista de amigos activos',)
16:41:27 - INF - post - ('Ejecutando servicio de Login',)
16:41:32 - INF - get - ('Ejecutando servicio de lista de amigos activos',)
16:41:33 - INF - get - ('Ejecutando servicio de lista de amigos activos',)
16:41:46 - INF - post - ('Ejecutando servicio de Foto',)
16:42:20 - INF - get - ('Ejecutando servicio de lista de amigos activos',)
16:42:20 - INF - get - ('Ejecutando servicio de lista de amigos activos',)
16:44:41 - INF - post - ('Ejecutando servicio de Login',)
16:44:46 - INF - get - ('Ejecutando servicio de lista de amigos activos',)
16:44:46 - INF - get - ('Ejecutando servicio de lista de amigos activos',)
16:44:56 - INF - post - ('Ejecutando servicio de Foto',)
16:45:10 - INF - post - ('Ejecutando servicio de Login',)
16:48:33 - INF - get - ('Ejecutando servicio de lista de amigos activos',)
16:48:47 - INF - get - ('Ejecutando servicio de lista de amigos activos',)
16:49:03 - INF - post - ('Ejecutando servicio de Foto',)
16:49:03 - INF - get - ('Ejecutando servicio de lista de amigos activos',)
16:52:09 - INF - get - ('Ejecutando servicio de lista de amigos activos',)
16:52:10 - INF - get - ('Ejecutando servicio de lista de amigos activos',)
16:52:31 - INF - post - ('Ejecutando servicio de Foto',)
16:52:31 - INF - get - ('Ejecutando servicio de lista de amigos activos',)
16:52:32 - INF - get - ('Ejecutando servicio de lista de amigos activos',)
16:52:47 - INF - get - ('Ejecutando servicio de lista de amigos activos',)
16:52:47 - INF - get - ('Ejecutando servicio de lista de amigos activos',)
16:55:46 - INF - get - ('Ejecutando servicio de lista de amigos activos',)
16:58:04 - INF - post - ('Ejecutando servicio de Login',)
16:58:08 - INF - get - ('Ejecutando servicio de lista de amigos activos',)
16:58:08 - INF - get - ('Ejecutando servicio de lista de amigos activos',)
16:58:16 - INF - post - ('Ejecutando servicio de Foto',)
16:58:16 - INF - get - ('Ejecutando servicio de lista de amigos activos',)
16:58:16 - INF - get - ('Ejecutando servicio de lista de amigos activos',)
17:00:35 - INF - get - ('Ejecutando servicio de lista de amigos activos',)
17:00:49 - INF - post - ('Ejecutando servicio de Login',)
17:00:53 - INF - get - ('Ejecutando servicio de lista de amigos activos',)
17:00:53 - INF - get - ('Ejecutando servicio de lista de amigos activos',)
17:01:04 - INF - post - ('Ejecutando servicio de Foto',)
17:01:22 - INF - post - ('Ejecutando servicio de Login',)
17:01:29 - INF - get - ('Ejecutando servicio de lista de amigos activos',)
17:01:29 - INF - get - ('Ejecutando servicio de lista de amigos activos',)
17:02:58 - INF - get - ('Ejecutando servicio de lista de amigos activos',)
17:03:13 - INF - post - ('Ejecutando servicio de Login',)
17:03:18 - INF - get - ('Ejecutando servicio de lista de amigos activos',)
17:03:18 - INF - get - ('Ejecutando servicio de lista de amigos activos',)
17:03:27 - INF - post - ('Ejecutando servicio de Foto',)
17:03:27 - INF - get - ('Ejecutando servicio de lista de amigos activos',)
17:03:28 - INF - get - ('Ejecutando servicio de lista de amigos activos',)
17:03:42 - INF - post - ('Ejecutando servicio de Login',)
17:03:45 - INF - get - ('Ejecutando servicio de lista de amigos activos',)
17:03:46 - INF - get - ('Ejecutando servicio de lista de amigos activos',)
17:04:43 - INF - get - ('Ejecutando servicio de lista de amigos activos',)
17:05:48 - INF - get - ('Ejecutando servicio de lista de amigos activos',)
17:05:48 - INF - get - ('Ejecutando servicio de lista de amigos activos',)
17:06:28 - INF - get - ('Ejecutando servicio de lista de amigos activos',)
17:07:45 - INF - get - ('Ejecutando servicio de lista de amigos activos',)
17:08:26 - INF - post - ('Ejecutando servicio de Login',)
17:08:30 - INF - get - ('Ejecutando servicio de lista de amigos activos',)
17:08:30 - INF - get - ('Ejecutando servicio de lista de amigos activos',)
17:08:36 - INF - post - ('Ejecutando servicio de Foto',)
17:08:36 - INF - get - ('Ejecutando servicio de lista de amigos activos',)
17:08:53 - INF - post - ('Ejecutando servicio de Login',)
17:08:57 - INF - get - ('Ejecutando servicio de lista de amigos activos',)
17:08:57 - INF - get - ('Ejecutando servicio de lista de amigos activos',)
17:11:45 - INF - get - ('Ejecutando servicio de lista de amigos activos',)
17:11:45 - INF - get - ('Ejecutando servicio de lista de amigos activos',)
17:11:49 - INF - get - ('Ejecutando servicio de Listar Usuario',)
17:11:50 - INF - get - ('Ejecutando servicio de lista de amigos activos',)
17:11:50 - INF - get - ('Ejecutando servicio de Listar Usuario',)
17:11:50 - INF - post - ('Ejecutando servicio de Registro',)
17:11:50 - INF - post - ('Ejecutando servicio de Registro',)
17:11:51 - INF - get - ('Ejecutando servicio de lista de amigos activos',)
17:12:36 - INF - <module> - ('Servicio Finalizado',)
17:51:09 - INF - <module> - ('Servicio Iniciado',)
17:51:11 - INF - <module> - ('Servicio Iniciado',)
17:56:15 - INF - post - ('Ejecutando servicio de Login',)
17:56:22 - INF - post - ('Ejecutando servicio de Login',)
17:56:34 - INF - post - ('Ejecutando servicio de Login',)
17:56:45 - INF - get - ('Ejecutando servicio de Listar Usuario',)
17:56:45 - INF - get - ('Ejecutando servicio de Listar Usuario',)
17:56:49 - INF - get - ('Ejecutando servicio de Listar Usuario',)
17:56:49 - INF - get - ('Ejecutando servicio de Listar Usuario',)
17:56:50 - INF - get - ('Ejecutando servicio de lista de amigos activos',)
17:56:50 - INF - post - ('Ejecutando servicio de Registro',)
17:56:50 - INF - post - ('Ejecutando servicio de Registro',)
17:56:50 - INF - get - ('Ejecutando servicio de lista de amigos activos',)
17:57:17 - INF - get - ('Ejecutando servicio de lista de amigos activos',)
17:57:17 - INF - get - ('Ejecutando servicio de lista de amigos activos',)
17:57:47 - INF - post - ('Ejecutando servicio de Login',)
17:57:52 - INF - get - ('Ejecutando servicio de Listar Usuario',)
17:57:53 - INF - get - ('Ejecutando servicio de Listar Usuario',)
17:57:55 - INF - get - ('Ejecutando servicio de lista de amigos activos',)
17:57:55 - INF - get - ('Ejecutando servicio de lista de amigos activos',)
17:58:55 - INF - post - ('Ejecutando servicio de Login',)
17:59:01 - INF - get - ('Ejecutando servicio de lista de amigos activos',)
17:59:01 - INF - get - ('Ejecutando servicio de lista de amigos activos',)
17:59:17 - INF - get - ('Ejecutando servicio de Listar Usuario',)
17:59:17 - INF - get - ('Ejecutando servicio de Listar Usuario',)
17:59:32 - INF - post - ('Ejecutando servicio de Login',)
17:59:36 - INF - get - ('Ejecutando servicio de lista de amigos activos',)
17:59:36 - INF - get - ('Ejecutando servicio de lista de amigos activos',)
17:59:41 - INF - get - ('Ejecutando servicio de Listar Usuario',)
17:59:41 - INF - get - ('Ejecutando servicio de Listar Usuario',)
17:59:43 - INF - post - ('Ejecutando servicio de Registro',)
17:59:45 - INF - get - ('Ejecutando servicio de Listar Usuario',)
17:59:45 - INF - get - ('Ejecutando servicio de Listar Usuario',)
17:59:45 - INF - get - ('Ejecutando servicio de lista de amigos activos',)
17:59:45 - INF - post - ('Ejecutando servicio de Registro',)
17:59:46 - INF - post - ('Ejecutando servicio de Registro',)
17:59:46 - INF - get - ('Ejecutando servicio de lista de amigos activos',)
18:13:20 - INF - post - ('Ejecutando servicio de Login',)
18:13:24 - INF - get - ('Ejecutando servicio de lista de amigos activos',)
18:13:24 - INF - get - ('Ejecutando servicio de lista de amigos activos',)
18:18:55 - INF - get - ('Ejecutando servicio de Listar Usuario',)
18:18:55 - INF - get - ('Ejecutando servicio de lista de amigos activos',)
18:18:55 - INF - get - ('Ejecutando servicio de Listar Usuario',)
18:18:55 - INF - get - ('Ejecutando servicio de lista de amigos activos',)
18:19:44 - INF - post - ('Ejecutando servicio de Login',)
18:19:48 - INF - get - ('Ejecutando servicio de lista de amigos activos',)
18:19:48 - INF - get - ('Ejecutando servicio de lista de amigos activos',)
18:19:50 - INF - get - ('Ejecutando servicio de Listar Usuario',)
18:19:50 - INF - get - ('Ejecutando servicio de Listar Usuario',)
18:19:50 - INF - get - ('Ejecutando servicio de lista de amigos activos',)
18:19:50 - INF - post - ('Ejecutando servicio de Registro',)
18:19:50 - INF - post - ('Ejecutando servicio de Registro',)
18:19:50 - INF - get - ('Ejecutando servicio de lista de amigos activos',)
18:21:22 - INF - get - ('Ejecutando servicio de Listar Usuario',)
18:21:22 - INF - get - ('Ejecutando servicio de lista de amigos activos',)
18:21:22 - INF - post - ('Ejecutando servicio de Registro',)
18:22:10 - INF - get - ('Ejecutando servicio de Listar Usuario',)
18:22:10 - INF - get - ('Ejecutando servicio de lista de amigos activos',)
18:22:10 - INF - post - ('Ejecutando servicio de Registro',)
18:22:14 - INF - get - ('Ejecutando servicio de lista de amigos activos',)
18:22:14 - INF - get - ('Ejecutando servicio de lista de amigos activos',)
18:22:17 - INF - get - ('Ejecutando servicio de Listar Usuario',)
18:22:17 - INF - get - ('Ejecutando servicio de Listar Usuario',)
18:22:17 - INF - get - ('Ejecutando servicio de lista de amigos activos',)
18:22:17 - INF - post - ('Ejecutando servicio de Registro',)
18:22:17 - INF - post - ('Ejecutando servicio de Registro',)
18:22:17 - INF - get - ('Ejecutando servicio de lista de amigos activos',)
18:22:29 - INF - post - ('Ejecutando servicio de Login',)
18:22:33 - INF - get - ('Ejecutando servicio de lista de amigos activos',)
18:22:33 - INF - get - ('Ejecutando servicio de lista de amigos activos',)
18:22:35 - INF - get - ('Ejecutando servicio de lista de amigos activos',)
18:22:35 - INF - get - ('Ejecutando servicio de Listar Usuario',)
18:22:36 - INF - get - ('Ejecutando servicio de Listar Usuario',)
18:22:36 - INF - get - ('Ejecutando servicio de lista de amigos activos',)
18:22:36 - INF - post - ('Ejecutando servicio de Registro',)
18:22:36 - INF - post - ('Ejecutando servicio de Registro',)
18:22:46 - INF - get - ('Ejecutando servicio de lista de amigos activos',)
18:22:46 - INF - get - ('Ejecutando servicio de lista de amigos activos',)
18:22:49 - INF - get - ('Ejecutando servicio de Listar Usuario',)
18:22:49 - INF - get - ('Ejecutando servicio de Listar Usuario',)
18:22:49 - INF - get - ('Ejecutando servicio de lista de amigos activos',)
18:22:50 - INF - post - ('Ejecutando servicio de Registro',)
18:22:50 - INF - post - ('Ejecutando servicio de Registro',)
18:22:50 - INF - get - ('Ejecutando servicio de lista de amigos activos',)
18:23:59 - INF - <module> - ('Servicio Finalizado',)
18:24:01 - INF - <module> - ('Servicio Finalizado',)
18:31:03 - INF - <module> - ('Servicio Iniciado',)
18:31:06 - INF - <module> - ('Servicio Iniciado',)
18:34:10 - INF - get - ('Ejecutando servicio de Listar Usuario',)
18:34:10 - INF - get - ('Ejecutando servicio de Listar Usuario',)
18:34:26 - INF - get - ('Ejecutando servicio de Listar Usuario',)
18:36:01 - INF - <module> - ('Servicio Finalizado',)
18:36:05 - INF - <module> - ('Servicio Iniciado',)
18:36:10 - INF - get - ('Ejecutando servicio de Listar Usuario',)
18:37:43 - INF - <module> - ('Servicio Finalizado',)
18:37:47 - INF - <module> - ('Servicio Iniciado',)
18:37:54 - INF - get - ('Ejecutando servicio de Listar Usuario',)
18:38:12 - INF - <module> - ('Servicio Finalizado',)
18:38:15 - INF - <module> - ('Servicio Iniciado',)
18:38:18 - INF - get - ('Ejecutando servicio de Listar Usuario',)
18:38:23 - INF - <module> - ('Servicio Finalizado',)
18:38:28 - INF - <module> - ('Servicio Iniciado',)
18:38:30 - INF - get - ('Ejecutando servicio de Listar Usuario',)
17:46:40 - INF - get - ('Ejecutando servicio de Listar Usuario',)
17:46:40 - INF - get - ('Ejecutando servicio de lista de amigos activos',)
17:46:40 - INF - get - ('Ejecutando servicio de Listar Usuario',)
17:46:41 - INF - get - ('Ejecutando servicio de lista de amigos activos',)
17:46:41 - INF - get - ('Ejecutando servicio de Listar Usuario',)
17:46:41 - INF - get - ('Ejecutando servicio de Listar Usuario',)
17:46:41 - INF - get - ('Ejecutando servicio de lista de amigos activos',)
17:46:41 - INF - get - ('Ejecutando servicio de lista de amigos activos',)
17:46:52 - INF - get - ('Ejecutando servicio de Listar Usuario',)
17:46:59 - INF - get - ('Ejecutando servicio de Listar Usuario',)
17:47:04 - INF - get - ('Ejecutando servicio de Listar Usuario',)
17:47:08 - INF - get - ('Ejecutando servicio de Listar Usuario',)
17:47:14 - INF - <module> - ('Servicio Finalizado',)
17:47:14 - INF - <module> - ('Servicio Finalizado',)
17:52:09 - INF - <module> - ('Servicio Iniciado',)
17:52:12 - INF - <module> - ('Servicio Iniciado',)
17:53:38 - INF - post - ('Ejecutando servicio de Login',)
17:53:45 - INF - get - ('Ejecutando servicio de lista de amigos activos',)
17:53:45 - INF - get - ('Ejecutando servicio de lista de amigos activos',)
17:53:47 - INF - get - ('Ejecutando servicio de Listar Usuario',)
17:53:48 - INF - get - ('Ejecutando servicio de Listar Usuario',)
17:53:48 - INF - get - ('Ejecutando servicio de lista de amigos activos',)
17:53:48 - INF - post - ('Ejecutando servicio de Registro',)
17:53:48 - INF - post - ('Ejecutando servicio de Registro',)
17:53:48 - INF - get - ('Ejecutando servicio de lista de amigos activos',)
17:53:59 - INF - get - ('Ejecutando servicio de Listar Usuario',)
17:53:59 - INF - get - ('Ejecutando servicio de Listar Usuario',)
17:53:59 - INF - get - ('Ejecutando servicio de lista de amigos activos',)
17:54:00 - INF - get - ('Ejecutando servicio de lista de amigos activos',)
17:54:25 - INF - post - ('Ejecutando servicio de Login',)
17:54:57 - INF - get - ('Ejecutando servicio de lista de amigos activos',)
17:54:58 - INF - get - ('Ejecutando servicio de lista de amigos activos',)
17:55:00 - INF - get - ('Ejecutando servicio de lista de amigos activos',)
17:55:00 - INF - get - ('Ejecutando servicio de Listar Usuario',)
17:55:00 - INF - get - ('Ejecutando servicio de Listar Usuario',)
17:55:00 - INF - get - ('Ejecutando servicio de lista de amigos activos',)
17:55:00 - INF - post - ('Ejecutando servicio de Registro',)
17:55:00 - INF - post - ('Ejecutando servicio de Registro',)
17:55:18 - INF - get - ('Ejecutando servicio de Listar Usuario',)
17:55:19 - INF - get - ('Ejecutando servicio de Listar Usuario',)
17:55:20 - INF - get - ('Ejecutando servicio de Listar Usuario',)
17:55:20 - INF - get - ('Ejecutando servicio de Listar Usuario',)
17:55:21 - INF - get - ('Ejecutando servicio de lista de amigos activos',)
17:55:21 - INF - post - ('Ejecutando servicio de Registro',)
17:55:21 - INF - post - ('Ejecutando servicio de Registro',)
17:55:21 - INF - get - ('Ejecutando servicio de lista de amigos activos',)
17:56:12 - INF - get - ('Ejecutando servicio de Listar Usuario',)
17:56:12 - INF - get - ('Ejecutando servicio de Listar Usuario',)
17:56:14 - INF - get - ('Ejecutando servicio de Listar Usuario',)
17:56:14 - INF - get - ('Ejecutando servicio de Listar Usuario',)
17:56:14 - INF - get - ('Ejecutando servicio de lista de amigos activos',)
17:56:14 - INF - post - ('Ejecutando servicio de Registro',)
17:56:14 - INF - post - ('Ejecutando servicio de Registro',)
17:56:15 - INF - get - ('Ejecutando servicio de lista de amigos activos',)
17:58:54 - INF - <module> - ('Servicio Finalizado',)
17:58:59 - INF - <module> - ('Servicio Iniciado',)
17:59:17 - INF - get - ('Ejecutando servicio de lista de amigos activos',)
17:59:17 - INF - get - ('Ejecutando servicio de lista de amigos activos',)
17:59:21 - INF - get - ('Ejecutando servicio de Listar Usuario',)
17:59:21 - INF - get - ('Ejecutando servicio de lista de amigos activos',)
17:59:21 - INF - post - ('Ejecutando servicio de Registro',)
17:59:21 - INF - get - ('Ejecutando servicio de Listar Usuario',)
17:59:21 - INF - post - ('Ejecutando servicio de Registro',)
17:59:21 - INF - get - ('Ejecutando servicio de lista de amigos activos',)
18:00:59 - INF - get - ('Ejecutando servicio de lista de amigos activos',)
18:01:00 - INF - get - ('Ejecutando servicio de lista de amigos activos',)
18:01:02 - INF - get - ('Ejecutando servicio de Listar Usuario',)
18:01:03 - INF - get - ('Ejecutando servicio de Listar Usuario',)
18:01:03 - INF - get - ('Ejecutando servicio de lista de amigos activos',)
18:01:03 - INF - post - ('Ejecutando servicio de Registro',)
18:01:03 - INF - post - ('Ejecutando servicio de Registro',)
18:01:03 - INF - get - ('Ejecutando servicio de lista de amigos activos',)
18:01:21 - INF - get - ('Ejecutando servicio de Listar Usuario',)
18:01:21 - INF - get - ('Ejecutando servicio de lista de amigos activos',)
18:01:22 - INF - get - ('Ejecutando servicio de Listar Usuario',)
18:01:22 - INF - post - ('Ejecutando servicio de Registro',)
18:01:22 - INF - get - ('Ejecutando servicio de lista de amigos activos',)
18:01:24 - INF - post - ('Ejecutando servicio de Registro',)
18:01:35 - INF - get - ('Ejecutando servicio de Listar Usuario',)
18:01:36 - INF - get - ('Ejecutando servicio de lista de amigos activos',)
18:01:36 - INF - post - ('Ejecutando servicio de Registro',)
18:01:36 - INF - post - ('Ejecutando servicio de Registro',)
18:01:36 - INF - get - ('Ejecutando servicio de Listar Usuario',)
18:01:36 - INF - get - ('Ejecutando servicio de lista de amigos activos',)
18:01:41 - INF - get - ('Ejecutando servicio de lista de amigos activos',)
18:01:41 - INF - get - ('Ejecutando servicio de lista de amigos activos',)
18:01:44 - INF - get - ('Ejecutando servicio de Listar Usuario',)
18:01:45 - INF - get - ('Ejecutando servicio de Listar Usuario',)
18:01:45 - INF - post - ('Ejecutando servicio de Registro',)
18:01:45 - INF - post - ('Ejecutando servicio de Registro',)
18:01:45 - INF - get - ('Ejecutando servicio de lista de amigos activos',)
18:01:45 - INF - get - ('Ejecutando servicio de lista de amigos activos',)
18:02:50 - INF - <module> - ('Servicio Finalizado',)
18:02:55 - INF - <module> - ('Servicio Iniciado',)
18:03:00 - INF - get - ('Ejecutando servicio de Listar Usuario',)
18:03:00 - INF - get - ('Ejecutando servicio de Listar Usuario',)
18:03:01 - INF - get - ('Ejecutando servicio de Listar Usuario',)
18:03:02 - INF - get - ('Ejecutando servicio de Listar Usuario',)
18:03:02 - INF - get - ('Ejecutando servicio de lista de amigos activos',)
18:03:02 - INF - post - ('Ejecutando servicio de Registro',)
18:03:02 - INF - post - ('Ejecutando servicio de Registro',)
18:03:02 - INF - get - ('Ejecutando servicio de lista de amigos activos',)
18:17:08 - INF - <module> - ('Servicio Finalizado',)
18:17:15 - INF - <module> - ('Servicio Iniciado',)
18:17:35 - INF - <module> - ('Servicio Finalizado',)
18:17:38 - INF - <module> - ('Servicio Iniciado',)
18:30:11 - INF - <module> - ('Servicio Finalizado',)
18:30:17 - INF - <module> - ('Servicio Iniciado',)
17:43:25 - INF - <module> - ('Servicio Finalizado',)
17:43:25 - INF - <module> - ('Servicio Finalizado',)
17:45:37 - INF - <module> - ('Servicio Iniciado',)
17:45:40 - INF - <module> - ('Servicio Iniciado',)
17:47:17 - INF - <module> - ('Servicio Finalizado',)
17:47:27 - INF - <module> - ('Servicio Iniciado',)
17:49:02 - INF - post - ('Ejecutando servicio de Login',)
17:49:28 - INF - <module> - ('Servicio Finalizado',)
17:49:32 - INF - <module> - ('Servicio Iniciado',)
17:49:54 - INF - post - ('Ejecutando servicio de Login',)
17:50:09 - INF - post - ('Ejecutando servicio de Login',)
17:57:41 - INF - get - ('Ejecutando servicio de lista de amigos activos',)
17:57:42 - INF - get - ('Ejecutando servicio de lista de amigos activos',)
17:57:44 - INF - get - ('Ejecutando servicio de Listar Usuario',)
17:57:44 - INF - get - ('Ejecutando servicio de Listar Usuario',)
17:57:44 - INF - get - ('Ejecutando servicio de lista de amigos activos',)
17:57:44 - INF - post - ('Ejecutando servicio de Registro',)
17:57:44 - INF - post - ('Ejecutando servicio de Registro',)
17:57:44 - INF - post - ('Ejecutando servicio de Registro',)
17:57:44 - INF - post - ('Ejecutando servicio de Registro',)
17:57:44 - INF - get - ('Ejecutando servicio de lista de amigos activos',)
17:58:37 - INF - get - ('Ejecutando servicio de Listar Usuario',)
17:58:38 - INF - get - ('Ejecutando servicio de lista de amigos activos',)
17:58:38 - INF - post - ('Ejecutando servicio de Registro',)
17:58:38 - INF - post - ('Ejecutando servicio de Login',)
17:59:15 - INF - get - ('Ejecutando servicio de Listar Usuario',)
17:59:16 - INF - get - ('Ejecutando servicio de lista de amigos activos',)
17:59:16 - INF - post - ('Ejecutando servicio de Login',)
17:59:32 - INF - get - ('Ejecutando servicio de Listar Usuario',)
17:59:32 - INF - get - ('Ejecutando servicio de lista de amigos activos',)
17:59:33 - INF - post - ('Ejecutando servicio de Login',)
17:59:33 - INF - post - ('Ejecutando servicio de Registro',)
18:00:12 - INF - get - ('Ejecutando servicio de Listar Usuario',)
18:00:12 - INF - get - ('Ejecutando servicio de lista de amigos activos',)
18:00:12 - INF - post - ('Ejecutando servicio de Registro',)
18:00:12 - INF - post - ('Ejecutando servicio de Login',)
18:00:36 - INF - get - ('Ejecutando servicio de Listar Usuario',)
18:00:36 - INF - get - ('Ejecutando servicio de lista de amigos activos',)
18:00:36 - INF - post - ('Ejecutando servicio de Registro',)
18:00:36 - INF - post - ('Ejecutando servicio de Login',)
18:00:48 - INF - get - ('Ejecutando servicio de lista de amigos activos',)
18:00:48 - INF - get - ('Ejecutando servicio de lista de amigos activos',)
18:00:51 - INF - get - ('Ejecutando servicio de Listar Usuario',)
18:00:51 - INF - get - ('Ejecutando servicio de Listar Usuario',)
18:00:51 - INF - get - ('Ejecutando servicio de lista de amigos activos',)
18:00:51 - INF - post - ('Ejecutando servicio de Registro',)
18:00:51 - INF - post - ('Ejecutando servicio de Registro',)
18:00:51 - INF - get - ('Ejecutando servicio de lista de amigos activos',)
18:03:24 - INF - get - ('Ejecutando servicio de Listar Usuario',)
18:03:24 - INF - get - ('Ejecutando servicio de Listar Usuario',)
18:03:24 - INF - get - ('Ejecutando servicio de lista de amigos activos',)
18:03:25 - INF - post - ('Ejecutando servicio de Registro',)
18:03:25 - INF - post - ('Ejecutando servicio de Registro',)
18:03:25 - INF - get - ('Ejecutando servicio de lista de amigos activos',)
18:03:38 - INF - get - ('Ejecutando servicio de lista de amigos activos',)
18:03:38 - INF - get - ('Ejecutando servicio de lista de amigos activos',)
18:03:40 - INF - get - ('Ejecutando servicio de Listar Usuario',)
18:03:40 - INF - get - ('Ejecutando servicio de Listar Usuario',)
18:03:40 - INF - get - ('Ejecutando servicio de lista de amigos activos',)
18:03:40 - INF - post - ('Ejecutando servicio de Registro',)
18:03:40 - INF - post - ('Ejecutando servicio de Registro',)
18:03:41 - INF - get - ('Ejecutando servicio de lista de amigos activos',)
18:04:47 - INF - get - ('Ejecutando servicio de lista de amigos activos',)
18:04:47 - INF - get - ('Ejecutando servicio de lista de amigos activos',)
18:04:48 - INF - get - ('Ejecutando servicio de Listar Usuario',)
18:04:49 - INF - get - ('Ejecutando servicio de Listar Usuario',)
18:04:49 - INF - post - ('Ejecutando servicio de Registro',)
18:04:49 - INF - get - ('Ejecutando servicio de lista de amigos activos',)
18:04:49 - INF - get - ('Ejecutando servicio de lista de amigos activos',)
18:05:21 - INF - get - ('Ejecutando servicio de Listar Usuario',)
18:05:21 - INF - get - ('Ejecutando servicio de Listar Usuario',)
18:05:21 - INF - get - ('Ejecutando servicio de lista de amigos activos',)
18:05:22 - INF - post - ('Ejecutando servicio de Registro',)
18:05:22 - INF - post - ('Ejecutando servicio de Registro',)
18:05:22 - INF - get - ('Ejecutando servicio de lista de amigos activos',)
18:05:50 - INF - post - ('Ejecutando servicio de Login',)
18:05:56 - INF - get - ('Ejecutando servicio de lista de amigos activos',)
18:05:56 - INF - get - ('Ejecutando servicio de lista de amigos activos',)
18:05:58 - INF - get - ('Ejecutando servicio de lista de amigos activos',)
18:05:58 - INF - get - ('Ejecutando servicio de Listar Usuario',)
18:05:58 - INF - get - ('Ejecutando servicio de Listar Usuario',)
18:05:58 - INF - get - ('Ejecutando servicio de lista de amigos activos',)
18:05:58 - INF - post - ('Ejecutando servicio de Registro',)
18:05:58 - INF - post - ('Ejecutando servicio de Registro',)
18:06:38 - INF - get - ('Ejecutando servicio de Listar Usuario',)
18:06:38 - INF - get - ('Ejecutando servicio de lista de amigos activos',)
18:06:39 - INF - post - ('Ejecutando servicio de Registro',)
18:06:39 - INF - post - ('Ejecutando servicio de Login',)
18:06:49 - INF - get - ('Ejecutando servicio de lista de amigos activos',)
18:06:49 - INF - get - ('Ejecutando servicio de lista de amigos activos',)
18:06:51 - INF - get - ('Ejecutando servicio de lista de amigos activos',)
18:06:51 - INF - get - ('Ejecutando servicio de Listar Usuario',)
18:06:51 - INF - get - ('Ejecutando servicio de Listar Usuario',)
18:06:51 - INF - get - ('Ejecutando servicio de lista de amigos activos',)
18:06:51 - INF - post - ('Ejecutando servicio de Registro',)
18:06:51 - INF - post - ('Ejecutando servicio de Registro',)
18:09:36 - INF - get - ('Ejecutando servicio de Listar Usuario',)
18:09:36 - INF - get - ('Ejecutando servicio de lista de amigos activos',)
18:09:37 - INF - post - ('Ejecutando servicio de Registro',)
18:09:37 - INF - post - ('Ejecutando servicio de Login',)
18:09:46 - INF - get - ('Ejecutando servicio de lista de amigos activos',)
18:09:46 - INF - get - ('Ejecutando servicio de lista de amigos activos',)
18:09:48 - INF - get - ('Ejecutando servicio de Listar Usuario',)
18:09:48 - INF - get - ('Ejecutando servicio de Listar Usuario',)
18:09:48 - INF - get - ('Ejecutando servicio de lista de amigos activos',)
18:09:48 - INF - post - ('Ejecutando servicio de Registro',)
18:09:48 - INF - post - ('Ejecutando servicio de Registro',)
18:09:48 - INF - get - ('Ejecutando servicio de lista de amigos activos',)
18:10:30 - INF - post - ('Ejecutando servicio de Login',)
18:10:34 - INF - get - ('Ejecutando servicio de lista de amigos activos',)
18:10:34 - INF - get - ('Ejecutando servicio de lista de amigos activos',)
18:10:41 - INF - get - ('Ejecutando servicio de Listar Usuario',)
18:10:42 - INF - get - ('Ejecutando servicio de Listar Usuario',)
18:10:42 - INF - get - ('Ejecutando servicio de lista de amigos activos',)
18:10:42 - INF - post - ('Ejecutando servicio de Registro',)
18:10:42 - INF - post - ('Ejecutando servicio de Registro',)
18:10:42 - INF - get - ('Ejecutando servicio de lista de amigos activos',)
18:15:34 - INF - get - ('Ejecutando servicio de Listar Usuario',)
18:15:34 - INF - get - ('Ejecutando servicio de Listar Usuario',)
18:15:34 - INF - get - ('Ejecutando servicio de lista de amigos activos',)
18:15:35 - INF - post - ('Ejecutando servicio de Registro',)
18:15:35 - INF - post - ('Ejecutando servicio de Registro',)
18:15:35 - INF - get - ('Ejecutando servicio de lista de amigos activos',)
18:15:35 - INF - post - ('Ejecutando servicio de Login',)
18:15:35 - INF - post - ('Ejecutando servicio de Login',)
18:15:51 - INF - get - ('Ejecutando servicio de Listar Usuario',)
18:15:51 - INF - get - ('Ejecutando servicio de lista de amigos activos',)
18:15:52 - INF - post - ('Ejecutando servicio de Registro',)
18:15:52 - INF - post - ('Ejecutando servicio de Login',)
18:15:52 - INF - post - ('Ejecutando servicio de Login',)
18:16:00 - INF - get - ('Ejecutando servicio de lista de amigos activos',)
18:16:01 - INF - get - ('Ejecutando servicio de lista de amigos activos',)
18:16:03 - INF - get - ('Ejecutando servicio de Listar Usuario',)
18:16:03 - INF - get - ('Ejecutando servicio de Listar Usuario',)
18:16:03 - INF - post - ('Ejecutando servicio de Registro',)
18:16:03 - INF - post - ('Ejecutando servicio de Registro',)
18:16:03 - INF - get - ('Ejecutando servicio de lista de amigos activos',)
18:16:04 - INF - post - ('Ejecutando servicio de Login',)
18:16:04 - INF - get - ('Ejecutando servicio de lista de amigos activos',)
18:16:04 - INF - post - ('Ejecutando servicio de Login',)
18:16:10 - INF - get - ('Ejecutando servicio de Listar Usuario',)
18:16:10 - INF - post - ('Ejecutando servicio de Registro',)
18:16:10 - INF - get - ('Ejecutando servicio de lista de amigos activos',)
18:16:10 - INF - post - ('Ejecutando servicio de Login',)
18:16:24 - INF - get - ('Ejecutando servicio de Listar Usuario',)
18:16:25 - INF - get - ('Ejecutando servicio de lista de amigos activos',)
18:16:25 - INF - post - ('Ejecutando servicio de Registro',)
18:16:25 - INF - post - ('Ejecutando servicio de Login',)
18:16:25 - INF - post - ('Ejecutando servicio de Login',)
18:16:42 - INF - get - ('Ejecutando servicio de Listar Usuario',)
18:16:42 - INF - get - ('Ejecutando servicio de lista de amigos activos',)
18:16:42 - INF - get - ('Ejecutando servicio de Listar Usuario',)
18:16:42 - INF - post - ('Ejecutando servicio de Registro',)
18:16:42 - INF - post - ('Ejecutando servicio de Registro',)
18:16:43 - INF - get - ('Ejecutando servicio de lista de amigos activos',)
18:16:47 - INF - get - ('Ejecutando servicio de lista de amigos activos',)
18:16:48 - INF - get - ('Ejecutando servicio de lista de amigos activos',)
18:16:49 - INF - get - ('Ejecutando servicio de Listar Usuario',)
18:16:49 - INF - get - ('Ejecutando servicio de Listar Usuario',)
18:16:49 - INF - get - ('Ejecutando servicio de lista de amigos activos',)
18:16:50 - INF - post - ('Ejecutando servicio de Registro',)
18:16:50 - INF - post - ('Ejecutando servicio de Registro',)
18:16:50 - INF - get - ('Ejecutando servicio de lista de amigos activos',)
18:18:01 - INF - get - ('Ejecutando servicio de Listar Usuario',)
18:18:01 - INF - get - ('Ejecutando servicio de lista de amigos activos',)
18:18:02 - INF - post - ('Ejecutando servicio de Registro',)
18:18:02 - INF - post - ('Ejecutando servicio de Login',)
18:18:04 - INF - get - ('Ejecutando servicio de lista de amigos activos',)
18:18:05 - INF - get - ('Ejecutando servicio de lista de amigos activos',)
18:18:09 - INF - get - ('Ejecutando servicio de lista de amigos activos',)
18:18:09 - INF - get - ('Ejecutando servicio de Listar Usuario',)
18:18:09 - INF - get - ('Ejecutando servicio de Listar Usuario',)
18:18:09 - INF - get - ('Ejecutando servicio de lista de amigos activos',)
18:18:09 - INF - post - ('Ejecutando servicio de Registro',)
18:18:09 - INF - post - ('Ejecutando servicio de Registro',)
18:19:14 - INF - get - ('Ejecutando servicio de Listar Usuario',)
18:19:15 - INF - get - ('Ejecutando servicio de lista de amigos activos',)
18:19:15 - INF - post - ('Ejecutando servicio de Registro',)
18:19:15 - INF - post - ('Ejecutando servicio de Login',)
18:19:24 - INF - get - ('Ejecutando servicio de lista de amigos activos',)
18:19:26 - INF - get - ('Ejecutando servicio de lista de amigos activos',)
18:19:26 - INF - get - ('Ejecutando servicio de Listar Usuario',)
18:19:26 - INF - get - ('Ejecutando servicio de Listar Usuario',)
18:19:26 - INF - post - ('Ejecutando servicio de Registro',)
18:19:26 - INF - post - ('Ejecutando servicio de Registro',)
18:19:26 - INF - get - ('Ejecutando servicio de lista de amigos activos',)
18:19:27 - INF - get - ('Ejecutando servicio de lista de amigos activos',)
18:19:48 - INF - get - ('Ejecutando servicio de Listar Usuario',)
18:19:48 - INF - get - ('Ejecutando servicio de lista de amigos activos',)
18:19:49 - INF - post - ('Ejecutando servicio de Registro',)
18:19:49 - INF - post - ('Ejecutando servicio de Login',)
18:19:55 - INF - get - ('Ejecutando servicio de lista de amigos activos',)
18:19:55 - INF - get - ('Ejecutando servicio de lista de amigos activos',)
18:19:57 - INF - get - ('Ejecutando servicio de lista de amigos activos',)
18:19:57 - INF - get - ('Ejecutando servicio de Listar Usuario',)
18:19:57 - INF - get - ('Ejecutando servicio de Listar Usuario',)
18:19:58 - INF - get - ('Ejecutando servicio de lista de amigos activos',)
18:19:58 - INF - post - ('Ejecutando servicio de Registro',)
18:19:58 - INF - post - ('Ejecutando servicio de Registro',)
18:22:37 - INF - get - ('Ejecutando servicio de Listar Usuario',)
18:22:38 - INF - get - ('Ejecutando servicio de lista de amigos activos',)
18:22:38 - INF - post - ('Ejecutando servicio de Login',)
18:22:38 - INF - post - ('Ejecutando servicio de Registro',)
18:22:42 - INF - get - ('Ejecutando servicio de lista de amigos activos',)
18:22:43 - INF - get - ('Ejecutando servicio de lista de amigos activos',)
18:22:45 - INF - get - ('Ejecutando servicio de Listar Usuario',)
18:22:45 - INF - get - ('Ejecutando servicio de Listar Usuario',)
18:22:45 - INF - post - ('Ejecutando servicio de Registro',)
18:22:45 - INF - post - ('Ejecutando servicio de Registro',)
18:22:45 - INF - get - ('Ejecutando servicio de lista de amigos activos',)
18:22:45 - INF - get - ('Ejecutando servicio de lista de amigos activos',)
18:23:30 - INF - get - ('Ejecutando servicio de Listar Usuario',)
18:23:30 - INF - get - ('Ejecutando servicio de lista de amigos activos',)
18:23:31 - INF - post - ('Ejecutando servicio de Registro',)
18:23:31 - INF - post - ('Ejecutando servicio de Login',)
18:23:44 - INF - get - ('Ejecutando servicio de lista de amigos activos',)
18:23:45 - INF - get - ('Ejecutando servicio de lista de amigos activos',)
18:23:48 - INF - get - ('Ejecutando servicio de Listar Usuario',)
18:23:49 - INF - get - ('Ejecutando servicio de Listar Usuario',)
18:23:49 - INF - get - ('Ejecutando servicio de lista de amigos activos',)
18:23:49 - INF - post - ('Ejecutando servicio de Registro',)
18:23:49 - INF - post - ('Ejecutando servicio de Registro',)
18:23:49 - INF - get - ('Ejecutando servicio de lista de amigos activos',)
18:24:13 - INF - get - ('Ejecutando servicio de Listar Usuario',)
18:24:13 - INF - get - ('Ejecutando servicio de lista de amigos activos',)
18:24:14 - INF - post - ('Ejecutando servicio de Registro',)
18:24:14 - INF - post - ('Ejecutando servicio de Login',)
18:24:20 - INF - get - ('Ejecutando servicio de Listar Usuario',)
18:24:20 - INF - get - ('Ejecutando servicio de lista de amigos activos',)
18:24:21 - INF - post - ('Ejecutando servicio de Login',)
18:24:21 - INF - post - ('Ejecutando servicio de Registro',)
18:26:37 - INF - get - ('Ejecutando servicio de Listar Usuario',)
18:26:38 - INF - get - ('Ejecutando servicio de lista de amigos activos',)
18:26:38 - INF - post - ('Ejecutando servicio de Login',)
18:26:38 - INF - post - ('Ejecutando servicio de Registro',)
18:26:42 - INF - get - ('Ejecutando servicio de Listar Usuario',)
18:26:43 - INF - post - ('Ejecutando servicio de Login',)
18:26:43 - INF - post - ('Ejecutando servicio de Registro',)
18:26:43 - INF - get - ('Ejecutando servicio de lista de amigos activos',)
18:26:48 - INF - get - ('Ejecutando servicio de lista de amigos activos',)
18:26:48 - INF - get - ('Ejecutando servicio de lista de amigos activos',)
18:26:49 - INF - get - ('Ejecutando servicio de Listar Usuario',)
18:26:50 - INF - get - ('Ejecutando servicio de Listar Usuario',)
18:26:50 - INF - get - ('Ejecutando servicio de lista de amigos activos',)
18:26:50 - INF - post - ('Ejecutando servicio de Registro',)
18:26:50 - INF - post - ('Ejecutando servicio de Registro',)
18:26:50 - INF - get - ('Ejecutando servicio de lista de amigos activos',)
18:27:21 - INF - get - ('Ejecutando servicio de Listar Usuario',)
18:27:21 - INF - get - ('Ejecutando servicio de lista de amigos activos',)
18:27:22 - INF - post - ('Ejecutando servicio de Registro',)
18:27:22 - INF - post - ('Ejecutando servicio de Login',)
18:29:22 - INF - get - ('Ejecutando servicio de Listar Usuario',)
18:29:23 - INF - get - ('Ejecutando servicio de lista de amigos activos',)
18:29:23 - INF - post - ('Ejecutando servicio de Registro',)
18:29:23 - INF - post - ('Ejecutando servicio de Login',)
18:29:29 - INF - get - ('Ejecutando servicio de Listar Usuario',)
18:29:30 - INF - get - ('Ejecutando servicio de Listar Usuario',)
18:29:31 - INF - get - ('Ejecutando servicio de Listar Usuario',)
18:29:31 - INF - get - ('Ejecutando servicio de Listar Usuario',)
18:29:31 - INF - get - ('Ejecutando servicio de lista de amigos activos',)
18:29:31 - INF - post - ('Ejecutando servicio de Registro',)
18:29:31 - INF - post - ('Ejecutando servicio de Registro',)
18:29:31 - INF - get - ('Ejecutando servicio de lista de amigos activos',)
18:33:19 - INF - get - ('Ejecutando servicio de Listar Usuario',)
18:33:19 - INF - get - ('Ejecutando servicio de Listar Usuario',)
18:33:20 - INF - get - ('Ejecutando servicio de Listar Usuario',)
18:33:20 - INF - get - ('Ejecutando servicio de Listar Usuario',)
18:33:20 - INF - get - ('Ejecutando servicio de lista de amigos activos',)
18:33:21 - INF - post - ('Ejecutando servicio de Registro',)
18:33:21 - INF - post - ('Ejecutando servicio de Registro',)
18:33:21 - INF - get - ('Ejecutando servicio de lista de amigos activos',)
18:33:21 - INF - post - ('Ejecutando servicio de Login',)
18:33:21 - INF - post - ('Ejecutando servicio de Login',)
18:33:24 - INF - get - ('Ejecutando servicio de Listar Usuario',)
18:33:24 - INF - get - ('Ejecutando servicio de Listar Usuario',)
18:33:26 - INF - get - ('Ejecutando servicio de Listar Usuario',)
18:33:26 - INF - get - ('Ejecutando servicio de Listar Usuario',)
18:33:26 - INF - post - ('Ejecutando servicio de Registro',)
18:33:26 - INF - get - ('Ejecutando servicio de lista de amigos activos',)
18:33:26 - INF - post - ('Ejecutando servicio de Registro',)
18:33:26 - INF - get - ('Ejecutando servicio de lista de amigos activos',)
18:33:26 - INF - post - ('Ejecutando servicio de Login',)
18:33:27 - INF - post - ('Ejecutando servicio de Login',)
18:33:29 - INF - get - ('Ejecutando servicio de Listar Usuario',)
18:33:29 - INF - get - ('Ejecutando servicio de Listar Usuario',)
18:33:31 - INF - get - ('Ejecutando servicio de Listar Usuario',)
18:33:31 - INF - get - ('Ejecutando servicio de Listar Usuario',)
18:33:31 - INF - post - ('Ejecutando servicio de Registro',)
s activos',)
18:33:31 - INF - post - ('Ejecutando servicio de Registro',)
18:33:31 - INF - post - ('Ejecutando servicio de Login',)
18:33:32 - INF - post - ('Ejecutando servicio de Login',)
18:33:32 - INF - get - ('Ejecutando servicio de lista de amigos activos',)
18:33:34 - INF - get - ('Ejecutando servicio de Listar Usuario',)
18:33:34 - INF - get - ('Ejecutando servicio de Listar Usuario',)
18:33:41 - INF - get - ('Ejecutando servicio de lista de amigos activos',)
18:33:41 - INF - get - ('Ejecutando servicio de lista de amigos activos',)
18:33:45 - INF - get - ('Ejecutando servicio de Listar Usuario',)
18:33:45 - INF - get - ('Ejecutando servicio de Listar Usuario',)
18:33:47 - INF - get - ('Ejecutando servicio de lista de amigos activos',)
18:33:47 - INF - get - ('Ejecutando servicio de Listar Usuario',)
18:33:48 - INF - get - ('Ejecutando servicio de Listar Usuario',)
18:33:48 - INF - get - ('Ejecutando servicio de lista de amigos activos',)
18:33:48 - INF - post - ('Ejecutando servicio de Registro',)
18:33:48 - INF - post - ('Ejecutando servicio de Registro',)
18:33:48 - INF - post - ('Ejecutando servicio de Login',)
18:33:49 - INF - post - ('Ejecutando servicio de Login',)
18:33:52 - INF - get - ('Ejecutando servicio de Listar Usuario',)
18:33:52 - INF - get - ('Ejecutando servicio de Listar Usuario',)
18:33:53 - INF - get - ('Ejecutando servicio de Listar Usuario',)
18:33:54 - INF - get - ('Ejecutando servicio de Listar Usuario',)
18:33:54 - INF - get - ('Ejecutando servicio de lista de amigos activos',)
18:33:54 - INF - post - ('Ejecutando servicio de Registro',)
18:33:54 - INF - post - ('Ejecutando servicio de Registro',)
18:33:54 - INF - get - ('Ejecutando servicio de lista de amigos activos',)
18:33:54 - INF - post - ('Ejecutando servicio de Login',)
18:33:54 - INF - post - ('Ejecutando servicio de Login',)
18:33:57 - INF - post - ('Ejecutando servicio de Registro',)
18:33:57 - INF - get - ('Ejecutando servicio de Listar Usuario',)
18:33:57 - INF - get - ('Ejecutando servicio de lista de amigos activos',)
18:33:57 - INF - post - ('Ejecutando servicio de Login',)
18:34:00 - INF - get - ('Ejecutando servicio de Listar Usuario',)
18:34:00 - INF - get - ('Ejecutando servicio de lista de amigos activos',)
18:34:00 - INF - post - ('Ejecutando servicio de Registro',)
18:34:00 - INF - post - ('Ejecutando servicio de Login',)
18:34:02 - INF - post - ('Ejecutando servicio de Registro',)
18:34:02 - INF - get - ('Ejecutando servicio de Listar Usuario',)
18:34:03 - INF - get - ('Ejecutando servicio de lista de amigos activos',)
18:34:03 - INF - post - ('Ejecutando servicio de Login',)
17:44:14 - INF - get - ('Ejecutando servicio de lista de amigos activos',)
17:44:15 - INF - get - ('Ejecutando servicio de lista de amigos activos',)
17:44:16 - INF - get - ('Ejecutando servicio de Listar Usuario',)
17:44:16 - INF - get - ('Ejecutando servicio de Listar Usuario',)
17:44:16 - INF - get - ('Ejecutando servicio de lista de amigos activos',)
17:44:17 - INF - post - ('Ejecutando servicio de Registro',)
17:44:17 - INF - post - ('Ejecutando servicio de Registro',)
17:44:17 - INF - get - ('Ejecutando servicio de lista de amigos activos',)
17:44:17 - INF - post - ('Ejecutando servicio de Login',)
17:44:17 - INF - post - ('Ejecutando servicio de Login',)
17:44:22 - INF - get - ('Ejecutando servicio de lista de amigos activos',)
17:44:22 - INF - get - ('Ejecutando servicio de lista de amigos activos',)
17:45:58 - INF - get - ('Ejecutando servicio de lista de amigos activos',)
17:46:11 - INF - get - ('Ejecutando servicio de Listar Usuario',)
17:46:11 - INF - get - ('Ejecutando servicio de Listar Usuario',)
17:46:42 - INF - get - ('Ejecutando servicio de Listar Usuario',)
17:47:32 - INF - get - ('Ejecutando servicio de Listar Usuario',)
17:47:32 - INF - get - ('Ejecutando servicio de Listar Usuario',)
17:48:13 - INF - get - ('Ejecutando servicio de Listar Usuario',)
17:49:01 - INF - get - ('Ejecutando servicio de Listar Usuario',)
17:49:38 - INF - get - ('Ejecutando servicio de Listar Usuario',)
17:51:12 - INF - get - ('Ejecutando servicio de Listar Usuario',)
17:51:42 - INF - get - ('Ejecutando servicio de Listar Usuario',)
17:52:26 - INF - get - ('Ejecutando servicio de Listar Usuario',)
17:52:42 - INF - get - ('Ejecutando servicio de lista de amigos activos',)
17:52:42 - INF - get - ('Ejecutando servicio de lista de amigos activos',)
17:55:20 - INF - get - ('Ejecutando servicio de lista de amigos activos',)
17:55:20 - INF - get - ('Ejecutando servicio de lista de amigos activos',)
17:55:30 - INF - get - ('Ejecutando servicio de Listar Usuario',)
17:55:30 - INF - get - ('Ejecutando servicio de Listar Usuario',)
17:55:34 - INF - get - ('Ejecutando servicio de lista de amigos activos',)
17:55:34 - INF - get - ('Ejecutando servicio de lista de amigos activos',)
17:56:16 - INF - get - ('Ejecutando servicio de lista de amigos activos',)
17:59:23 - INF - get - ('Ejecutando servicio de Listar Usuario',)
17:59:24 - INF - get - ('Ejecutando servicio de lista de amigos activos',)
17:59:24 - INF - post - ('Ejecutando servicio de Registro',)
17:59:24 - INF - post - ('Ejecutando servicio de Registro',)
17:59:24 - INF - get - ('Ejecutando servicio de Listar Usuario',)
17:59:25 - INF - get - ('Ejecutando servicio de lista de amigos activos',)
17:59:25 - INF - post - ('Ejecutando servicio de Login',)
17:59:25 - INF - post - ('Ejecutando servicio de Login',)
17:59:28 - INF - get - ('Ejecutando servicio de Listar Usuario',)
17:59:29 - INF - post - ('Ejecutando servicio de Registro',)
17:59:29 - INF - get - ('Ejecutando servicio de lista de amigos activos',)
17:59:29 - INF - post - ('Ejecutando servicio de Login',)
17:59:37 - INF - get - ('Ejecutando servicio de lista de amigos activos',)
17:59:37 - INF - get - ('Ejecutando servicio de lista de amigos activos',)
17:59:40 - INF - get - ('Ejecutando servicio de lista de amigos activos',)
17:59:40 - INF - get - ('Ejecutando servicio de Listar Usuario',)
17:59:40 - INF - get - ('Ejecutando servicio de Listar Usuario',)
17:59:40 - INF - get - ('Ejecutando servicio de lista de amigos activos',)
17:59:40 - INF - post - ('Ejecutando servicio de Registro',)
17:59:40 - INF - post - ('Ejecutando servicio de Registro',)
17:59:41 - INF - post - ('Ejecutando servicio de Login',)
17:59:41 - INF - post - ('Ejecutando servicio de Login',)
17:59:43 - INF - get - ('Ejecutando servicio de Listar Usuario',)
17:59:43 - INF - post - ('Ejecutando servicio de Registro',)
17:59:43 - INF - get - ('Ejecutando servicio de lista de amigos activos',)
17:59:43 - INF - post - ('Ejecutando servicio de Login',)
17:59:49 - INF - get - ('Ejecutando servicio de Listar Usuario',)
17:59:49 - INF - get - ('Ejecutando servicio de lista de amigos activos',)
17:59:49 - INF - post - ('Ejecutando servicio de Registro',)
17:59:50 - INF - post - ('Ejecutando servicio de Login',)
18:26:32 - INF - post - ('Ejecutando servicio de Login',)
18:31:09 - INF - <module> - ('Servicio Finalizado',)
18:31:13 - INF - <module> - ('Servicio Iniciado',)
18:32:33 - INF - <module> - ('Servicio Finalizado',)
18:32:36 - INF - <module> - ('Servicio Iniciado',)
18:36:20 - INF - post - ('Ejecutando servicio de Registro',)
18:37:16 - INF - post - ('Ejecutando servicio de Registro',)
18:37:35 - INF - post - ('Ejecutando servicio de Registro',)
17:57:16 - INF - post - ('Ejecutando servicio de Registro',)
18:04:33 - INF - post - ('Ejecutando servicio de Registro',)
18:33:10 - INF - post - ('Ejecutando servicio de Login',)
18:33:27 - INF - post - ('Ejecutando servicio de Login',)
18:35:54 - INF - post - ('Ejecutando servicio de Registro',)
18:41:15 - INF - post - ('Ejecutando servicio de Registro',)
17:52:51 - INF - post - ('Ejecutando servicio de Login',)
18:18:51 - INF - post - ('Ejecutando servicio de Login',)
18:18:56 - INF - get - ('Ejecutando servicio de lista de amigos activos',)
18:18:56 - INF - get - ('Ejecutando servicio de lista de amigos activos',)
18:30:35 - INF - post - ('Ejecutando servicio de Login',)
18:30:38 - INF - get - ('Ejecutando servicio de lista de amigos activos',)
18:30:39 - INF - get - ('Ejecutando servicio de lista de amigos activos',)
17:58:14 - INF - <module> - ('Servicio Finalizado',)
17:58:16 - INF - <module> - ('Servicio Finalizado',)
17:58:28 - INF - <module> - ('Servicio Iniciado',)
17:58:30 - INF - <module> - ('Servicio Iniciado',)
18:01:57 - INF - post - ('Ejecutando servicio de Registro',)
18:15:24 - INF - post - ('Ejecutando servicio de Login',)
18:15:52 - INF - post - ('Ejecutando servicio de Registro',)
18:16:45 - INF - post - ('Ejecutando servicio de Login',)
18:23:41 - INF - post - ('Ejecutando servicio de Registro',)
18:24:15 - INF - post - ('Ejecutando servicio de Registro',)
18:24:35 - INF - post - ('Ejecutando servicio de Registro',)
18:27:15 - INF - post - ('Ejecutando servicio de Registro',)
18:27:18 - INF - post - ('Ejecutando servicio de Registro',)
18:28:06 - INF - post - ('Ejecutando servicio de Registro',)
18:28:57 - INF - get - ('Ejecutando servicio de Listar Usuario',)
18:28:58 - INF - get - ('Ejecutando servicio de Listar Usuario',)
18:32:26 - INF - post - ('Ejecutando servicio de Registro',)
18:35:28 - INF - post - ('Ejecutando servicio de Login',)
18:35:32 - INF - get - ('Ejecutando servicio de lista de amigos activos',)
18:35:32 - INF - get - ('Ejecutando servicio de lista de amigos activos',)
18:36:04 - INF - post - ('Ejecutando servicio de Registro',)
17:56:00 - INF - post - ('Ejecutando servicio de Login',)
17:56:47 - INF - post - ('Ejecutando servicio de Login',)
17:57:26 - INF - post - ('Ejecutando servicio de Registro',)
17:58:47 - INF - post - ('Ejecutando servicio de Registro',)
18:24:27 - INF - <module> - ('Servicio Finalizado',)
18:24:28 - INF - <module> - ('Servicio Finalizado',)
18:25:01 - INF - <module> - ('Servicio Iniciado',)
18:25:05 - INF - <module> - ('Servicio Iniciado',)
18:25:42 - INF - <module> - ('Servicio Finalizado',)
18:26:07 - INF - <module> - ('Servicio Finalizado',)
18:27:21 - INF - <module> - ('Servicio Iniciado',)
18:27:23 - INF - <module> - ('Servicio Iniciado',)
18:27:26 - INF - get - ('Ejecutando servicio de Publicaciones',)
18:35:38 - INF - <module> - ('Servicio Finalizado',)
18:35:43 - INF - <module> - ('Servicio Iniciado',)
18:35:50 - INF - get - ('Ejecutando servicio de Publicaciones',)
18:36:51 - INF - <module> - ('Servicio Finalizado',)
18:36:55 - INF - <module> - ('Servicio Iniciado',)
18:37:27 - INF - <module> - ('Servicio Finalizado',)
18:37:27 - INF - <module> - ('Servicio Finalizado',)
18:37:32 - INF - <module> - ('Servicio Iniciado',)
18:37:35 - INF - <module> - ('Servicio Iniciado',)
18:37:41 - INF - get - ('Ejecutando servicio de Publicaciones',)
17:47:30 - INF - post - ('Ejecutando servicio de Login',)
17:47:32 - INF - get - ('Ejecutando servicio de Publicaciones',)
17:47:32 - INF - get - ('Ejecutando servicio de Publicaciones',)
17:48:14 - INF - get - ('Ejecutando servicio de Publicaciones',)
17:48:56 - INF - get - ('Ejecutando servicio de Publicaciones',)
18:07:36 - INF - get - ('Ejecutando servicio de Publicaciones',)
18:09:30 - INF - get - ('Ejecutando servicio de Publicaciones',)
18:11:49 - INF - get - ('Ejecutando servicio de Publicaciones',)
18:12:10 - INF - get - ('Ejecutando servicio de Publicaciones',)
18:15:06 - INF - get - ('Ejecutando servicio de Publicaciones',)
18:15:07 - INF - get - ('Ejecutando servicio de Publicaciones',)
18:20:49 - INF - get - ('Ejecutando servicio de Publicaciones',)
18:21:23 - INF - get - ('Ejecutando servicio de Publicaciones',)
18:24:38 - INF - get - ('Ejecutando servicio de Publicaciones',)
18:24:53 - INF - get - ('Ejecutando servicio de Publicaciones',)
18:25:14 - INF - get - ('Ejecutando servicio de Publicaciones',)
18:25:46 - INF - post - ('Ejecutando servicio de Login',)
18:25:50 - INF - post - ('Ejecutando servicio de Login',)
18:25:51 - INF - get - ('Ejecutando servicio de Publicaciones',)
18:25:51 - INF - get - ('Ejecutando servicio de Publicaciones',)
18:27:24 - INF - get - ('Ejecutando servicio de Publicaciones',)
18:27:27 - INF - get - ('Ejecutando servicio de lista de amigos activos',)
18:27:27 - INF - get - ('Ejecutando servicio de lista de amigos activos',)
18:27:28 - INF - get - ('Ejecutando servicio de Publicaciones',)
18:27:28 - INF - get - ('Ejecutando servicio de Publicaciones',)
18:27:54 - INF - get - ('Ejecutando servicio de Publicaciones',)
18:28:13 - INF - get - ('Ejecutando servicio de Publicaciones',)
18:28:13 - INF - get - ('Ejecutando servicio de Publicaciones',)
18:28:19 - INF - get - ('Ejecutando servicio de Publicaciones',)
18:28:19 - INF - get - ('Ejecutando servicio de Publicaciones',)
18:28:54 - INF - get - ('Ejecutando servicio de Publicaciones',)
18:30:15 - INF - get - ('Ejecutando servicio de Publicaciones',)
18:30:36 - INF - get - ('Ejecutando servicio de Publicaciones',)
18:30:51 - INF - get - ('Ejecutando servicio de Publicaciones',)
18:32:45 - INF - post - ('Ejecutando servicio de Login',)
18:32:46 - INF - get - ('Ejecutando servicio de Publicaciones',)
18:32:46 - INF - get - ('Ejecutando servicio de Publicaciones',)
18:36:21 - INF - <module> - ('Servicio Finalizado',)
18:36:22 - INF - <module> - ('Servicio Finalizado',)
