00:02:58 - INF - <module> - ('Servicio Finalizado',)
00:02:59 - INF - <module> - ('Servicio Finalizado',)
00:03:39 - INF - <module> - ('Servicio Iniciado',)
00:03:43 - INF - <module> - ('Servicio Iniciado',)
00:05:45 - INF - get - ('Ejecutando servicio de Listar Usuario',)
00:09:40 - INF - <module> - ('Servicio Finalizado',)
00:09:41 - INF - <module> - ('Servicio Finalizado',)
00:11:14 - INF - <module> - ('Servicio Iniciado',)
00:11:21 - INF - <module> - ('Servicio Iniciado',)
00:11:29 - INF - put - ('Ejecutando servicio de Registro',)
00:12:13 - INF - <module> - ('Servicio Finalizado',)
00:12:16 - INF - <module> - ('Servicio Finalizado',)
00:12:26 - INF - <module> - ('Servicio Iniciado',)
00:12:33 - INF - <module> - ('Servicio Iniciado',)
00:12:33 - INF - put - ('Ejecutando servicio de Registro',)
00:12:55 - INF - post - ('Ejecutando servicio de Login',)
00:13:02 - INF - post - ('Ejecutando servicio de Login',)
00:13:43 - INF - put - ('Ejecutando servicio de Registro',)
00:15:09 - INF - <module> - ('Servicio Finalizado',)
00:15:17 - INF - <module> - ('Servicio Finalizado',)
00:15:24 - INF - <module> - ('Servicio Iniciado',)
00:15:27 - INF - <module> - ('Servicio Iniciado',)
00:16:25 - INF - put - ('Ejecutando servicio de Registro',)
00:16:35 - INF - put - ('Ejecutando servicio de Registro',)
00:18:11 - INF - put - ('Ejecutando servicio de Registro',)
00:27:03 - INF - <module> - ('Servicio Finalizado',)
00:27:11 - INF - <module> - ('Servicio Iniciado',)
00:28:57 - INF - <module> - ('Servicio Finalizado',)
00:29:10 - INF - <module> - ('Servicio Iniciado',)
00:29:18 - INF - <module> - ('Servicio Iniciado',)
00:29:18 - INF - <module> - ('Servicio Iniciado',)
00:29:22 - INF - <module> - ('Servicio Iniciado',)
00:29:33 - INF - <module> - ('Servicio Finalizado',)
00:29:35 - INF - <module> - ('Servicio Finalizado',)
00:29:37 - INF - <module> - ('Servicio Finalizado',)
00:29:41 - INF - <module> - ('Servicio Finalizado',)
00:30:07 - INF - <module> - ('Servicio Iniciado',)
00:30:19 - INF - <module> - ('Servicio Iniciado',)
00:32:12 - INF - post - ('Ejecutando servicio de Registro',)
00:32:21 - INF - post - ('Ejecutando servicio de Registro',)
00:33:09 - INF - post - ('Ejecutando servicio de Registro',)
00:37:30 - INF - <module> - ('Servicio Finalizado',)
00:37:31 - INF - <module> - ('Servicio Finalizado',)
00:44:38 - INF - <module> - ('Servicio Iniciado',)
00:44:42 - INF - <module> - ('Servicio Iniciado',)
00:45:02 - INF - put - ('Ejecutando servicio de Registro',)
00:45:23 - INF - <module> - ('Servicio Finalizado',)
00:45:28 - INF - <module> - ('Servicio Iniciado',)
00:45:37 - INF - put - ('Ejecutando servicio de Registro',)
00:46:48 - INF - put - ('Ejecutando servicio de Registro',)
00:47:16 - INF - put - ('Ejecutando servicio de Registro',)
00:49:11 - INF - <module> - ('Servicio Finalizado',)
00:49:16 - INF - <module> - ('Servicio Finalizado',)
00:51:02 - INF - <module> - ('Servicio Iniciado',)
00:51:06 - INF - <module> - ('Servicio Iniciado',)
00:51:18 - INF - post - ('Ejecutando servicio de Login',)
00:51:34 - INF - post - ('Ejecutando servicio de Login',)
00:59:31 - INF - <module> - ('Servicio Finalizado',)
00:59:32 - INF - <module> - ('Servicio Finalizado',)
01:17:13 - INF - <module> - ('Servicio Iniciado',)
01:17:17 - INF - <module> - ('Servicio Iniciado',)
01:17:45 - INF - get - ('Ejecutando servicio de Listar Usuario',)
01:23:10 - INF - post - ('Ejecutando servicio de Login',)
01:23:47 - INF - post - ('Ejecutando servicio de Login',)
01:33:38 - INF - get - ('Ejecutando servicio de Listar Usuario',)
01:37:13 - INF - get - ('Ejecutando servicio de Listar Usuario',)
01:37:14 - INF - get - ('Ejecutando servicio de Listar Usuario',)
01:37:36 - INF - get - ('Ejecutando servicio de Listar Usuario',)
01:37:36 - INF - get - ('Ejecutando servicio de Listar Usuario',)
01:39:59 - INF - <module> - ('Servicio Finalizado',)
01:40:07 - INF - <module> - ('Servicio Iniciado',)
01:40:10 - INF - get - ('Ejecutando servicio de Listar Usuario',)
01:41:42 - INF - get - ('Ejecutando servicio de Listar Usuario',)
01:41:44 - INF - get - ('Ejecutando servicio de Listar Usuario',)
01:45:31 - INF - get - ('Ejecutando servicio de Listar Usuario',)
01:46:26 - INF - get - ('Ejecutando servicio de Listar Usuario',)
01:47:00 - INF - get - ('Ejecutando servicio de Listar Usuario',)
01:47:13 - INF - get - ('Ejecutando servicio de Listar Usuario',)
01:47:13 - INF - get - ('Ejecutando servicio de Listar Usuario',)
01:47:46 - INF - get - ('Ejecutando servicio de Listar Usuario',)
01:47:57 - INF - get - ('Ejecutando servicio de Listar Usuario',)
01:47:57 - INF - get - ('Ejecutando servicio de Listar Usuario',)
01:48:25 - INF - get - ('Ejecutando servicio de Listar Usuario',)
01:48:25 - INF - get - ('Ejecutando servicio de Listar Usuario',)
01:55:33 - INF - get - ('Ejecutando servicio de Listar Usuario',)
01:55:33 - INF - get - ('Ejecutando servicio de Listar Usuario',)
01:58:38 - INF - <module> - ('Servicio Finalizado',)
01:58:44 - INF - <module> - ('Servicio Iniciado',)
02:00:23 - INF - <module> - ('Servicio Finalizado',)
02:00:28 - INF - <module> - ('Servicio Iniciado',)
02:03:19 - INF - <module> - ('Servicio Finalizado',)
02:03:27 - INF - <module> - ('Servicio Iniciado',)
02:07:46 - INF - <module> - ('Servicio Finalizado',)
02:07:50 - INF - <module> - ('Servicio Iniciado',)
02:16:21 - INF - get - ('Ejecutando servicio de Listar Usuario',)
02:16:21 - INF - get - ('Ejecutando servicio de Listar Usuario',)
02:16:59 - INF - get - ('Ejecutando servicio de Listar Usuario',)
02:22:39 - INF - get - ('Ejecutando servicio de Listar Usuario',)
02:34:17 - INF - <module> - ('Servicio Finalizado',)
02:34:24 - INF - <module> - ('Servicio Iniciado',)
02:35:39 - INF - <module> - ('Servicio Finalizado',)
02:35:39 - INF - <module> - ('Servicio Finalizado',)
02:36:18 - INF - <module> - ('Servicio Iniciado',)
02:36:21 - INF - <module> - ('Servicio Iniciado',)
02:36:40 - INF - get - ('Ejecutando servicio de Listar Usuario',)
02:36:45 - INF - get - ('Ejecutando servicio de Listar Usuario',)
02:36:49 - INF - get - ('Ejecutando servicio de Listar Usuario',)
02:39:12 - INF - <module> - ('Servicio Finalizado',)
02:39:17 - INF - <module> - ('Servicio Iniciado',)
02:39:24 - INF - <module> - ('Servicio Finalizado',)
02:39:29 - INF - <module> - ('Servicio Iniciado',)
02:39:35 - INF - <module> - ('Servicio Finalizado',)
02:39:38 - INF - <module> - ('Servicio Iniciado',)
02:39:48 - INF - <module> - ('Servicio Finalizado',)
02:39:51 - INF - <module> - ('Servicio Iniciado',)
02:40:20 - INF - get - ('Ejecutando servicio de Listar Usuario',)
02:40:46 - INF - get - ('Ejecutando servicio de Listar Usuario',)
02:40:49 - INF - get - ('Ejecutando servicio de Listar Usuario',)
02:47:49 - INF - get - ('Ejecutando servicio de Listar Usuario',)
02:47:51 - INF - get - ('Ejecutando servicio de Listar Usuario',)
02:49:34 - INF - get - ('Ejecutando servicio de Listar Usuario',)
02:50:26 - INF - get - ('Ejecutando servicio de Listar Usuario',)
02:52:25 - INF - get - ('Ejecutando servicio de Listar Usuario',)
02:52:54 - INF - get - ('Ejecutando servicio de Listar Usuario',)
02:56:37 - INF - get - ('Ejecutando servicio de Listar Usuario',)
02:56:38 - INF - get - ('Ejecutando servicio de Listar Usuario',)
03:09:56 - INF - get - ('Ejecutando servicio de Listar Usuario',)
03:09:57 - INF - get - ('Ejecutando servicio de Listar Usuario',)
03:14:32 - INF - get - ('Ejecutando servicio de Listar Usuario',)
03:14:32 - INF - get - ('Ejecutando servicio de Listar Usuario',)
03:16:52 - INF - get - ('Ejecutando servicio de Listar Usuario',)
03:16:52 - INF - get - ('Ejecutando servicio de Listar Usuario',)
03:16:53 - INF - get - ('Ejecutando servicio de Listar Usuario',)
03:16:53 - INF - get - ('Ejecutando servicio de Listar Usuario',)
03:16:54 - INF - get - ('Ejecutando servicio de Listar Usuario',)
03:16:54 - INF - get - ('Ejecutando servicio de Listar Usuario',)
03:19:10 - INF - get - ('Ejecutando servicio de Listar Usuario',)
03:19:11 - INF - get - ('Ejecutando servicio de Listar Usuario',)
03:19:14 - INF - get - ('Ejecutando servicio de Listar Usuario',)
03:19:44 - INF - get - ('Ejecutando servicio de Listar Usuario',)
03:19:45 - INF - get - ('Ejecutando servicio de Listar Usuario',)
03:19:51 - INF - get - ('Ejecutando servicio de Listar Usuario',)
03:20:17 - INF - get - ('Ejecutando servicio de Listar Usuario',)
03:20:18 - INF - get - ('Ejecutando servicio de Listar Usuario',)
03:20:26 - INF - get - ('Ejecutando servicio de Listar Usuario',)
03:23:16 - INF - get - ('Ejecutando servicio de Listar Usuario',)
03:23:17 - INF - get - ('Ejecutando servicio de Listar Usuario',)
03:23:23 - INF - get - ('Ejecutando servicio de Listar Usuario',)
03:27:45 - INF - get - ('Ejecutando servicio de Listar Usuario',)
03:27:46 - INF - get - ('Ejecutando servicio de Listar Usuario',)
03:27:46 - INF - get - ('Ejecutando servicio de Listar Usuario',)
03:28:05 - INF - get - ('Ejecutando servicio de Listar Usuario',)
03:28:23 - INF - get - ('Ejecutando servicio de Listar Usuario',)
03:29:42 - INF - get - ('Ejecutando servicio de Listar Usuario',)
03:29:42 - INF - get - ('Ejecutando servicio de Listar Usuario',)
03:29:46 - INF - get - ('Ejecutando servicio de Listar Usuario',)
03:30:07 - INF - get - ('Ejecutando servicio de Listar Usuario',)
03:30:29 - INF - get - ('Ejecutando servicio de Listar Usuario',)
03:30:29 - INF - get - ('Ejecutando servicio de Listar Usuario',)
03:30:34 - INF - get - ('Ejecutando servicio de Listar Usuario',)
03:30:50 - INF - get - ('Ejecutando servicio de Listar Usuario',)
03:30:57 - INF - get - ('Ejecutando servicio de Listar Usuario',)
03:31:20 - INF - get - ('Ejecutando servicio de Listar Usuario',)
03:31:20 - INF - get - ('Ejecutando servicio de Listar Usuario',)
03:31:57 - INF - get - ('Ejecutando servicio de Listar Usuario',)
03:31:58 - INF - get - ('Ejecutando servicio de Listar Usuario',)
03:31:59 - INF - get - ('Ejecutando servicio de Listar Usuario',)
03:32:17 - INF - get - ('Ejecutando servicio de Listar Usuario',)
03:33:00 - INF - get - ('Ejecutando servicio de Listar Usuario',)
03:33:12 - INF - get - ('Ejecutando servicio de Listar Usuario',)
03:33:20 - INF - get - ('Ejecutando servicio de Listar Usuario',)
03:34:19 - INF - get - ('Ejecutando servicio de Listar Usuario',)
03:34:43 - INF - get - ('Ejecutando servicio de Listar Usuario',)
03:34:48 - INF - get - ('Ejecutando servicio de Listar Usuario',)
03:35:50 - INF - get - ('Ejecutando servicio de Listar Usuario',)
03:36:02 - INF - get - ('Ejecutando servicio de Listar Usuario',)
03:36:07 - INF - get - ('Ejecutando servicio de Listar Usuario',)
03:36:37 - INF - get - ('Ejecutando servicio de Listar Usuario',)
03:36:45 - INF - get - ('Ejecutando servicio de Listar Usuario',)
03:36:50 - INF - get - ('Ejecutando servicio de Listar Usuario',)
03:37:02 - INF - get - ('Ejecutando servicio de Listar Usuario',)
03:37:07 - INF - get - ('Ejecutando servicio de Listar Usuario',)
03:37:24 - INF - get - ('Ejecutando servicio de Listar Usuario',)
03:37:27 - INF - get - ('Ejecutando servicio de Listar Usuario',)
03:38:38 - INF - get - ('Ejecutando servicio de Listar Usuario',)
03:41:26 - INF - get - ('Ejecutando servicio de Listar Usuario',)
03:41:27 - INF - get - ('Ejecutando servicio de Listar Usuario',)
03:41:35 - INF - get - ('Ejecutando servicio de Listar Usuario',)
03:44:02 - INF - get - ('Ejecutando servicio de Listar Usuario',)
03:44:03 - INF - get - ('Ejecutando servicio de Listar Usuario',)
03:45:04 - INF - get - ('Ejecutando servicio de Listar Usuario',)
03:45:05 - INF - get - ('Ejecutando servicio de Listar Usuario',)
03:45:33 - INF - get - ('Ejecutando servicio de Listar Usuario',)
03:45:35 - INF - get - ('Ejecutando servicio de Listar Usuario',)
03:45:41 - INF - get - ('Ejecutando servicio de Listar Usuario',)
03:45:52 - INF - get - ('Ejecutando servicio de Listar Usuario',)
03:46:23 - INF - get - ('Ejecutando servicio de Listar Usuario',)
03:46:24 - INF - get - ('Ejecutando servicio de Listar Usuario',)
03:46:33 - INF - get - ('Ejecutando servicio de Listar Usuario',)
03:48:42 - INF - get - ('Ejecutando servicio de Listar Usuario',)
03:48:42 - INF - get - ('Ejecutando servicio de Listar Usuario',)
03:48:50 - INF - get - ('Ejecutando servicio de Listar Usuario',)
03:49:11 - INF - get - ('Ejecutando servicio de Listar Usuario',)
03:50:17 - INF - get - ('Ejecutando servicio de Listar Usuario',)
03:51:52 - INF - get - ('Ejecutando servicio de Listar Usuario',)
03:51:53 - INF - get - ('Ejecutando servicio de Listar Usuario',)
03:52:57 - INF - get - ('Ejecutando servicio de Listar Usuario',)
03:54:06 - INF - get - ('Ejecutando servicio de Listar Usuario',)
03:56:10 - INF - get - ('Ejecutando servicio de Listar Usuario',)
03:56:11 - INF - get - ('Ejecutando servicio de Listar Usuario',)
03:56:25 - INF - get - ('Ejecutando servicio de Listar Usuario',)
03:56:55 - INF - get - ('Ejecutando servicio de Listar Usuario',)
03:56:56 - INF - get - ('Ejecutando servicio de Listar Usuario',)
03:58:41 - INF - get - ('Ejecutando servicio de Listar Usuario',)
03:59:08 - INF - get - ('Ejecutando servicio de Listar Usuario',)
03:59:23 - INF - get - ('Ejecutando servicio de Listar Usuario',)
03:59:59 - INF - get - ('Ejecutando servicio de Listar Usuario',)
04:00:14 - INF - get - ('Ejecutando servicio de Listar Usuario',)
04:03:17 - INF - get - ('Ejecutando servicio de Listar Usuario',)
04:03:57 - INF - get - ('Ejecutando servicio de Listar Usuario',)
04:04:18 - INF - get - ('Ejecutando servicio de Listar Usuario',)
04:10:52 - INF - <module> - ('Servicio Finalizado',)
04:11:01 - INF - <module> - ('Servicio Iniciado',)
04:11:12 - INF - get - ('Ejecutando servicio de Listar Usuario',)
04:11:29 - INF - get - ('Ejecutando servicio de Listar Usuario',)
04:11:33 - INF - get - ('Ejecutando servicio de Listar Usuario',)
04:11:36 - INF - get - ('Ejecutando servicio de Listar Usuario',)
04:11:40 - INF - get - ('Ejecutando servicio de Listar Usuario',)
04:11:51 - INF - get - ('Ejecutando servicio de Listar Usuario',)
04:12:45 - INF - get - ('Ejecutando servicio de Listar Usuario',)
04:12:59 - INF - get - ('Ejecutando servicio de Listar Usuario',)
04:13:16 - INF - get - ('Ejecutando servicio de Listar Usuario',)
04:13:22 - INF - get - ('Ejecutando servicio de Listar Usuario',)
04:13:32 - INF - get - ('Ejecutando servicio de Listar Usuario',)
04:14:08 - INF - get - ('Ejecutando servicio de Listar Usuario',)
04:14:32 - INF - get - ('Ejecutando servicio de Listar Usuario',)
04:17:36 - INF - get - ('Ejecutando servicio de Listar Usuario',)
04:17:36 - INF - get - ('Ejecutando servicio de Listar Usuario',)
04:22:42 - INF - get - ('Ejecutando servicio de Listar Usuario',)
04:22:43 - INF - get - ('Ejecutando servicio de Listar Usuario',)
04:22:54 - INF - get - ('Ejecutando servicio de Listar Usuario',)
04:23:33 - INF - <module> - ('Servicio Finalizado',)
04:23:34 - INF - <module> - ('Servicio Finalizado',)
04:33:44 - INF - <module> - ('Servicio Iniciado',)
04:33:49 - INF - <module> - ('Servicio Iniciado',)
04:34:16 - INF - post - ('Ejecutando servicio de Login',)
04:50:45 - INF - post - ('Ejecutando servicio de Login',)
04:25:12 - INF - post - ('Ejecutando servicio de Login',)
04:41:43 - INF - post - ('Ejecutando servicio de Login',)
04:42:18 - INF - post - ('Ejecutando servicio de Login',)
04:42:39 - INF - post - ('Ejecutando servicio de Login',)
04:45:15 - INF - post - ('Ejecutando servicio de Login',)
04:46:01 - INF - post - ('Ejecutando servicio de Login',)
04:49:09 - INF - get - ('Ejecutando servicio de Listar Usuario',)
04:49:10 - INF - get - ('Ejecutando servicio de Listar Usuario',)
04:49:47 - INF - post - ('Ejecutando servicio de Login',)
04:49:52 - INF - post - ('Ejecutando servicio de Login',)
04:52:19 - INF - post - ('Ejecutando servicio de Login',)
04:53:44 - INF - post - ('Ejecutando servicio de Login',)
04:54:43 - INF - get - ('Ejecutando servicio de Listar Usuario',)
04:54:44 - INF - get - ('Ejecutando servicio de Listar Usuario',)
04:59:49 - INF - post - ('Ejecutando servicio de Login',)
05:00:45 - INF - post - ('Ejecutando servicio de Login',)
05:02:06 - INF - post - ('Ejecutando servicio de Login',)
05:05:56 - INF - post - ('Ejecutando servicio de Login',)
04:30:16 - INF - post - ('Ejecutando servicio de Login',)
04:34:07 - INF - post - ('Ejecutando servicio de Login',)
04:48:35 - INF - post - ('Ejecutando servicio de Login',)
04:56:44 - INF - post - ('Ejecutando servicio de Login',)
05:05:25 - INF - post - ('Ejecutando servicio de Login',)
05:06:00 - INF - <module> - ('Servicio Finalizado',)
05:06:02 - INF - <module> - ('Servicio Finalizado',)
04:31:29 - INF - <module> - ('Servicio Iniciado',)
04:31:46 - INF - <module> - ('Servicio Iniciado',)
04:32:20 - INF - post - ('Ejecutando servicio de Login',)
04:32:37 - INF - get - ('Ejecutando servicio de Listar Usuario',)
04:32:38 - INF - get - ('Ejecutando servicio de Listar Usuario',)
04:32:41 - INF - get - ('Ejecutando servicio de Listar Usuario',)
04:32:45 - INF - get - ('Ejecutando servicio de Listar Usuario',)
04:35:26 - INF - get - ('Ejecutando servicio de Listar Usuario',)
04:35:26 - INF - get - ('Ejecutando servicio de Listar Usuario',)
04:35:35 - INF - get - ('Ejecutando servicio de Listar Usuario',)
04:35:36 - INF - get - ('Ejecutando servicio de Listar Usuario',)
04:36:22 - INF - get - ('Ejecutando servicio de Listar Usuario',)
04:36:22 - INF - get - ('Ejecutando servicio de Listar Usuario',)
04:36:27 - INF - get - ('Ejecutando servicio de Listar Usuario',)
04:36:27 - INF - get - ('Ejecutando servicio de Listar Usuario',)
04:38:37 - INF - get - ('Ejecutando servicio de Listar Usuario',)
04:38:38 - INF - get - ('Ejecutando servicio de Listar Usuario',)
04:40:13 - INF - get - ('Ejecutando servicio de Listar Usuario',)
04:40:13 - INF - get - ('Ejecutando servicio de Listar Usuario',)
04:44:05 - INF - get - ('Ejecutando servicio de Listar Usuario',)
04:44:17 - INF - get - ('Ejecutando servicio de Listar Usuario',)
04:44:37 - INF - get - ('Ejecutando servicio de Listar Usuario',)
04:45:29 - INF - get - ('Ejecutando servicio de Listar Usuario',)
04:45:38 - INF - get - ('Ejecutando servicio de Listar Usuario',)
04:46:18 - INF - get - ('Ejecutando servicio de Listar Usuario',)
04:46:37 - INF - get - ('Ejecutando servicio de Listar Usuario',)
04:46:55 - INF - get - ('Ejecutando servicio de Listar Usuario',)
04:47:01 - INF - get - ('Ejecutando servicio de Listar Usuario',)
04:47:01 - INF - get - ('Ejecutando servicio de Listar Usuario',)
04:47:17 - INF - get - ('Ejecutando servicio de Listar Usuario',)
04:47:17 - INF - get - ('Ejecutando servicio de Listar Usuario',)
04:49:15 - INF - get - ('Ejecutando servicio de Listar Usuario',)
04:49:15 - INF - get - ('Ejecutando servicio de Listar Usuario',)
04:49:58 - INF - get - ('Ejecutando servicio de Listar Usuario',)
04:49:58 - INF - get - ('Ejecutando servicio de Listar Usuario',)
04:55:05 - INF - get - ('Ejecutando servicio de Listar Usuario',)
04:55:05 - INF - get - ('Ejecutando servicio de Listar Usuario',)
04:56:30 - INF - get - ('Ejecutando servicio de Listar Usuario',)
04:56:30 - INF - get - ('Ejecutando servicio de Listar Usuario',)
04:57:07 - INF - get - ('Ejecutando servicio de Listar Usuario',)
04:57:07 - INF - get - ('Ejecutando servicio de Listar Usuario',)
04:58:38 - INF - get - ('Ejecutando servicio de Listar Usuario',)
04:58:38 - INF - get - ('Ejecutando servicio de Listar Usuario',)
04:59:32 - INF - get - ('Ejecutando servicio de Listar Usuario',)
04:59:32 - INF - get - ('Ejecutando servicio de Listar Usuario',)
05:00:05 - INF - get - ('Ejecutando servicio de Listar Usuario',)
05:00:05 - INF - get - ('Ejecutando servicio de Listar Usuario',)
05:00:42 - INF - get - ('Ejecutando servicio de Listar Usuario',)
05:01:17 - INF - get - ('Ejecutando servicio de Listar Usuario',)
05:01:17 - INF - get - ('Ejecutando servicio de Listar Usuario',)
05:01:41 - INF - get - ('Ejecutando servicio de Listar Usuario',)
05:01:46 - INF - post - ('Ejecutando servicio de Login',)
05:01:50 - INF - post - ('Ejecutando servicio de Registro',)
05:02:17 - INF - get - ('Ejecutando servicio de Listar Usuario',)
05:02:23 - INF - get - ('Ejecutando servicio de Listar Usuario',)
05:03:48 - INF - post - ('Ejecutando servicio de Registro',)
05:04:20 - INF - get - ('Ejecutando servicio de Listar Usuario',)
05:10:34 - INF - get - ('Ejecutando servicio de Listar Usuario',)
05:11:37 - INF - get - ('Ejecutando servicio de Listar Usuario',)
05:11:47 - INF - get - ('Ejecutando servicio de Listar Usuario',)
05:12:06 - INF - get - ('Ejecutando servicio de Listar Usuario',)
05:12:06 - INF - get - ('Ejecutando servicio de Listar Usuario',)
05:12:43 - INF - get - ('Ejecutando servicio de Listar Usuario',)
05:12:43 - INF - get - ('Ejecutando servicio de Listar Usuario',)
05:13:40 - INF - get - ('Ejecutando servicio de Listar Usuario',)
05:13:40 - INF - get - ('Ejecutando servicio de Listar Usuario',)
05:13:55 - INF - get - ('Ejecutando servicio de Listar Usuario',)
05:13:55 - INF - get - ('Ejecutando servicio de Listar Usuario',)
05:14:57 - INF - get - ('Ejecutando servicio de Listar Usuario',)
05:14:57 - INF - get - ('Ejecutando servicio de Listar Usuario',)
05:15:16 - INF - get - ('Ejecutando servicio de Listar Usuario',)
05:15:16 - INF - get - ('Ejecutando servicio de Listar Usuario',)
05:17:32 - INF - get - ('Ejecutando servicio de Listar Usuario',)
05:18:58 - INF - get - ('Ejecutando servicio de Listar Usuario',)
05:19:12 - INF - get - ('Ejecutando servicio de Listar Usuario',)
05:23:32 - INF - get - ('Ejecutando servicio de Listar Usuario',)
05:23:58 - INF - get - ('Ejecutando servicio de Listar Usuario',)
04:24:30 - INF - get - ('Ejecutando servicio de Listar Usuario',)
04:25:05 - INF - get - ('Ejecutando servicio de Listar Usuario',)
04:26:16 - INF - get - ('Ejecutando servicio de Listar Usuario',)
04:26:26 - INF - get - ('Ejecutando servicio de Listar Usuario',)
04:26:31 - INF - get - ('Ejecutando servicio de Listar Usuario',)
04:28:32 - INF - get - ('Ejecutando servicio de Listar Usuario',)
04:28:32 - INF - get - ('Ejecutando servicio de Listar Usuario',)
04:29:02 - INF - get - ('Ejecutando servicio de Listar Usuario',)
04:35:38 - INF - get - ('Ejecutando servicio de Listar Usuario',)
04:35:38 - INF - get - ('Ejecutando servicio de Listar Usuario',)
04:37:54 - INF - get - ('Ejecutando servicio de Listar Usuario',)
04:37:54 - INF - get - ('Ejecutando servicio de Listar Usuario',)
04:40:22 - INF - get - ('Ejecutando servicio de Listar Usuario',)
04:40:28 - INF - get - ('Ejecutando servicio de Listar Usuario',)
04:41:44 - INF - get - ('Ejecutando servicio de Listar Usuario',)
04:41:44 - INF - get - ('Ejecutando servicio de Listar Usuario',)
04:42:28 - INF - get - ('Ejecutando servicio de Listar Usuario',)
04:42:28 - INF - get - ('Ejecutando servicio de Listar Usuario',)
04:42:36 - INF - get - ('Ejecutando servicio de Listar Usuario',)
04:48:06 - INF - get - ('Ejecutando servicio de Listar Usuario',)
04:48:06 - INF - get - ('Ejecutando servicio de Listar Usuario',)
04:48:45 - INF - get - ('Ejecutando servicio de Listar Usuario',)
04:48:45 - INF - get - ('Ejecutando servicio de Listar Usuario',)
04:49:15 - INF - get - ('Ejecutando servicio de Listar Usuario',)
04:49:15 - INF - get - ('Ejecutando servicio de Listar Usuario',)
04:49:52 - INF - get - ('Ejecutando servicio de Listar Usuario',)
04:49:52 - INF - get - ('Ejecutando servicio de Listar Usuario',)
04:50:04 - INF - get - ('Ejecutando servicio de Listar Usuario',)
04:50:04 - INF - get - ('Ejecutando servicio de Listar Usuario',)
04:50:17 - INF - get - ('Ejecutando servicio de Listar Usuario',)
04:50:17 - INF - get - ('Ejecutando servicio de Listar Usuario',)
04:50:31 - INF - get - ('Ejecutando servicio de Listar Usuario',)
04:50:31 - INF - get - ('Ejecutando servicio de Listar Usuario',)
04:50:38 - INF - get - ('Ejecutando servicio de Listar Usuario',)
04:50:38 - INF - get - ('Ejecutando servicio de Listar Usuario',)
04:50:54 - INF - get - ('Ejecutando servicio de Listar Usuario',)
04:50:54 - INF - get - ('Ejecutando servicio de Listar Usuario',)
04:51:43 - INF - get - ('Ejecutando servicio de Listar Usuario',)
04:51:43 - INF - get - ('Ejecutando servicio de Listar Usuario',)
04:52:17 - INF - get - ('Ejecutando servicio de Listar Usuario',)
04:52:17 - INF - get - ('Ejecutando servicio de Listar Usuario',)
04:52:49 - INF - get - ('Ejecutando servicio de Listar Usuario',)
04:52:49 - INF - get - ('Ejecutando servicio de Listar Usuario',)
04:53:21 - INF - get - ('Ejecutando servicio de Listar Usuario',)
04:53:21 - INF - get - ('Ejecutando servicio de Listar Usuario',)
04:56:03 - INF - get - ('Ejecutando servicio de Listar Usuario',)
04:57:42 - INF - get - ('Ejecutando servicio de Listar Usuario',)
04:57:42 - INF - get - ('Ejecutando servicio de Listar Usuario',)
05:02:27 - INF - get - ('Ejecutando servicio de Listar Usuario',)
05:02:27 - INF - get - ('Ejecutando servicio de Listar Usuario',)
05:02:59 - INF - get - ('Ejecutando servicio de Listar Usuario',)
05:02:59 - INF - get - ('Ejecutando servicio de Listar Usuario',)
05:03:31 - INF - get - ('Ejecutando servicio de Listar Usuario',)
05:03:31 - INF - get - ('Ejecutando servicio de Listar Usuario',)
05:03:44 - INF - get - ('Ejecutando servicio de Listar Usuario',)
05:03:44 - INF - get - ('Ejecutando servicio de Listar Usuario',)
05:04:17 - INF - get - ('Ejecutando servicio de Listar Usuario',)
05:06:07 - INF - get - ('Ejecutando servicio de Listar Usuario',)
05:06:07 - INF - get - ('Ejecutando servicio de Listar Usuario',)
05:08:22 - INF - get - ('Ejecutando servicio de Listar Usuario',)
05:08:22 - INF - get - ('Ejecutando servicio de Listar Usuario',)
05:10:03 - INF - get - ('Ejecutando servicio de Listar Usuario',)
05:10:13 - INF - get - ('Ejecutando servicio de Listar Usuario',)
05:10:16 - INF - get - ('Ejecutando servicio de Listar Usuario',)
05:10:19 - INF - get - ('Ejecutando servicio de Listar Usuario',)
05:12:48 - INF - get - ('Ejecutando servicio de Listar Usuario',)
05:12:48 - INF - get - ('Ejecutando servicio de Listar Usuario',)
05:16:07 - INF - get - ('Ejecutando servicio de Listar Usuario',)
05:16:07 - INF - get - ('Ejecutando servicio de Listar Usuario',)
05:17:34 - INF - get - ('Ejecutando servicio de Listar Usuario',)
05:17:34 - INF - get - ('Ejecutando servicio de Listar Usuario',)
05:18:38 - INF - get - ('Ejecutando servicio de Listar Usuario',)
05:18:38 - INF - get - ('Ejecutando servicio de Listar Usuario',)
05:19:22 - INF - get - ('Ejecutando servicio de Listar Usuario',)
05:19:22 - INF - get - ('Ejecutando servicio de Listar Usuario',)
05:19:39 - INF - get - ('Ejecutando servicio de Listar Usuario',)
05:19:39 - INF - get - ('Ejecutando servicio de Listar Usuario',)
05:19:59 - INF - get - ('Ejecutando servicio de Listar Usuario',)
05:19:59 - INF - get - ('Ejecutando servicio de Listar Usuario',)
05:20:42 - INF - get - ('Ejecutando servicio de Listar Usuario',)
05:20:42 - INF - get - ('Ejecutando servicio de Listar Usuario',)
05:20:49 - INF - get - ('Ejecutando servicio de Listar Usuario',)
05:20:49 - INF - get - ('Ejecutando servicio de Listar Usuario',)
05:22:12 - INF - get - ('Ejecutando servicio de Listar Usuario',)
05:22:12 - INF - get - ('Ejecutando servicio de Listar Usuario',)
05:22:45 - INF - get - ('Ejecutando servicio de Listar Usuario',)
05:22:45 - INF - get - ('Ejecutando servicio de Listar Usuario',)
05:23:04 - INF - get - ('Ejecutando servicio de Listar Usuario',)
05:23:04 - INF - get - ('Ejecutando servicio de Listar Usuario',)
05:23:43 - INF - get - ('Ejecutando servicio de Listar Usuario',)
05:23:43 - INF - get - ('Ejecutando servicio de Listar Usuario',)
05:24:03 - INF - get - ('Ejecutando servicio de Listar Usuario',)
05:24:03 - INF - get - ('Ejecutando servicio de Listar Usuario',)
04:24:26 - INF - get - ('Ejecutando servicio de Listar Usuario',)
04:24:26 - INF - get - ('Ejecutando servicio de Listar Usuario',)
04:24:52 - INF - get - ('Ejecutando servicio de Listar Usuario',)
04:24:52 - INF - get - ('Ejecutando servicio de Listar Usuario',)
04:26:01 - INF - get - ('Ejecutando servicio de Listar Usuario',)
04:29:45 - INF - get - ('Ejecutando servicio de Listar Usuario',)
04:29:45 - INF - get - ('Ejecutando servicio de Listar Usuario',)
04:30:40 - INF - get - ('Ejecutando servicio de Listar Usuario',)
04:30:56 - INF - get - ('Ejecutando servicio de Listar Usuario',)
04:31:32 - INF - get - ('Ejecutando servicio de Listar Usuario',)
04:31:52 - INF - get - ('Ejecutando servicio de Listar Usuario',)
04:32:14 - INF - get - ('Ejecutando servicio de Listar Usuario',)
04:33:13 - INF - get - ('Ejecutando servicio de Listar Usuario',)
04:33:13 - INF - get - ('Ejecutando servicio de Listar Usuario',)
04:33:44 - INF - get - ('Ejecutando servicio de Listar Usuario',)
04:33:44 - INF - get - ('Ejecutando servicio de Listar Usuario',)
04:34:30 - INF - get - ('Ejecutando servicio de Listar Usuario',)
04:34:30 - INF - get - ('Ejecutando servicio de Listar Usuario',)
04:34:54 - INF - get - ('Ejecutando servicio de Listar Usuario',)
04:34:54 - INF - get - ('Ejecutando servicio de Listar Usuario',)
04:35:21 - INF - get - ('Ejecutando servicio de Listar Usuario',)
04:35:21 - INF - get - ('Ejecutando servicio de Listar Usuario',)
04:36:02 - INF - get - ('Ejecutando servicio de Listar Usuario',)
04:36:02 - INF - get - ('Ejecutando servicio de Listar Usuario',)
04:36:13 - INF - get - ('Ejecutando servicio de Listar Usuario',)
04:36:26 - INF - get - ('Ejecutando servicio de Listar Usuario',)
04:36:27 - INF - get - ('Ejecutando servicio de Listar Usuario',)
04:48:44 - INF - get - ('Ejecutando servicio de Listar Usuario',)
04:49:04 - INF - post - ('Ejecutando servicio de Registro',)
04:50:55 - INF - <module> - ('Servicio Finalizado',)
04:51:00 - INF - <module> - ('Servicio Iniciado',)
04:51:08 - INF - post - ('Ejecutando servicio de Registro',)
05:11:22 - INF - post - ('Ejecutando servicio de Registro',)
04:32:03 - INF - post - ('Ejecutando servicio de Registro',)
04:32:52 - INF - post - ('Ejecutando servicio de Login',)
04:34:50 - INF - <module> - ('Servicio Finalizado',)
04:39:59 - INF - <module> - ('Servicio Iniciado',)
04:40:08 - INF - <module> - ('Servicio Iniciado',)
04:40:13 - INF - get - ('Ejecutando servicio de Listar Usuario',)
04:40:14 - INF - get - ('Ejecutando servicio de Listar Usuario',)
04:41:03 - INF - get - ('Ejecutando servicio de Listar Usuario',)
04:41:09 - INF - get - ('Ejecutando servicio de Listar Usuario',)
04:41:13 - INF - get - ('Ejecutando servicio de Listar Usuario',)
04:42:57 - INF - post - ('Ejecutando servicio de Registro',)
04:43:22 - INF - post - ('Ejecutando servicio de Login',)
20:53:27 - INF - get - ('Ejecutando servicio de Listar Usuario',)
20:53:27 - INF - get - ('Ejecutando servicio de Listar Usuario',)
20:54:00 - INF - get - ('Ejecutando servicio de Listar Usuario',)
20:54:07 - INF - post - ('Ejecutando servicio de Registro',)
21:01:47 - INF - get - ('Ejecutando servicio de Listar Usuario',)
21:01:48 - INF - get - ('Ejecutando servicio de Listar Usuario',)
21:01:53 - INF - get - ('Ejecutando servicio de Listar Usuario',)
21:01:54 - INF - get - ('Ejecutando servicio de Listar Usuario',)
21:02:19 - INF - get - ('Ejecutando servicio de Listar Usuario',)
21:02:20 - INF - get - ('Ejecutando servicio de Listar Usuario',)
21:02:24 - INF - get - ('Ejecutando servicio de Listar Usuario',)
21:02:25 - INF - get - ('Ejecutando servicio de Listar Usuario',)
21:02:52 - INF - get - ('Ejecutando servicio de Listar Usuario',)
21:03:00 - INF - post - ('Ejecutando servicio de Registro',)
21:05:45 - INF - get - ('Ejecutando servicio de Listar Usuario',)
21:05:49 - INF - get - ('Ejecutando servicio de Listar Usuario',)
21:05:56 - INF - get - ('Ejecutando servicio de Listar Usuario',)
21:06:01 - INF - get - ('Ejecutando servicio de Listar Usuario',)
21:06:06 - INF - get - ('Ejecutando servicio de Listar Usuario',)
21:06:14 - INF - get - ('Ejecutando servicio de Listar Usuario',)
21:06:19 - INF - get - ('Ejecutando servicio de Listar Usuario',)
21:06:57 - INF - get - ('Ejecutando servicio de Listar Usuario',)
21:07:17 - INF - post - ('Ejecutando servicio de Login',)
21:07:29 - INF - post - ('Ejecutando servicio de Login',)
21:07:32 - INF - post - ('Ejecutando servicio de Login',)
21:07:32 - INF - post - ('Ejecutando servicio de Login',)
21:07:32 - INF - post - ('Ejecutando servicio de Login',)
21:07:40 - INF - post - ('Ejecutando servicio de Login',)
21:07:42 - INF - post - ('Ejecutando servicio de Login',)
21:07:48 - INF - post - ('Ejecutando servicio de Login',)
21:23:51 - INF - post - ('Ejecutando servicio de Login',)
21:25:02 - INF - post - ('Ejecutando servicio de Login',)
21:29:09 - INF - post - ('Ejecutando servicio de Login',)
21:30:18 - INF - get - ('Ejecutando servicio de Listar Usuario',)
21:30:19 - INF - get - ('Ejecutando servicio de Listar Usuario',)
21:30:30 - INF - get - ('Ejecutando servicio de Listar Usuario',)
21:30:51 - INF - post - ('Ejecutando servicio de Login',)
21:46:17 - INF - post - ('Ejecutando servicio de Login',)
20:53:10 - INF - <module> - ('Servicio Finalizado',)
20:53:12 - INF - <module> - ('Servicio Finalizado',)
21:16:47 - INF - <module> - ('Servicio Iniciado',)
21:16:53 - INF - <module> - ('Servicio Iniciado',)
21:17:21 - INF - post - ('Ejecutando servicio de Login',)
21:23:45 - INF - post - ('Ejecutando servicio de Login',)
21:30:59 - INF - <module> - ('Servicio Finalizado',)
21:31:03 - INF - <module> - ('Servicio Iniciado',)
21:32:50 - INF - get - ('Ejecutando servicio de lista de amigos',)
21:32:56 - INF - get - ('Ejecutando servicio de lista de amigos',)
21:33:00 - INF - get - ('Ejecutando servicio de lista de amigos',)
21:33:03 - INF - get - ('Ejecutando servicio de lista de amigos',)
21:33:06 - INF - get - ('Ejecutando servicio de lista de amigos',)
21:37:47 - INF - <module> - ('Servicio Finalizado',)
21:37:53 - INF - <module> - ('Servicio Iniciado',)
21:41:50 - INF - <module> - ('Servicio Finalizado',)
21:41:54 - INF - <module> - ('Servicio Iniciado',)
21:43:38 - INF - <module> - ('Servicio Finalizado',)
21:43:46 - INF - <module> - ('Servicio Iniciado',)
21:44:16 - INF - get - ('Ejecutando servicio de Listar Usuario',)
21:48:39 - INF - <module> - ('Servicio Finalizado',)
21:48:46 - INF - <module> - ('Servicio Finalizado',)
20:50:56 - INF - <module> - ('Servicio Iniciado',)
20:51:00 - INF - <module> - ('Servicio Iniciado',)
20:51:20 - INF - get - ('Ejecutando servicio de Listar Usuario',)
20:52:59 - INF - get - ('Ejecutando servicio de Listar Usuario',)
20:53:39 - INF - <module> - ('Servicio Finalizado',)
20:53:43 - INF - <module> - ('Servicio Iniciado',)
20:53:52 - INF - get - ('Ejecutando servicio de Listar Usuario',)
20:57:34 - INF - <module> - ('Servicio Finalizado',)
20:57:35 - INF - <module> - ('Servicio Finalizado',)
20:57:51 - INF - <module> - ('Servicio Iniciado',)
20:57:53 - INF - <module> - ('Servicio Iniciado',)
20:57:56 - INF - get - ('Ejecutando servicio de Listar Usuario',)
20:59:14 - INF - <module> - ('Servicio Finalizado',)
20:59:17 - INF - <module> - ('Servicio Iniciado',)
20:59:23 - INF - get - ('Ejecutando servicio de Listar Usuario',)
21:00:26 - INF - <module> - ('Servicio Finalizado',)
21:00:28 - INF - <module> - ('Servicio Iniciado',)
21:00:37 - INF - get - ('Ejecutando servicio de Listar Usuario',)
21:00:47 - INF - <module> - ('Servicio Finalizado',)
21:00:47 - INF - <module> - ('Servicio Finalizado',)
21:07:49 - INF - <module> - ('Servicio Iniciado',)
21:07:53 - INF - <module> - ('Servicio Iniciado',)
21:07:53 - INF - get - ('Ejecutando servicio de Listar Usuario',)
21:08:13 - INF - get - ('Ejecutando servicio de Listar Usuario',)
21:10:33 - INF - get - ('Ejecutando servicio de Listar Usuario',)
21:10:57 - INF - <module> - ('Servicio Finalizado',)
21:11:03 - INF - <module> - ('Servicio Iniciado',)
21:11:04 - INF - get - ('Ejecutando servicio de Listar Usuario',)
21:11:25 - INF - <module> - ('Servicio Finalizado',)
21:11:32 - INF - <module> - ('Servicio Iniciado',)
21:11:41 - INF - <module> - ('Servicio Finalizado',)
21:11:47 - INF - <module> - ('Servicio Iniciado',)
21:12:08 - INF - get - ('Ejecutando servicio de Listar Usuario',)
21:12:20 - INF - <module> - ('Servicio Finalizado',)
21:12:33 - INF - <module> - ('Servicio Iniciado',)
21:12:33 - INF - get - ('Ejecutando servicio de Listar Usuario',)
21:12:46 - INF - <module> - ('Servicio Finalizado',)
21:12:54 - INF - <module> - ('Servicio Iniciado',)
21:12:54 - INF - get - ('Ejecutando servicio de Listar Usuario',)
21:13:11 - INF - <module> - ('Servicio Finalizado',)
21:13:15 - INF - <module> - ('Servicio Iniciado',)
21:13:28 - INF - <module> - ('Servicio Finalizado',)
21:13:31 - INF - <module> - ('Servicio Iniciado',)
21:13:44 - INF - get - ('Ejecutando servicio de Listar Usuario',)
21:14:22 - INF - <module> - ('Servicio Finalizado',)
21:14:29 - INF - <module> - ('Servicio Iniciado',)
21:14:41 - INF - get - ('Ejecutando servicio de Listar Usuario',)
21:14:47 - INF - get - ('Ejecutando servicio de Listar Usuario',)
21:15:03 - INF - <module> - ('Servicio Finalizado',)
21:15:09 - INF - <module> - ('Servicio Iniciado',)
21:15:13 - INF - get - ('Ejecutando servicio de Listar Usuario',)
21:19:31 - INF - <module> - ('Servicio Finalizado',)
21:19:38 - INF - <module> - ('Servicio Iniciado',)
21:19:39 - INF - get - ('Ejecutando servicio de Listar Usuario',)
21:20:12 - INF - <module> - ('Servicio Finalizado',)
21:20:44 - INF - <module> - ('Servicio Iniciado',)
21:20:45 - INF - get - ('Ejecutando servicio de Listar Usuario',)
21:23:18 - INF - post - ('Ejecutando servicio de Login',)
21:29:45 - INF - <module> - ('Servicio Finalizado',)
21:29:54 - INF - <module> - ('Servicio Iniciado',)
21:29:54 - INF - get - ('Ejecutando servicio de Listar Usuario',)
21:30:20 - INF - <module> - ('Servicio Finalizado',)
21:30:24 - INF - <module> - ('Servicio Iniciado',)
21:30:39 - INF - <module> - ('Servicio Finalizado',)
21:30:46 - INF - <module> - ('Servicio Iniciado',)
21:30:46 - INF - get - ('Ejecutando servicio de Listar Usuario',)
21:31:35 - INF - <module> - ('Servicio Finalizado',)
21:31:40 - INF - <module> - ('Servicio Iniciado',)
21:31:40 - INF - get - ('Ejecutando servicio de Listar Usuario',)
21:32:04 - INF - <module> - ('Servicio Finalizado',)
21:32:09 - INF - <module> - ('Servicio Iniciado',)
21:32:10 - INF - get - ('Ejecutando servicio de Listar Usuario',)
21:33:39 - INF - <module> - ('Servicio Finalizado',)
21:33:47 - INF - <module> - ('Servicio Iniciado',)
21:00:29 - INF - get - ('Ejecutando servicio de Listar Usuario',)
21:00:30 - INF - get - ('Ejecutando servicio de Listar Usuario',)
21:15:27 - INF - get - ('Ejecutando servicio de Listar Usuario',)
21:15:34 - INF - get - ('Ejecutando servicio de Listar Usuario',)
21:16:32 - INF - get - ('Ejecutando servicio de Listar Usuario',)
21:16:57 - INF - <module> - ('Servicio Finalizado',)
21:16:59 - INF - <module> - ('Servicio Finalizado',)
21:20:04 - INF - <module> - ('Servicio Iniciado',)
21:20:04 - INF - <module> - ('Servicio Iniciado',)
21:20:05 - INF - <module> - ('Servicio Finalizado',)
21:20:06 - INF - <module> - ('Servicio Finalizado',)
21:20:11 - INF - <module> - ('Servicio Iniciado',)
21:20:13 - INF - <module> - ('Servicio Iniciado',)
21:20:21 - INF - get - ('Ejecutando servicio de Listar Usuario',)
21:21:05 - INF - <module> - ('Servicio Finalizado',)
21:21:08 - INF - <module> - ('Servicio Iniciado',)
21:21:12 - INF - get - ('Ejecutando servicio de Listar Usuario',)
21:21:26 - INF - <module> - ('Servicio Finalizado',)
21:21:33 - INF - <module> - ('Servicio Iniciado',)
21:21:37 - INF - get - ('Ejecutando servicio de Listar Usuario',)
21:26:21 - INF - get - ('Ejecutando servicio de Listar Usuario',)
21:26:28 - INF - get - ('Ejecutando servicio de Listar Usuario',)
21:26:28 - INF - get - ('Ejecutando servicio de Listar Usuario',)
21:26:29 - INF - get - ('Ejecutando servicio de Listar Usuario',)
21:26:56 - INF - get - ('Ejecutando servicio de Listar Usuario',)
21:26:56 - INF - get - ('Ejecutando servicio de Listar Usuario',)
21:26:59 - INF - get - ('Ejecutando servicio de Listar Usuario',)
21:27:01 - INF - get - ('Ejecutando servicio de Listar Usuario',)
21:27:02 - INF - get - ('Ejecutando servicio de Listar Usuario',)
21:27:02 - INF - get - ('Ejecutando servicio de Listar Usuario',)
21:27:42 - INF - post - ('Ejecutando servicio de Login',)
21:27:56 - INF - get - ('Ejecutando servicio de Listar Usuario',)
21:27:56 - INF - get - ('Ejecutando servicio de Listar Usuario',)
21:29:26 - INF - get - ('Ejecutando servicio de Listar Usuario',)
20:48:53 - INF - get - ('Ejecutando servicio de Listar Usuario',)
20:53:43 - INF - get - ('Ejecutando servicio de Listar Usuario',)
20:53:51 - INF - get - ('Ejecutando servicio de Listar Usuario',)
20:54:27 - INF - get - ('Ejecutando servicio de Listar Usuario',)
20:55:53 - INF - get - ('Ejecutando servicio de Listar Usuario',)
20:56:40 - INF - get - ('Ejecutando servicio de Listar Usuario',)
21:29:26 - INF - post - ('Ejecutando servicio de Login',)
21:29:42 - INF - get - ('Ejecutando servicio de Listar Usuario',)
21:29:42 - INF - get - ('Ejecutando servicio de Listar Usuario',)
21:42:20 - INF - get - ('Ejecutando servicio de Listar Usuario',)
20:49:56 - INF - get - ('Ejecutando servicio de Listar Usuario',)
20:49:57 - INF - get - ('Ejecutando servicio de Listar Usuario',)
20:58:43 - INF - post - ('Ejecutando servicio de Login',)
20:58:47 - INF - get - ('Ejecutando servicio de Listar Usuario',)
20:58:47 - INF - get - ('Ejecutando servicio de Listar Usuario',)
20:59:09 - INF - get - ('Ejecutando servicio de Listar Usuario',)
20:59:09 - INF - get - ('Ejecutando servicio de Listar Usuario',)
20:59:40 - INF - get - ('Ejecutando servicio de Listar Usuario',)
20:59:40 - INF - get - ('Ejecutando servicio de Listar Usuario',)
20:59:49 - INF - post - ('Ejecutando servicio de Login',)
20:59:51 - INF - get - ('Ejecutando servicio de Listar Usuario',)
20:59:51 - INF - get - ('Ejecutando servicio de Listar Usuario',)
20:59:53 - INF - get - ('Ejecutando servicio de Listar Usuario',)
20:59:53 - INF - get - ('Ejecutando servicio de Listar Usuario',)
21:01:18 - INF - get - ('Ejecutando servicio de Listar Usuario',)
21:01:48 - INF - get - ('Ejecutando servicio de Listar Usuario',)
21:01:48 - INF - get - ('Ejecutando servicio de Listar Usuario',)
21:01:50 - INF - get - ('Ejecutando servicio de Listar Usuario',)
21:01:50 - INF - get - ('Ejecutando servicio de Listar Usuario',)
21:02:41 - INF - get - ('Ejecutando servicio de Listar Usuario',)
21:02:49 - INF - get - ('Ejecutando servicio de Listar Usuario',)
21:02:58 - INF - get - ('Ejecutando servicio de Listar Usuario',)
21:02:58 - INF - get - ('Ejecutando servicio de Listar Usuario',)
21:03:01 - INF - get - ('Ejecutando servicio de Listar Usuario',)
21:03:01 - INF - get - ('Ejecutando servicio de Listar Usuario',)
21:03:21 - INF - get - ('Ejecutando servicio de Listar Usuario',)
21:03:44 - INF - get - ('Ejecutando servicio de Listar Usuario',)
21:04:10 - INF - get - ('Ejecutando servicio de Listar Usuario',)
21:06:25 - INF - get - ('Ejecutando servicio de Listar Usuario',)
21:06:35 - INF - get - ('Ejecutando servicio de Listar Usuario',)
21:06:35 - INF - get - ('Ejecutando servicio de Listar Usuario',)
21:06:38 - INF - get - ('Ejecutando servicio de Listar Usuario',)
21:06:38 - INF - get - ('Ejecutando servicio de Listar Usuario',)
21:06:42 - INF - get - ('Ejecutando servicio de Listar Usuario',)
21:06:42 - INF - get - ('Ejecutando servicio de Listar Usuario',)
21:06:43 - INF - get - ('Ejecutando servicio de Listar Usuario',)
21:06:43 - INF - get - ('Ejecutando servicio de Listar Usuario',)
21:07:13 - INF - get - ('Ejecutando servicio de Listar Usuario',)
21:07:14 - INF - get - ('Ejecutando servicio de Listar Usuario',)
21:07:18 - INF - get - ('Ejecutando servicio de Listar Usuario',)
21:07:18 - INF - get - ('Ejecutando servicio de Listar Usuario',)
21:08:48 - INF - get - ('Ejecutando servicio de Listar Usuario',)
21:09:33 - INF - get - ('Ejecutando servicio de Listar Usuario',)
21:09:56 - INF - get - ('Ejecutando servicio de Listar Usuario',)
21:11:20 - INF - get - ('Ejecutando servicio de Listar Usuario',)
21:12:11 - INF - get - ('Ejecutando servicio de Listar Usuario',)
21:12:19 - INF - get - ('Ejecutando servicio de Listar Usuario',)
21:13:10 - INF - get - ('Ejecutando servicio de Listar Usuario',)
21:13:11 - INF - get - ('Ejecutando servicio de Listar Usuario',)
21:13:13 - INF - get - ('Ejecutando servicio de Listar Usuario',)
21:13:13 - INF - get - ('Ejecutando servicio de Listar Usuario',)
21:13:21 - INF - <module> - ('Servicio Finalizado',)
21:13:22 - INF - <module> - ('Servicio Finalizado',)
21:13:54 - INF - <module> - ('Servicio Iniciado',)
21:13:58 - INF - <module> - ('Servicio Iniciado',)
21:14:11 - INF - get - ('Ejecutando servicio de Listar Usuario',)
21:15:33 - INF - <module> - ('Servicio Finalizado',)
21:15:40 - INF - <module> - ('Servicio Iniciado',)
21:15:53 - INF - get - ('Ejecutando servicio de Listar Usuario',)
21:16:00 - INF - get - ('Ejecutando servicio de Listar Usuario',)
21:16:19 - INF - get - ('Ejecutando servicio de Listar Usuario',)
21:17:16 - INF - get - ('Ejecutando servicio de Listar Usuario',)
21:17:17 - INF - get - ('Ejecutando servicio de Listar Usuario',)
21:17:19 - INF - get - ('Ejecutando servicio de Listar Usuario',)
21:17:20 - INF - get - ('Ejecutando servicio de Listar Usuario',)
21:21:58 - INF - post - ('Ejecutando servicio de Registro',)
21:22:12 - INF - get - ('Ejecutando servicio de lista de amigos',)
21:22:19 - INF - get - ('Ejecutando servicio de lista de amigos',)
21:22:29 - INF - <module> - ('Servicio Finalizado',)
21:22:29 - INF - <module> - ('Servicio Finalizado',)
21:32:17 - INF - <module> - ('Servicio Iniciado',)
21:32:20 - INF - <module> - ('Servicio Iniciado',)
21:33:05 - INF - post - ('Ejecutando servicio de Login',)
21:33:45 - INF - post - ('Ejecutando servicio de Login',)
21:34:31 - INF - get - ('Ejecutando servicio de Listar Usuario',)
21:34:31 - INF - get - ('Ejecutando servicio de Listar Usuario',)
21:34:39 - INF - get - ('Ejecutando servicio de Listar Usuario',)
21:34:40 - INF - get - ('Ejecutando servicio de Listar Usuario',)
21:36:14 - INF - get - ('Ejecutando servicio de Listar Usuario',)
21:37:06 - INF - get - ('Ejecutando servicio de Listar Usuario',)
21:37:23 - INF - get - ('Ejecutando servicio de Listar Usuario',)
21:43:25 - INF - get - ('Ejecutando servicio de Listar Usuario',)
21:43:26 - INF - get - ('Ejecutando servicio de Listar Usuario',)
21:44:20 - INF - get - ('Ejecutando servicio de Listar Usuario',)
21:45:01 - INF - get - ('Ejecutando servicio de Listar Usuario',)
21:45:02 - INF - get - ('Ejecutando servicio de Listar Usuario',)
21:45:03 - INF - get - ('Ejecutando servicio de Listar Usuario',)
21:45:03 - INF - get - ('Ejecutando servicio de Listar Usuario',)
21:45:41 - INF - get - ('Ejecutando servicio de Listar Usuario',)
21:46:37 - INF - get - ('Ejecutando servicio de Listar Usuario',)
21:46:37 - INF - get - ('Ejecutando servicio de Listar Usuario',)
21:46:38 - INF - get - ('Ejecutando servicio de Listar Usuario',)
21:46:38 - INF - get - ('Ejecutando servicio de Listar Usuario',)
21:47:05 - INF - get - ('Ejecutando servicio de Listar Usuario',)
21:47:05 - INF - get - ('Ejecutando servicio de Listar Usuario',)
21:47:10 - INF - get - ('Ejecutando servicio de Listar Usuario',)
21:47:10 - INF - get - ('Ejecutando servicio de Listar Usuario',)
21:47:12 - INF - get - ('Ejecutando servicio de Listar Usuario',)
21:47:12 - INF - get - ('Ejecutando servicio de Listar Usuario',)
21:47:15 - INF - get - ('Ejecutando servicio de Listar Usuario',)
21:47:15 - INF - get - ('Ejecutando servicio de Listar Usuario',)
21:47:16 - INF - get - ('Ejecutando servicio de Listar Usuario',)
21:47:16 - INF - get - ('Ejecutando servicio de Listar Usuario',)
21:47:17 - INF - get - ('Ejecutando servicio de Listar Usuario',)
21:47:17 - INF - get - ('Ejecutando servicio de Listar Usuario',)
21:47:18 - INF - get - ('Ejecutando servicio de Listar Usuario',)
21:47:19 - INF - get - ('Ejecutando servicio de Listar Usuario',)
21:47:20 - INF - get - ('Ejecutando servicio de Listar Usuario',)
21:47:20 - INF - get - ('Ejecutando servicio de Listar Usuario',)
21:47:22 - INF - get - ('Ejecutando servicio de Listar Usuario',)
21:47:22 - INF - get - ('Ejecutando servicio de Listar Usuario',)
20:49:00 - INF - get - ('Ejecutando servicio de Listar Usuario',)
20:49:00 - INF - get - ('Ejecutando servicio de Listar Usuario',)
20:53:45 - INF - get - ('Ejecutando servicio de Listar Usuario',)
20:54:17 - INF - get - ('Ejecutando servicio de Listar Usuario',)
20:54:33 - INF - get - ('Ejecutando servicio de Listar Usuario',)
20:54:36 - INF - get - ('Ejecutando servicio de Listar Usuario',)
20:54:36 - INF - get - ('Ejecutando servicio de Listar Usuario',)
20:55:05 - INF - post - ('Ejecutando servicio de Login',)
20:55:09 - INF - get - ('Ejecutando servicio de Listar Usuario',)
20:55:09 - INF - get - ('Ejecutando servicio de Listar Usuario',)
20:55:12 - INF - get - ('Ejecutando servicio de Listar Usuario',)
20:55:12 - INF - get - ('Ejecutando servicio de Listar Usuario',)
20:55:45 - INF - get - ('Ejecutando servicio de Listar Usuario',)
20:55:46 - INF - get - ('Ejecutando servicio de Listar Usuario',)
20:55:54 - INF - get - ('Ejecutando servicio de Listar Usuario',)
20:55:54 - INF - get - ('Ejecutando servicio de Listar Usuario',)
20:55:57 - INF - get - ('Ejecutando servicio de Listar Usuario',)
20:55:58 - INF - get - ('Ejecutando servicio de Listar Usuario',)
20:56:32 - INF - get - ('Ejecutando servicio de Listar Usuario',)
20:56:33 - INF - get - ('Ejecutando servicio de Listar Usuario',)
21:10:18 - INF - post - ('Ejecutando servicio de Login',)
21:10:22 - INF - get - ('Ejecutando servicio de Listar Usuario',)
21:10:22 - INF - get - ('Ejecutando servicio de Listar Usuario',)
21:11:49 - INF - get - ('Ejecutando servicio de lista de amigos',)
21:11:54 - INF - get - ('Ejecutando servicio de lista de amigos',)
21:12:09 - INF - get - ('Ejecutando servicio de lista de amigos',)
21:12:12 - INF - get - ('Ejecutando servicio de lista de amigos',)
21:12:16 - INF - get - ('Ejecutando servicio de lista de amigos',)
21:12:23 - INF - get - ('Ejecutando servicio de lista de amigos',)
21:12:41 - INF - post - ('Ejecutando servicio de Login',)
21:12:43 - INF - get - ('Ejecutando servicio de Listar Usuario',)
21:12:43 - INF - get - ('Ejecutando servicio de Listar Usuario',)
21:12:45 - INF - post - ('Ejecutando servicio de Registro',)
21:13:08 - INF - get - ('Ejecutando servicio de lista de amigos',)
21:13:50 - INF - get - ('Ejecutando servicio de Listar Usuario',)
21:14:03 - INF - post - ('Ejecutando servicio de Registro',)
21:14:12 - INF - get - ('Ejecutando servicio de lista de amigos',)
21:24:51 - INF - post - ('Ejecutando servicio de Registro',)
21:25:01 - INF - get - ('Ejecutando servicio de lista de amigos',)
21:29:11 - INF - <module> - ('Servicio Finalizado',)
21:29:12 - INF - <module> - ('Servicio Finalizado',)
21:37:32 - INF - <module> - ('Servicio Iniciado',)
21:37:35 - INF - <module> - ('Servicio Iniciado',)
21:37:35 - INF - get - ('Ejecutando servicio de Listar Usuario',)
21:38:42 - INF - get - ('Ejecutando servicio de Listar Usuario',)
21:38:45 - INF - get - ('Ejecutando servicio de Listar Usuario',)
21:41:48 - INF - <module> - ('Servicio Finalizado',)
21:41:53 - INF - <module> - ('Servicio Iniciado',)
21:42:07 - INF - get - ('Ejecutando servicio de Listar Usuario',)
21:42:08 - INF - get - ('Ejecutando servicio de Listar Usuario',)
21:45:46 - INF - <module> - ('Servicio Finalizado',)
21:45:50 - INF - <module> - ('Servicio Iniciado',)
21:45:51 - INF - get - ('Ejecutando servicio de Listar Usuario',)
21:46:10 - INF - <module> - ('Servicio Finalizado',)
21:46:14 - INF - <module> - ('Servicio Iniciado',)
20:53:10 - INF - <module> - ('Servicio Finalizado',)
20:53:10 - INF - <module> - ('Servicio Finalizado',)
20:53:21 - INF - <module> - ('Servicio Iniciado',)
20:53:23 - INF - <module> - ('Servicio Iniciado',)
20:53:26 - INF - get - ('Ejecutando servicio de Listar Usuario',)
20:53:34 - INF - get - ('Ejecutando servicio de Listar Usuario',)
20:53:44 - INF - get - ('Ejecutando servicio de Listar Usuario',)
20:53:57 - INF - get - ('Ejecutando servicio de Listar Usuario',)
20:56:45 - INF - <module> - ('Servicio Finalizado',)
20:57:00 - INF - <module> - ('Servicio Finalizado',)
20:57:10 - INF - <module> - ('Servicio Iniciado',)
20:57:18 - INF - <module> - ('Servicio Iniciado',)
20:57:19 - INF - get - ('Ejecutando servicio de Listar Usuario',)
20:57:37 - INF - get - ('Ejecutando servicio de Listar Usuario',)
20:57:37 - INF - get - ('Ejecutando servicio de Listar Usuario',)
21:04:12 - INF - get - ('Ejecutando servicio de Listar Usuario',)
21:04:23 - INF - get - ('Ejecutando servicio de Listar Usuario',)
21:04:41 - INF - get - ('Ejecutando servicio de Listar Usuario',)
21:04:57 - INF - get - ('Ejecutando servicio de lista de amigos',)
21:05:07 - INF - post - ('Ejecutando servicio de Login',)
21:05:09 - INF - get - ('Ejecutando servicio de Listar Usuario',)
21:05:10 - INF - get - ('Ejecutando servicio de Listar Usuario',)
21:05:15 - INF - post - ('Ejecutando servicio de Registro',)
21:05:21 - INF - get - ('Ejecutando servicio de Listar Usuario',)
21:05:21 - INF - get - ('Ejecutando servicio de Listar Usuario',)
21:06:34 - INF - get - ('Ejecutando servicio de Listar Usuario',)
21:06:38 - INF - get - ('Ejecutando servicio de lista de amigos',)
21:07:17 - INF - get - ('Ejecutando servicio de Listar Usuario',)
21:12:55 - INF - get - ('Ejecutando servicio de Listar Usuario',)
21:12:56 - INF - get - ('Ejecutando servicio de Listar Usuario',)
21:13:13 - INF - post - ('Ejecutando servicio de Registro',)
21:13:13 - INF - get - ('Ejecutando servicio de Listar Usuario',)
21:15:11 - INF - get - ('Ejecutando servicio de Listar Usuario',)
21:15:11 - INF - get - ('Ejecutando servicio de Listar Usuario',)
21:20:54 - INF - get - ('Ejecutando servicio de Listar Usuario',)
21:22:06 - INF - get - ('Ejecutando servicio de Listar Usuario',)
21:22:06 - INF - get - ('Ejecutando servicio de Listar Usuario',)
21:22:26 - INF - post - ('Ejecutando servicio de Registro',)
21:22:26 - INF - get - ('Ejecutando servicio de Listar Usuario',)
21:22:57 - INF - get - ('Ejecutando servicio de Listar Usuario',)
21:23:22 - INF - get - ('Ejecutando servicio de Listar Usuario',)
21:23:31 - INF - get - ('Ejecutando servicio de Listar Usuario',)
21:23:31 - INF - get - ('Ejecutando servicio de Listar Usuario',)
21:23:34 - INF - post - ('Ejecutando servicio de Registro',)
21:24:04 - INF - get - ('Ejecutando servicio de Listar Usuario',)
21:24:39 - INF - post - ('Ejecutando servicio de Registro',)
21:24:39 - INF - get - ('Ejecutando servicio de Listar Usuario',)
21:25:33 - INF - get - ('Ejecutando servicio de Listar Usuario',)
21:25:50 - INF - get - ('Ejecutando servicio de Listar Usuario',)
21:26:05 - INF - post - ('Ejecutando servicio de Registro',)
21:27:49 - INF - get - ('Ejecutando servicio de Listar Usuario',)
21:31:01 - INF - post - ('Ejecutando servicio de Registro',)
21:31:02 - INF - get - ('Ejecutando servicio de Listar Usuario',)
21:31:35 - INF - get - ('Ejecutando servicio de Listar Usuario',)
21:31:35 - INF - get - ('Ejecutando servicio de Listar Usuario',)
21:31:39 - INF - get - ('Ejecutando servicio de Listar Usuario',)
21:31:39 - INF - get - ('Ejecutando servicio de Listar Usuario',)
21:32:30 - INF - post - ('Ejecutando servicio de Registro',)
21:32:31 - INF - get - ('Ejecutando servicio de Listar Usuario',)
21:32:35 - INF - get - ('Ejecutando servicio de Listar Usuario',)
21:32:35 - INF - get - ('Ejecutando servicio de Listar Usuario',)
21:33:15 - INF - get - ('Ejecutando servicio de Listar Usuario',)
21:37:27 - INF - <module> - ('Servicio Finalizado',)
21:37:32 - INF - <module> - ('Servicio Iniciado',)
21:37:40 - INF - get - ('Ejecutando servicio de Listar Usuario',)
21:37:40 - INF - get - ('Ejecutando servicio de Listar Usuario',)
21:37:58 - INF - <module> - ('Servicio Finalizado',)
21:38:01 - INF - <module> - ('Servicio Iniciado',)
21:38:52 - INF - post - ('Ejecutando servicio de Login',)
21:38:55 - INF - get - ('Ejecutando servicio de Listar Usuario',)
21:38:55 - INF - get - ('Ejecutando servicio de Listar Usuario',)
21:39:09 - INF - <module> - ('Servicio Finalizado',)
21:39:12 - INF - <module> - ('Servicio Iniciado',)
21:39:15 - INF - <module> - ('Servicio Finalizado',)
21:39:19 - INF - <module> - ('Servicio Iniciado',)
21:39:48 - INF - post - ('Ejecutando servicio de Login',)
21:39:50 - INF - get - ('Ejecutando servicio de Listar Usuario',)
21:39:50 - INF - get - ('Ejecutando servicio de Listar Usuario',)
21:39:58 - INF - <module> - ('Servicio Finalizado',)
21:40:02 - INF - <module> - ('Servicio Iniciado',)
21:40:36 - INF - post - ('Ejecutando servicio de Login',)
21:40:38 - INF - get - ('Ejecutando servicio de Listar Usuario',)
21:40:39 - INF - get - ('Ejecutando servicio de Listar Usuario',)
21:40:45 - INF - post - ('Ejecutando servicio de Registro',)
21:40:46 - INF - get - ('Ejecutando servicio de Listar Usuario',)
21:48:37 - INF - get - ('Ejecutando servicio de Listar Usuario',)
20:48:52 - INF - post - ('Ejecutando servicio de Login',)
20:48:54 - INF - post - ('Ejecutando servicio de Login',)
20:49:29 - INF - post - ('Ejecutando servicio de Login',)
20:49:31 - INF - get - ('Ejecutando servicio de Listar Usuario',)
20:49:31 - INF - get - ('Ejecutando servicio de Listar Usuario',)
20:49:51 - INF - get - ('Ejecutando servicio de Listar Usuario',)
20:49:51 - INF - get - ('Ejecutando servicio de Listar Usuario',)
20:50:00 - INF - post - ('Ejecutando servicio de Registro',)
20:50:00 - INF - get - ('Ejecutando servicio de Listar Usuario',)
20:50:36 - INF - post - ('Ejecutando servicio de Login',)
20:50:38 - INF - get - ('Ejecutando servicio de Listar Usuario',)
20:50:39 - INF - get - ('Ejecutando servicio de Listar Usuario',)
20:50:44 - INF - get - ('Ejecutando servicio de Listar Usuario',)
20:50:45 - INF - get - ('Ejecutando servicio de Listar Usuario',)
20:51:03 - INF - get - ('Ejecutando servicio de Listar Usuario',)
20:51:04 - INF - get - ('Ejecutando servicio de Listar Usuario',)
20:51:48 - INF - get - ('Ejecutando servicio de Listar Usuario',)
21:07:18 - INF - post - ('Ejecutando servicio de Login',)
21:07:22 - INF - get - ('Ejecutando servicio de Listar Usuario',)
21:07:23 - INF - get - ('Ejecutando servicio de Listar Usuario',)
21:07:30 - INF - post - ('Ejecutando servicio de Registro',)
21:07:36 - INF - post - ('Ejecutando servicio de Registro',)
21:08:33 - INF - post - ('Ejecutando servicio de Registro',)
21:11:05 - INF - get - ('Ejecutando servicio de Listar Usuario',)
21:11:05 - INF - get - ('Ejecutando servicio de Listar Usuario',)
21:11:22 - INF - post - ('Ejecutando servicio de Registro',)
21:11:25 - INF - get - ('Ejecutando servicio de Listar Usuario',)
21:11:25 - INF - get - ('Ejecutando servicio de Listar Usuario',)
21:11:28 - INF - get - ('Ejecutando servicio de Listar Usuario',)
21:11:28 - INF - get - ('Ejecutando servicio de Listar Usuario',)
21:11:34 - INF - post - ('Ejecutando servicio de Registro',)
21:11:36 - INF - get - ('Ejecutando servicio de Listar Usuario',)
21:11:36 - INF - get - ('Ejecutando servicio de Listar Usuario',)
21:11:39 - INF - get - ('Ejecutando servicio de Listar Usuario',)
21:11:39 - INF - get - ('Ejecutando servicio de Listar Usuario',)
21:11:43 - INF - post - ('Ejecutando servicio de Registro',)
21:11:46 - INF - get - ('Ejecutando servicio de Listar Usuario',)
21:11:46 - INF - get - ('Ejecutando servicio de Listar Usuario',)
21:11:48 - INF - get - ('Ejecutando servicio de Listar Usuario',)
21:11:48 - INF - get - ('Ejecutando servicio de Listar Usuario',)
21:12:23 - INF - post - ('Ejecutando servicio de Registro',)
21:12:25 - INF - post - ('Ejecutando servicio de Registro',)
21:12:29 - INF - post - ('Ejecutando servicio de Registro',)
21:12:31 - INF - get - ('Ejecutando servicio de Listar Usuario',)
21:13:12 - INF - get - ('Ejecutando servicio de Listar Usuario',)
21:13:31 - INF - get - ('Ejecutando servicio de Listar Usuario',)
21:13:31 - INF - get - ('Ejecutando servicio de Listar Usuario',)
21:13:32 - INF - get - ('Ejecutando servicio de Listar Usuario',)
21:13:33 - INF - get - ('Ejecutando servicio de Listar Usuario',)
21:13:38 - INF - get - ('Ejecutando servicio de Listar Usuario',)
21:13:38 - INF - get - ('Ejecutando servicio de Listar Usuario',)
21:14:05 - INF - get - ('Ejecutando servicio de Listar Usuario',)
21:14:08 - INF - get - ('Ejecutando servicio de Listar Usuario',)
21:14:08 - INF - get - ('Ejecutando servicio de Listar Usuario',)
21:15:21 - INF - get - ('Ejecutando servicio de Listar Usuario',)
21:15:22 - INF - get - ('Ejecutando servicio de Listar Usuario',)
21:15:25 - INF - get - ('Ejecutando servicio de Listar Usuario',)
21:15:25 - INF - get - ('Ejecutando servicio de Listar Usuario',)
21:15:27 - INF - get - ('Ejecutando servicio de Listar Usuario',)
21:15:27 - INF - get - ('Ejecutando servicio de Listar Usuario',)
21:20:01 - INF - get - ('Ejecutando servicio de lista de amigos',)
21:20:58 - INF - get - ('Ejecutando servicio de lista de amigos',)
21:21:03 - INF - get - ('Ejecutando servicio de lista de amigos',)
21:21:06 - INF - get - ('Ejecutando servicio de Listar Usuario',)
21:21:13 - INF - <module> - ('Servicio Finalizado',)
21:21:13 - INF - <module> - ('Servicio Finalizado',)
21:21:46 - INF - <module> - ('Servicio Iniciado',)
21:21:49 - INF - <module> - ('Servicio Iniciado',)
21:21:49 - INF - get - ('Ejecutando servicio de lista de amigos',)
21:32:15 - INF - get - ('Ejecutando servicio de lista de amigos',)
21:33:47 - INF - <module> - ('Servicio Finalizado',)
21:33:48 - INF - <module> - ('Servicio Finalizado',)
21:33:57 - INF - <module> - ('Servicio Iniciado',)
21:34:00 - INF - <module> - ('Servicio Iniciado',)
21:34:20 - INF - get - ('Ejecutando servicio de Listar Usuario',)
21:34:20 - INF - get - ('Ejecutando servicio de Listar Usuario',)
21:34:27 - INF - get - ('Ejecutando servicio de lista de amigos',)
21:34:27 - INF - get - ('Ejecutando servicio de lista de amigos',)
21:35:37 - INF - <module> - ('Servicio Finalizado',)
21:36:08 - INF - <module> - ('Servicio Iniciado',)
21:36:08 - INF - get - ('Ejecutando servicio de lista de amigos',)
21:36:09 - INF - get - ('Ejecutando servicio de lista de amigos',)
21:36:41 - INF - get - ('Ejecutando servicio de lista de amigos',)
21:03:47 - INF - get - ('Ejecutando servicio de Listar Usuario',)
21:03:48 - INF - get - ('Ejecutando servicio de Listar Usuario',)
21:04:01 - INF - get - ('Ejecutando servicio de lista de amigos',)
21:04:01 - INF - get - ('Ejecutando servicio de lista de amigos',)
21:14:04 - INF - get - ('Ejecutando servicio de Listar Usuario',)
21:14:05 - INF - get - ('Ejecutando servicio de Listar Usuario',)
21:14:20 - INF - get - ('Ejecutando servicio de lista de amigos',)
21:14:20 - INF - get - ('Ejecutando servicio de lista de amigos',)
21:14:30 - INF - get - ('Ejecutando servicio de Listar Usuario',)
21:14:30 - INF - get - ('Ejecutando servicio de Listar Usuario',)
21:14:31 - INF - get - ('Ejecutando servicio de Listar Usuario',)
21:14:32 - INF - get - ('Ejecutando servicio de Listar Usuario',)
21:14:34 - INF - get - ('Ejecutando servicio de lista de amigos',)
21:14:34 - INF - get - ('Ejecutando servicio de lista de amigos',)
21:14:40 - INF - get - ('Ejecutando servicio de Listar Usuario',)
21:14:40 - INF - get - ('Ejecutando servicio de Listar Usuario',)
21:19:30 - INF - <module> - ('Servicio Finalizado',)
21:19:34 - INF - <module> - ('Servicio Iniciado',)
21:25:41 - INF - <module> - ('Servicio Finalizado',)
21:25:46 - INF - <module> - ('Servicio Iniciado',)
21:28:55 - INF - <module> - ('Servicio Finalizado',)
21:28:58 - INF - <module> - ('Servicio Finalizado',)
21:47:47 - INF - <module> - ('Servicio Iniciado',)
21:47:50 - INF - <module> - ('Servicio Iniciado',)
21:47:56 - INF - post - ('Ejecutando servicio de Registro',)
20:49:30 - INF - <module> - ('Servicio Finalizado',)
20:49:31 - INF - <module> - ('Servicio Finalizado',)
20:49:36 - INF - <module> - ('Servicio Iniciado',)
20:49:39 - INF - <module> - ('Servicio Iniciado',)
20:49:40 - INF - post - ('Ejecutando servicio de Registro',)
20:53:41 - INF - <module> - ('Servicio Finalizado',)
20:53:47 - INF - <module> - ('Servicio Iniciado',)
20:54:15 - INF - <module> - ('Servicio Finalizado',)
20:54:15 - INF - <module> - ('Servicio Finalizado',)
20:57:12 - INF - <module> - ('Servicio Iniciado',)
20:57:15 - INF - <module> - ('Servicio Iniciado',)
20:57:36 - INF - post - ('Ejecutando servicio de Registro',)
20:58:29 - INF - <module> - ('Servicio Finalizado',)
20:58:31 - INF - <module> - ('Servicio Iniciado',)
20:58:35 - INF - post - ('Ejecutando servicio de Registro',)
20:58:36 - INF - post - ('Ejecutando servicio de Registro',)
20:58:36 - INF - post - ('Ejecutando servicio de Registro',)
20:58:37 - INF - post - ('Ejecutando servicio de Registro',)
20:58:37 - INF - post - ('Ejecutando servicio de Registro',)
21:00:55 - INF - <module> - ('Servicio Finalizado',)
21:00:56 - INF - <module> - ('Servicio Finalizado',)
21:01:03 - INF - <module> - ('Servicio Iniciado',)
21:01:06 - INF - <module> - ('Servicio Iniciado',)
21:01:07 - INF - post - ('Ejecutando servicio de Registro',)
21:14:21 - INF - <module> - ('Servicio Finalizado',)
21:14:25 - INF - <module> - ('Servicio Iniciado',)
21:14:33 - INF - get - ('Ejecutando servicio de Listar Usuario',)
21:14:46 - INF - get - ('Ejecutando servicio de lista de amigos',)
21:15:32 - INF - post - ('Ejecutando servicio de Login',)
21:15:36 - INF - get - ('Ejecutando servicio de lista de amigos',)
21:15:37 - INF - get - ('Ejecutando servicio de lista de amigos',)
21:15:55 - INF - get - ('Ejecutando servicio de Listar Usuario',)
21:16:04 - INF - <module> - ('Servicio Finalizado',)
21:16:05 - INF - <module> - ('Servicio Finalizado',)
21:21:46 - INF - <module> - ('Servicio Iniciado',)
21:21:51 - INF - <module> - ('Servicio Iniciado',)
21:22:23 - INF - post - ('Ejecutando servicio de Registro',)
21:22:46 - INF - get - ('Ejecutando servicio de lista de amigos',)
21:22:55 - INF - get - ('Ejecutando servicio de lista de amigos',)
21:23:37 - INF - get - ('Ejecutando servicio de lista de amigos',)
21:24:04 - INF - <module> - ('Servicio Finalizado',)
21:24:08 - INF - <module> - ('Servicio Iniciado',)
21:24:31 - INF - get - ('Ejecutando servicio de lista de amigos',)
21:24:41 - INF - <module> - ('Servicio Finalizado',)
21:24:41 - INF - <module> - ('Servicio Finalizado',)
21:24:48 - INF - <module> - ('Servicio Iniciado',)
21:24:50 - INF - <module> - ('Servicio Iniciado',)
21:24:53 - INF - get - ('Ejecutando servicio de lista de amigos',)
21:25:47 - INF - get - ('Ejecutando servicio de lista de amigos',)
21:25:50 - INF - get - ('Ejecutando servicio de lista de amigos',)
21:25:54 - INF - get - ('Ejecutando servicio de lista de amigos',)
21:25:57 - INF - get - ('Ejecutando servicio de lista de amigos',)
21:26:00 - INF - get - ('Ejecutando servicio de lista de amigos',)
21:26:02 - INF - get - ('Ejecutando servicio de lista de amigos',)
21:26:05 - INF - get - ('Ejecutando servicio de lista de amigos',)
21:26:15 - INF - get - ('Ejecutando servicio de lista de amigos',)
21:26:46 - INF - <module> - ('Servicio Finalizado',)
21:26:49 - INF - <module> - ('Servicio Iniciado',)
21:26:56 - INF - get - ('Ejecutando servicio de lista de amigos',)
21:27:08 - INF - get - ('Ejecutando servicio de lista de amigos',)
21:27:11 - INF - get - ('Ejecutando servicio de lista de amigos',)
21:28:33 - INF - <module> - ('Servicio Finalizado',)
21:28:34 - INF - <module> - ('Servicio Finalizado',)
21:29:21 - INF - <module> - ('Servicio Iniciado',)
21:29:24 - INF - <module> - ('Servicio Iniciado',)
21:29:45 - INF - get - ('Ejecutando servicio de lista de amigos',)
21:31:29 - INF - get - ('Ejecutando servicio de Listar Usuario',)
21:31:29 - INF - get - ('Ejecutando servicio de Listar Usuario',)
21:31:41 - INF - get - ('Ejecutando servicio de lista de amigos',)
21:31:41 - INF - get - ('Ejecutando servicio de lista de amigos',)
21:32:06 - INF - get - ('Ejecutando servicio de Listar Usuario',)
21:32:06 - INF - get - ('Ejecutando servicio de Listar Usuario',)
21:32:33 - INF - get - ('Ejecutando servicio de Listar Usuario',)
21:32:33 - INF - get - ('Ejecutando servicio de Listar Usuario',)
21:32:37 - INF - get - ('Ejecutando servicio de lista de amigos',)
21:32:37 - INF - get - ('Ejecutando servicio de lista de amigos',)
21:33:55 - INF - get - ('Ejecutando servicio de lista de amigos',)
21:33:56 - INF - get - ('Ejecutando servicio de lista de amigos',)
21:37:12 - INF - <module> - ('Servicio Finalizado',)
21:37:13 - INF - <module> - ('Servicio Finalizado',)
21:38:13 - INF - <module> - ('Servicio Iniciado',)
21:38:17 - INF - <module> - ('Servicio Iniciado',)
21:38:17 - INF - get - ('Ejecutando servicio de Listar Usuario',)
21:38:48 - INF - get - ('Ejecutando servicio de lista de amigos activos',)
21:39:45 - INF - get - ('Ejecutando servicio de lista de amigos',)
21:41:20 - INF - <module> - ('Servicio Finalizado',)
21:41:21 - INF - <module> - ('Servicio Finalizado',)
21:44:21 - INF - <module> - ('Servicio Iniciado',)
21:44:37 - INF - <module> - ('Servicio Iniciado',)
21:44:37 - INF - get - ('Ejecutando servicio de lista de amigos',)
21:44:50 - INF - get - ('Ejecutando servicio de lista de amigos activos',)
21:46:00 - INF - <module> - ('Servicio Finalizado',)
21:46:02 - INF - <module> - ('Servicio Finalizado',)
21:46:16 - INF - <module> - ('Servicio Iniciado',)
21:46:24 - INF - <module> - ('Servicio Iniciado',)
21:48:43 - INF - get - ('Ejecutando servicio de lista de amigos',)
21:48:48 - INF - get - ('Ejecutando servicio de lista de amigos activos',)
20:49:06 - INF - post - ('Ejecutando servicio de Login',)
20:49:09 - INF - get - ('Ejecutando servicio de Listar Usuario',)
20:49:09 - INF - get - ('Ejecutando servicio de Listar Usuario',)
20:49:14 - INF - get - ('Ejecutando servicio de lista de amigos',)
20:49:14 - INF - get - ('Ejecutando servicio de lista de amigos',)
20:51:43 - INF - get - ('Ejecutando servicio de lista de amigos',)
20:51:44 - INF - get - ('Ejecutando servicio de lista de amigos',)
20:51:47 - INF - get - ('Ejecutando servicio de lista de amigos activos',)
20:51:57 - INF - get - ('Ejecutando servicio de lista de amigos',)
20:52:02 - INF - get - ('Ejecutando servicio de lista de amigos activos',)
20:52:21 - INF - get - ('Ejecutando servicio de lista de amigos',)
20:52:27 - INF - get - ('Ejecutando servicio de lista de amigos activos',)
20:53:15 - INF - get - ('Ejecutando servicio de lista de amigos',)
20:55:01 - INF - <module> - ('Servicio Finalizado',)
20:55:02 - INF - <module> - ('Servicio Finalizado',)
20:55:12 - INF - <module> - ('Servicio Iniciado',)
20:55:22 - INF - <module> - ('Servicio Iniciado',)
20:55:23 - INF - get - ('Ejecutando servicio de lista de amigos',)
20:55:39 - INF - <module> - ('Servicio Finalizado',)
20:55:40 - INF - <module> - ('Servicio Finalizado',)
20:55:59 - INF - <module> - ('Servicio Iniciado',)
20:56:07 - INF - <module> - ('Servicio Iniciado',)
20:56:08 - INF - get - ('Ejecutando servicio de lista de amigos',)
20:56:15 - INF - get - ('Ejecutando servicio de lista de amigos activos',)
20:56:30 - INF - <module> - ('Servicio Finalizado',)
20:56:30 - INF - <module> - ('Servicio Finalizado',)
20:56:41 - INF - <module> - ('Servicio Iniciado',)
20:56:47 - INF - <module> - ('Servicio Iniciado',)
20:56:47 - INF - get - ('Ejecutando servicio de lista de amigos',)
20:56:52 - INF - get - ('Ejecutando servicio de lista de amigos activos',)
20:57:19 - INF - get - ('Ejecutando servicio de lista de amigos',)
20:58:29 - INF - <module> - ('Servicio Finalizado',)
20:58:30 - INF - <module> - ('Servicio Finalizado',)
20:58:57 - INF - <module> - ('Servicio Iniciado',)
20:59:03 - INF - <module> - ('Servicio Iniciado',)
20:59:04 - INF - get - ('Ejecutando servicio de lista de amigos activos',)
20:59:24 - INF - <module> - ('Servicio Finalizado',)
20:59:25 - INF - <module> - ('Servicio Finalizado',)
21:00:11 - INF - <module> - ('Servicio Iniciado',)
21:00:25 - INF - <module> - ('Servicio Iniciado',)
21:01:48 - INF - get - ('Ejecutando servicio de lista de amigos',)
21:02:12 - INF - get - ('Ejecutando servicio de lista de amigos activos',)
21:02:13 - INF - get - ('Ejecutando servicio de lista de amigos activos',)
21:04:37 - INF - get - ('Ejecutando servicio de lista de amigos activos',)
21:04:37 - INF - get - ('Ejecutando servicio de lista de amigos activos',)
21:06:15 - INF - get - ('Ejecutando servicio de lista de amigos activos',)
21:06:16 - INF - get - ('Ejecutando servicio de lista de amigos activos',)
21:06:16 - INF - get - ('Ejecutando servicio de lista de amigos activos',)
21:07:14 - INF - get - ('Ejecutando servicio de lista de amigos',)
21:08:18 - INF - get - ('Ejecutando servicio de lista de amigos activos',)
21:09:55 - INF - <module> - ('Servicio Finalizado',)
21:09:57 - INF - <module> - ('Servicio Finalizado',)
21:12:43 - INF - <module> - ('Servicio Iniciado',)
21:12:49 - INF - <module> - ('Servicio Iniciado',)
21:12:51 - INF - get - ('Ejecutando servicio de lista de amigos activos',)
21:13:41 - INF - get - ('Ejecutando servicio de lista de amigos activos',)
21:13:41 - INF - get - ('Ejecutando servicio de lista de amigos activos',)
21:13:44 - INF - get - ('Ejecutando servicio de lista de amigos activos',)
21:18:29 - INF - post - ('Ejecutando servicio de Login',)
21:18:33 - INF - get - ('Ejecutando servicio de lista de amigos activos',)
21:18:34 - INF - get - ('Ejecutando servicio de lista de amigos activos',)
21:18:48 - INF - post - ('Ejecutando servicio de Login',)
21:18:52 - INF - get - ('Ejecutando servicio de lista de amigos activos',)
21:18:52 - INF - get - ('Ejecutando servicio de lista de amigos activos',)
21:19:37 - INF - get - ('Ejecutando servicio de lista de amigos activos',)
21:20:21 - INF - get - ('Ejecutando servicio de lista de amigos activos',)
21:20:21 - INF - get - ('Ejecutando servicio de lista de amigos activos',)
21:21:05 - INF - get - ('Ejecutando servicio de lista de amigos activos',)
21:21:20 - INF - get - ('Ejecutando servicio de lista de amigos activos',)
21:22:01 - INF - get - ('Ejecutando servicio de lista de amigos activos',)
21:23:59 - INF - get - ('Ejecutando servicio de lista de amigos activos',)
21:24:16 - INF - get - ('Ejecutando servicio de lista de amigos activos',)
21:24:16 - INF - get - ('Ejecutando servicio de lista de amigos activos',)
21:25:31 - INF - get - ('Ejecutando servicio de lista de amigos activos',)
21:27:50 - INF - get - ('Ejecutando servicio de lista de amigos activos',)
21:33:34 - INF - get - ('Ejecutando servicio de lista de amigos activos',)
21:35:10 - INF - get - ('Ejecutando servicio de lista de amigos activos',)
21:35:53 - INF - <module> - ('Servicio Finalizado',)
21:35:53 - INF - <module> - ('Servicio Finalizado',)
21:36:04 - INF - <module> - ('Servicio Iniciado',)
21:36:08 - INF - <module> - ('Servicio Iniciado',)
21:36:17 - INF - get - ('Ejecutando servicio de lista de amigos activos',)
21:37:10 - INF - get - ('Ejecutando servicio de lista de amigos activos',)
21:37:22 - INF - get - ('Ejecutando servicio de lista de amigos activos',)
21:41:55 - INF - <module> - ('Servicio Finalizado',)
21:41:56 - INF - <module> - ('Servicio Finalizado',)
21:42:24 - INF - <module> - ('Servicio Iniciado',)
21:42:26 - INF - <module> - ('Servicio Iniciado',)
21:43:31 - INF - get - ('Ejecutando servicio de lista de amigos activos',)
21:43:32 - INF - get - ('Ejecutando servicio de lista de amigos activos',)
21:46:19 - INF - get - ('Ejecutando servicio de lista de amigos activos',)
21:46:20 - INF - get - ('Ejecutando servicio de lista de amigos activos',)
21:47:21 - INF - get - ('Ejecutando servicio de lista de amigos activos',)
21:47:50 - INF - get - ('Ejecutando servicio de lista de amigos activos',)
21:48:31 - INF - get - ('Ejecutando servicio de lista de amigos activos',)
21:48:32 - INF - get - ('Ejecutando servicio de lista de amigos activos',)
20:49:17 - INF - get - ('Ejecutando servicio de lista de amigos activos',)
20:50:57 - INF - get - ('Ejecutando servicio de lista de amigos activos',)
20:50:58 - INF - get - ('Ejecutando servicio de lista de amigos activos',)
20:51:04 - INF - get - ('Ejecutando servicio de lista de amigos activos',)
20:51:47 - INF - get - ('Ejecutando servicio de lista de amigos activos',)
20:52:14 - INF - get - ('Ejecutando servicio de lista de amigos activos',)
20:52:14 - INF - get - ('Ejecutando servicio de lista de amigos activos',)
20:52:37 - INF - <module> - ('Servicio Finalizado',)
20:52:41 - INF - <module> - ('Servicio Finalizado',)
20:53:10 - INF - <module> - ('Servicio Iniciado',)
20:53:18 - INF - <module> - ('Servicio Iniciado',)
20:54:07 - INF - get - ('Ejecutando servicio de lista de amigos activos',)
20:54:08 - INF - get - ('Ejecutando servicio de lista de amigos activos',)
20:55:32 - INF - get - ('Ejecutando servicio de lista de amigos activos',)
20:57:45 - INF - get - ('Ejecutando servicio de lista de amigos activos',)
21:03:52 - INF - get - ('Ejecutando servicio de lista de amigos activos',)
21:05:43 - INF - <module> - ('Servicio Finalizado',)
21:05:45 - INF - <module> - ('Servicio Finalizado',)
21:17:32 - INF - <module> - ('Servicio Iniciado',)
21:17:37 - INF - <module> - ('Servicio Iniciado',)
21:19:20 - INF - get - ('Ejecutando servicio de lista de amigos activos',)
21:19:40 - INF - get - ('Ejecutando servicio de lista de amigos activos',)
21:20:37 - INF - <module> - ('Servicio Finalizado',)
21:20:41 - INF - <module> - ('Servicio Iniciado',)
21:20:45 - INF - get - ('Ejecutando servicio de lista de amigos activos',)
21:21:07 - INF - <module> - ('Servicio Finalizado',)
21:21:11 - INF - <module> - ('Servicio Iniciado',)
21:28:25 - INF - <module> - ('Servicio Finalizado',)
21:28:25 - INF - <module> - ('Servicio Finalizado',)
21:36:40 - INF - <module> - ('Servicio Iniciado',)
21:36:42 - INF - <module> - ('Servicio Iniciado',)
21:37:27 - INF - put - ('Ejecutando servicio de lista de amigos activos',)
21:37:47 - INF - put - ('Ejecutando servicio de lista de amigos activos',)
21:38:46 - INF - <module> - ('Servicio Finalizado',)
21:38:49 - INF - <module> - ('Servicio Iniciado',)
21:39:59 - INF - <module> - ('Servicio Finalizado',)
21:40:02 - INF - <module> - ('Servicio Iniciado',)
21:40:32 - INF - <module> - ('Servicio Finalizado',)
21:40:37 - INF - <module> - ('Servicio Iniciado',)
21:40:42 - INF - <module> - ('Servicio Finalizado',)
21:40:42 - INF - <module> - ('Servicio Finalizado',)
21:40:47 - INF - <module> - ('Servicio Iniciado',)
21:40:49 - INF - <module> - ('Servicio Iniciado',)
21:40:52 - INF - put - ('Ejecutando servicio de verificacion',)
21:41:51 - INF - put - ('Ejecutando servicio de verificacion',)
21:41:52 - INF - put - ('Ejecutando servicio de verificacion',)
21:44:38 - INF - <module> - ('Servicio Finalizado',)
21:44:38 - INF - <module> - ('Servicio Finalizado',)
21:44:56 - INF - <module> - ('Servicio Iniciado',)
21:45:00 - INF - <module> - ('Servicio Iniciado',)
21:45:27 - INF - get - ('Ejecutando servicio de verificacion',)
21:46:48 - INF - get - ('Ejecutando servicio de verificacion',)
21:47:00 - INF - get - ('Ejecutando servicio de lista de amigos activos',)
21:48:16 - INF - <module> - ('Servicio Finalizado',)
21:48:18 - INF - <module> - ('Servicio Iniciado',)
21:48:43 - INF - put - ('Ejecutando servicio de verificacion',)
20:49:37 - INF - <module> - ('Servicio Finalizado',)
20:49:37 - INF - <module> - ('Servicio Finalizado',)
20:50:40 - INF - <module> - ('Servicio Iniciado',)
20:50:42 - INF - <module> - ('Servicio Iniciado',)
20:50:47 - INF - put - ('Ejecutando servicio de lista de amigos activos',)
20:53:36 - INF - <module> - ('Servicio Finalizado',)
20:53:39 - INF - <module> - ('Servicio Iniciado',)
20:54:33 - INF - <module> - ('Servicio Finalizado',)
20:54:36 - INF - <module> - ('Servicio Iniciado',)
20:54:40 - INF - put - ('Ejecutando servicio de actualizacin de estado',)
20:54:42 - INF - put - ('Ejecutando servicio de actualizacin de estado',)
20:55:48 - INF - put - ('Ejecutando servicio de actualizacin de estado',)
20:57:53 - INF - put - ('Ejecutando servicio de actualizacin de estado',)
20:57:54 - INF - put - ('Ejecutando servicio de actualizacin de estado',)
20:57:57 - INF - put - ('Ejecutando servicio de actualizacin de estado',)
20:59:24 - INF - put - ('Ejecutando servicio de actualizacin de estado',)
20:59:29 - INF - put - ('Ejecutando servicio de actualizacin de estado',)
20:59:36 - INF - put - ('Ejecutando servicio de actualizacin de estado',)
20:59:39 - INF - put - ('Ejecutando servicio de actualizacin de estado',)
20:59:43 - INF - put - ('Ejecutando servicio de actualizacin de estado',)
21:17:53 - INF - <module> - ('Servicio Finalizado',)
21:17:56 - INF - <module> - ('Servicio Iniciado',)
21:20:11 - INF - <module> - ('Servicio Finalizado',)
21:20:13 - INF - <module> - ('Servicio Finalizado',)
