16:23:50 - INF - post - ('Ejecutando servicio de Login',)
16:24:09 - INF - post - ('Ejecutando servicio de Login',)
16:36:42 - INF - post - ('Ejecutando servicio de Login',)
17:08:36 - INF - post - ('Ejecutando servicio de Login',)
17:09:44 - INF - post - ('Ejecutando servicio de Login',)
17:11:57 - INF - post - ('Ejecutando servicio de Login',)
17:16:59 - INF - get - ('Ejecutando servicio de Listar Usuario',)
17:18:56 - INF - get - ('Ejecutando servicio de Listar Usuario',)
17:19:13 - INF - get - ('Ejecutando servicio de Listar Usuario',)
17:20:23 - INF - post - ('Ejecutando servicio de Login',)
17:24:14 - INF - <module> - ('Servicio Finalizado',)
17:24:16 - INF - <module> - ('Servicio Finalizado',)
17:26:45 - INF - <module> - ('Servicio Iniciado',)
17:26:48 - INF - <module> - ('Servicio Iniciado',)
17:27:13 - INF - post - ('Ejecutando servicio de Login',)
17:31:46 - INF - post - ('Ejecutando servicio de Login',)
17:31:52 - INF - post - ('Ejecutando servicio de Login',)
17:32:04 - INF - <module> - ('Servicio Finalizado',)
17:32:05 - INF - <module> - ('Servicio Finalizado',)
17:32:15 - INF - <module> - ('Servicio Iniciado',)
17:32:19 - INF - <module> - ('Servicio Iniciado',)
17:32:19 - INF - post - ('Ejecutando servicio de Login',)
17:32:31 - INF - post - ('Ejecutando servicio de Login',)
17:32:49 - INF - post - ('Ejecutando servicio de Login',)
17:33:23 - INF - post - ('Ejecutando servicio de Login',)
17:42:00 - INF - post - ('Ejecutando servicio de Login',)
17:42:36 - INF - post - ('Ejecutando servicio de Login',)
17:42:38 - INF - post - ('Ejecutando servicio de Login',)
17:42:39 - INF - post - ('Ejecutando servicio de Login',)
17:42:46 - INF - post - ('Ejecutando servicio de Login',)
17:42:47 - INF - post - ('Ejecutando servicio de Login',)
17:42:47 - INF - post - ('Ejecutando servicio de Login',)
17:42:47 - INF - post - ('Ejecutando servicio de Login',)
17:42:48 - INF - post - ('Ejecutando servicio de Login',)
17:42:58 - INF - post - ('Ejecutando servicio de Login',)
17:42:59 - INF - post - ('Ejecutando servicio de Login',)
17:42:59 - INF - post - ('Ejecutando servicio de Login',)
17:42:59 - INF - post - ('Ejecutando servicio de Login',)
17:42:59 - INF - post - ('Ejecutando servicio de Login',)
17:42:59 - INF - post - ('Ejecutando servicio de Login',)
17:43:23 - INF - post - ('Ejecutando servicio de Login',)
17:43:39 - INF - post - ('Ejecutando servicio de Login',)
17:44:21 - INF - post - ('Ejecutando servicio de Registro',)
17:44:29 - INF - post - ('Ejecutando servicio de Login',)
17:44:41 - INF - post - ('Ejecutando servicio de Login',)
17:44:47 - INF - post - ('Ejecutando servicio de Login',)
17:45:03 - INF - post - ('Ejecutando servicio de Login',)
17:45:03 - INF - post - ('Ejecutando servicio de Login',)
17:45:03 - INF - post - ('Ejecutando servicio de Login',)
17:45:40 - INF - post - ('Ejecutando servicio de Login',)
17:46:26 - INF - post - ('Ejecutando servicio de Login',)
17:46:38 - INF - <module> - ('Servicio Finalizado',)
17:46:41 - INF - <module> - ('Servicio Finalizado',)
17:49:06 - INF - <module> - ('Servicio Iniciado',)
17:49:10 - INF - <module> - ('Servicio Iniciado',)
17:49:20 - INF - post - ('Ejecutando servicio de Login',)
17:49:26 - INF - post - ('Ejecutando servicio de Login',)
17:58:59 - INF - post - ('Ejecutando servicio de Login',)
19:06:39 - INF - post - ('Ejecutando servicio de Login',)
19:19:57 - INF - put - ('Ejecutando servicio de Registro',)
19:22:40 - INF - put - ('Ejecutando servicio de Registro',)
19:55:26 - INF - post - ('Ejecutando servicio de Login',)
19:55:40 - INF - post - ('Ejecutando servicio de Login',)
20:04:39 - INF - <module> - ('Servicio Finalizado',)
20:04:42 - INF - <module> - ('Servicio Finalizado',)
20:08:41 - INF - <module> - ('Servicio Iniciado',)
20:08:44 - INF - <module> - ('Servicio Iniciado',)
20:09:09 - INF - get - ('Ejecutando servicio de Listar Usuario',)
20:09:20 - INF - get - ('Ejecutando servicio de Listar Usuario',)
20:09:24 - INF - get - ('Ejecutando servicio de Listar Usuario',)
20:09:27 - INF - get - ('Ejecutando servicio de Listar Usuario',)
20:09:42 - INF - put - ('Ejecutando servicio de Registro',)
20:10:48 - INF - put - ('Ejecutando servicio de Registro',)
20:46:01 - INF - post - ('Ejecutando servicio de Login',)
20:48:32 - INF - put - ('Ejecutando servicio de Registro',)
20:54:40 - INF - put - ('Ejecutando servicio de Registro',)
21:26:35 - INF - put - ('Ejecutando servicio de Registro',)
21:26:45 - INF - post - ('Ejecutando servicio de Login',)
22:42:52 - INF - put - ('Ejecutando servicio de Registro',)
22:43:26 - INF - post - ('Ejecutando servicio de Login',)
22:43:36 - INF - put - ('Ejecutando servicio de Registro',)
22:46:30 - INF - put - ('Ejecutando servicio de Registro',)
22:47:02 - INF - put - ('Ejecutando servicio de Registro',)
22:57:39 - INF - put - ('Ejecutando servicio de Registro',)
22:58:58 - INF - <module> - ('Servicio Finalizado',)
22:59:06 - INF - <module> - ('Servicio Iniciado',)
23:02:01 - INF - post - ('Ejecutando servicio de Login',)
23:02:12 - INF - post - ('Ejecutando servicio de Login',)
23:02:27 - INF - post - ('Ejecutando servicio de Login',)
23:02:38 - INF - post - ('Ejecutando servicio de Login',)
23:06:02 - INF - post - ('Ejecutando servicio de Login',)
23:06:37 - INF - post - ('Ejecutando servicio de Login',)
23:06:49 - INF - post - ('Ejecutando servicio de Login',)
23:07:05 - INF - put - ('Ejecutando servicio de Registro',)
23:07:09 - INF - post - ('Ejecutando servicio de Login',)
23:07:11 - INF - post - ('Ejecutando servicio de Login',)
23:07:21 - INF - post - ('Ejecutando servicio de Login',)
23:09:00 - INF - put - ('Ejecutando servicio de Registro',)
23:14:42 - INF - post - ('Ejecutando servicio de Login',)
23:26:08 - INF - post - ('Ejecutando servicio de Login',)
23:26:39 - INF - <module> - ('Servicio Finalizado',)
23:26:41 - INF - <module> - ('Servicio Finalizado',)
23:27:41 - INF - <module> - ('Servicio Iniciado',)
23:27:45 - INF - <module> - ('Servicio Iniciado',)
23:27:45 - INF - post - ('Ejecutando servicio de Login',)
23:28:13 - INF - <module> - ('Servicio Finalizado',)
23:28:14 - INF - <module> - ('Servicio Finalizado',)
23:28:19 - INF - <module> - ('Servicio Iniciado',)
23:28:23 - INF - <module> - ('Servicio Iniciado',)
23:28:23 - INF - post - ('Ejecutando servicio de Login',)
23:28:24 - INF - post - ('Ejecutando servicio de Login',)
23:28:34 - INF - post - ('Ejecutando servicio de Login',)
23:28:54 - INF - post - ('Ejecutando servicio de Login',)
23:29:28 - INF - post - ('Ejecutando servicio de Login',)
23:29:39 - INF - post - ('Ejecutando servicio de Login',)
23:29:50 - INF - post - ('Ejecutando servicio de Login',)
23:30:11 - INF - get - ('Ejecutando servicio de Listar Usuario',)
23:30:19 - INF - get - ('Ejecutando servicio de Listar Usuario',)
23:31:17 - INF - get - ('Ejecutando servicio de Listar Usuario',)
23:31:42 - INF - get - ('Ejecutando servicio de Listar Usuario',)
23:31:43 - INF - get - ('Ejecutando servicio de Listar Usuario',)
23:32:41 - INF - get - ('Ejecutando servicio de Listar Usuario',)
23:33:21 - INF - get - ('Ejecutando servicio de Listar Usuario',)
23:35:16 - INF - get - ('Ejecutando servicio de Listar Usuario',)
23:35:39 - INF - <module> - ('Servicio Finalizado',)
23:35:40 - INF - <module> - ('Servicio Finalizado',)
23:36:13 - INF - <module> - ('Servicio Iniciado',)
23:36:19 - INF - <module> - ('Servicio Iniciado',)
23:36:20 - INF - get - ('Ejecutando servicio de Listar Usuario',)
23:39:38 - INF - post - ('Ejecutando servicio de Login',)
23:40:18 - INF - post - ('Ejecutando servicio de Login',)
23:40:39 - INF - post - ('Ejecutando servicio de Login',)
23:42:02 - INF - get - ('Ejecutando servicio de Listar Usuario',)
23:42:17 - INF - post - ('Ejecutando servicio de Login',)
23:45:00 - INF - post - ('Ejecutando servicio de Login',)
23:59:04 - INF - <module> - ('Servicio Finalizado',)
23:59:17 - INF - <module> - ('Servicio Iniciado',)
